<?xml version="1.0" encoding="UTF-8"?>
<testng-results skipped="0" failed="5" total="1173" passed="1168">
  <reporter-output>
  </reporter-output>
  <suite name="Euro Widget Comparison" duration-ms="2330249" started-at="2017-04-20T18:31:40Z" finished-at="2017-04-20T19:10:30Z">
    <groups>
    </groups>
    <test name="CheckWidgetAppearance" duration-ms="2330249" started-at="2017-04-20T18:31:40Z" finished-at="2017-04-20T19:10:30Z">
      <class name="specs.euroApi.ImageComparison.CheckWidgetAppearance">
        <test-method status="PASS" signature="init()[pri:0, instance:specs.euroApi.ImageComparison.CheckWidgetAppearance@4157f54e]" name="init" is-config="true" duration-ms="10" started-at="2017-04-20T14:31:40Z" finished-at="2017-04-20T14:31:40Z">
          <reporter-output>
          </reporter-output>
        </test-method> <!-- init -->
        <test-method status="PASS" signature="setUp()[pri:0, instance:specs.euroApi.ImageComparison.CheckWidgetAppearance@4157f54e]" name="setUp" is-config="true" duration-ms="171" started-at="2017-04-20T14:31:40Z" depends-on-methods="specs.ApiAbstractSpec.init" finished-at="2017-04-20T14:31:40Z">
          <reporter-output>
          </reporter-output>
        </test-method> <!-- setUp -->
        <test-method status="PASS" signature="checkQ4WidNewAppearance(org.json.simple.JSONObject)[pri:0, instance:specs.euroApi.ImageComparison.CheckWidgetAppearance@4157f54e]" name="checkQ4WidNewAppearance" duration-ms="31316" started-at="2017-04-20T14:31:40Z" data-provider="getWidgetNewData" finished-at="2017-04-20T14:32:12Z">
          <params>
            <param index="0">
              <value>
                <![CDATA[{"URL Q4":"http:\/\/q4eurotestir.q4web.com\/Solutions\/4imprint\/2258\/news.aspx","URL EURO":"http:\/\/ir.euroinvestor.com\/Solutions\/4imprint\/2258\/news.aspx","Solution Folder":"4imprint"}]]>
              </value>
            </param>
          </params>
          <reporter-output>
          </reporter-output>
        </test-method> <!-- checkQ4WidNewAppearance -->
        <test-method status="PASS" signature="checkQ4WidNewAppearance(org.json.simple.JSONObject)[pri:0, instance:specs.euroApi.ImageComparison.CheckWidgetAppearance@4157f54e]" name="checkQ4WidNewAppearance" duration-ms="33782" started-at="2017-04-20T14:31:40Z" data-provider="getWidgetNewData" finished-at="2017-04-20T14:32:14Z">
          <params>
            <param index="0">
              <value>
                <![CDATA[{"URL Q4":"http:\/\/q4eurotestir.q4web.com\/Solutions\/Abivax\/2202\/chart.aspx","URL EURO":"http:\/\/ir.euroinvestor.com\/Solutions\/Abivax\/2202\/chart.aspx","Solution Folder":"Abivax"}]]>
              </value>
            </param>
          </params>
          <reporter-output>
          </reporter-output>
        </test-method> <!-- checkQ4WidNewAppearance -->
        <test-method status="PASS" signature="checkQ4WidNewAppearance(org.json.simple.JSONObject)[pri:0, instance:specs.euroApi.ImageComparison.CheckWidgetAppearance@4157f54e]" name="checkQ4WidNewAppearance" duration-ms="32159" started-at="2017-04-20T14:31:40Z" data-provider="getWidgetNewData" finished-at="2017-04-20T14:32:13Z">
          <params>
            <param index="0">
              <value>
                <![CDATA[{"URL Q4":"http:\/\/q4eurotestir.q4web.com\/Solutions\/4imprint\/2258\/newsArticle.aspx","URL EURO":"http:\/\/ir.euroinvestor.com\/Solutions\/4imprint\/2258\/newsArticle.aspx","Solution Folder":"4imprint"}]]>
              </value>
            </param>
          </params>
          <reporter-output>
          </reporter-output>
        </test-method> <!-- checkQ4WidNewAppearance -->
        <test-method status="PASS" signature="checkQ4WidNewAppearance(org.json.simple.JSONObject)[pri:0, instance:specs.euroApi.ImageComparison.CheckWidgetAppearance@4157f54e]" name="checkQ4WidNewAppearance" duration-ms="33781" started-at="2017-04-20T14:31:40Z" data-provider="getWidgetNewData" finished-at="2017-04-20T14:32:14Z">
          <params>
            <param index="0">
              <value>
                <![CDATA[{"URL Q4":"http:\/\/q4eurotestir.q4web.com\/Solutions\/4imprint\/2258\/chart.aspx","URL EURO":"http:\/\/ir.euroinvestor.com\/Solutions\/4imprint\/2258\/chart.aspx","Solution Folder":"4imprint"}]]>
              </value>
            </param>
          </params>
          <reporter-output>
          </reporter-output>
        </test-method> <!-- checkQ4WidNewAppearance -->
        <test-method status="PASS" signature="checkQ4WidNewAppearance(org.json.simple.JSONObject)[pri:0, instance:specs.euroApi.ImageComparison.CheckWidgetAppearance@4157f54e]" name="checkQ4WidNewAppearance" duration-ms="30557" started-at="2017-04-20T14:31:40Z" data-provider="getWidgetNewData" finished-at="2017-04-20T14:32:11Z">
          <params>
            <param index="0">
              <value>
                <![CDATA[{"URL Q4":"http:\/\/q4eurotestir.q4web.com\/Solutions\/AccrolPapers\/2500\/miniquote.aspx","URL EURO":"http:\/\/ir.euroinvestor.com\/Solutions\/AccrolPapers\/2500\/miniquote.aspx","Solution Folder":"AccrolPapers"}]]>
              </value>
            </param>
          </params>
          <reporter-output>
          </reporter-output>
        </test-method> <!-- checkQ4WidNewAppearance -->
        <test-method status="PASS" signature="checkQ4WidNewAppearance(org.json.simple.JSONObject)[pri:0, instance:specs.euroApi.ImageComparison.CheckWidgetAppearance@4157f54e]" name="checkQ4WidNewAppearance" duration-ms="32812" started-at="2017-04-20T14:31:40Z" data-provider="getWidgetNewData" finished-at="2017-04-20T14:32:13Z">
          <params>
            <param index="0">
              <value>
                <![CDATA[{"URL Q4":"http:\/\/q4eurotestir.q4web.com\/Solutions\/AccrolPapers\/2500\/profile.aspx","URL EURO":"http:\/\/ir.euroinvestor.com\/Solutions\/AccrolPapers\/2500\/profile.aspx","Solution Folder":"AccrolPapers"}]]>
              </value>
            </param>
          </params>
          <reporter-output>
          </reporter-output>
        </test-method> <!-- checkQ4WidNewAppearance -->
        <test-method status="PASS" signature="checkQ4WidNewAppearance(org.json.simple.JSONObject)[pri:0, instance:specs.euroApi.ImageComparison.CheckWidgetAppearance@4157f54e]" name="checkQ4WidNewAppearance" duration-ms="32814" started-at="2017-04-20T14:31:40Z" data-provider="getWidgetNewData" finished-at="2017-04-20T14:32:13Z">
          <params>
            <param index="0">
              <value>
                <![CDATA[{"URL Q4":"http:\/\/q4eurotestir.q4web.com\/Solutions\/AccrolPapers\/2500\/calc.aspx","URL EURO":"http:\/\/ir.euroinvestor.com\/Solutions\/AccrolPapers\/2500\/calc.aspx","Solution Folder":"AccrolPapers"}]]>
              </value>
            </param>
          </params>
          <reporter-output>
          </reporter-output>
        </test-method> <!-- checkQ4WidNewAppearance -->
        <test-method status="PASS" signature="checkQ4WidNewAppearance(org.json.simple.JSONObject)[pri:0, instance:specs.euroApi.ImageComparison.CheckWidgetAppearance@4157f54e]" name="checkQ4WidNewAppearance" duration-ms="40317" started-at="2017-04-20T14:31:40Z" data-provider="getWidgetNewData" finished-at="2017-04-20T14:32:21Z">
          <params>
            <param index="0">
              <value>
                <![CDATA[{"URL Q4":"http:\/\/q4eurotestir.q4web.com\/Solutions\/Abivax\/2202\/detailedSharePrice.aspx","URL EURO":"http:\/\/ir.euroinvestor.com\/Solutions\/Abivax\/2202\/detailedSharePrice.aspx","Solution Folder":"Abivax"}]]>
              </value>
            </param>
          </params>
          <reporter-output>
          </reporter-output>
        </test-method> <!-- checkQ4WidNewAppearance -->
        <test-method status="PASS" signature="checkQ4WidNewAppearance(org.json.simple.JSONObject)[pri:0, instance:specs.euroApi.ImageComparison.CheckWidgetAppearance@4157f54e]" name="checkQ4WidNewAppearance" duration-ms="33199" started-at="2017-04-20T14:31:40Z" data-provider="getWidgetNewData" finished-at="2017-04-20T14:32:14Z">
          <params>
            <param index="0">
              <value>
                <![CDATA[{"URL Q4":"http:\/\/q4eurotestir.q4web.com\/Solutions\/AccrolPapers\/2500\/lookup.aspx","URL EURO":"http:\/\/ir.euroinvestor.com\/Solutions\/AccrolPapers\/2500\/lookup.aspx","Solution Folder":"AccrolPapers"}]]>
              </value>
            </param>
          </params>
          <reporter-output>
          </reporter-output>
        </test-method> <!-- checkQ4WidNewAppearance -->
        <test-method status="PASS" signature="checkQ4WidNewAppearance(org.json.simple.JSONObject)[pri:0, instance:specs.euroApi.ImageComparison.CheckWidgetAppearance@4157f54e]" name="checkQ4WidNewAppearance" duration-ms="33297" started-at="2017-04-20T14:31:40Z" data-provider="getWidgetNewData" finished-at="2017-04-20T14:32:14Z">
          <params>
            <param index="0">
              <value>
                <![CDATA[{"URL Q4":"http:\/\/q4eurotestir.q4web.com\/Solutions\/AccrolPapers\/2500\/chart.aspx","URL EURO":"http:\/\/ir.euroinvestor.com\/Solutions\/AccrolPapers\/2500\/chart.aspx","Solution Folder":"AccrolPapers"}]]>
              </value>
            </param>
          </params>
          <reporter-output>
          </reporter-output>
        </test-method> <!-- checkQ4WidNewAppearance -->
        <test-method status="PASS" signature="checkQ4WidNewAppearance(org.json.simple.JSONObject)[pri:0, instance:specs.euroApi.ImageComparison.CheckWidgetAppearance@4157f54e]" name="checkQ4WidNewAppearance" duration-ms="33134" started-at="2017-04-20T14:31:40Z" data-provider="getWidgetNewData" finished-at="2017-04-20T14:32:14Z">
          <params>
            <param index="0">
              <value>
                <![CDATA[{"URL Q4":"http:\/\/q4eurotestir.q4web.com\/Solutions\/AccrolPapers\/2500\/news_bak.aspx","URL EURO":"http:\/\/ir.euroinvestor.com\/Solutions\/AccrolPapers\/2500\/news_bak.aspx","Solution Folder":"AccrolPapers"}]]>
              </value>
            </param>
          </params>
          <reporter-output>
          </reporter-output>
        </test-method> <!-- checkQ4WidNewAppearance -->
        <test-method status="PASS" signature="checkQ4WidNewAppearance(org.json.simple.JSONObject)[pri:0, instance:specs.euroApi.ImageComparison.CheckWidgetAppearance@4157f54e]" name="checkQ4WidNewAppearance" duration-ms="30344" started-at="2017-04-20T14:31:40Z" data-provider="getWidgetNewData" finished-at="2017-04-20T14:32:11Z">
          <params>
            <param index="0">
              <value>
                <![CDATA[{"URL Q4":"http:\/\/q4eurotestir.q4web.com\/Solutions\/AccrolPapers\/2500\/newsArticle.aspx","URL EURO":"http:\/\/ir.euroinvestor.com\/Solutions\/AccrolPapers\/2500\/newsArticle.aspx","Solution Folder":"AccrolPapers"}]]>
              </value>
            </param>
          </params>
          <reporter-output>
          </reporter-output>
        </test-method> <!-- checkQ4WidNewAppearance -->
        <test-method status="PASS" signature="checkQ4WidNewAppearance(org.json.simple.JSONObject)[pri:0, instance:specs.euroApi.ImageComparison.CheckWidgetAppearance@4157f54e]" name="checkQ4WidNewAppearance" duration-ms="32790" started-at="2017-04-20T14:31:40Z" data-provider="getWidgetNewData" finished-at="2017-04-20T14:32:13Z">
          <params>
            <param index="0">
              <value>
                <![CDATA[{"URL Q4":"http:\/\/q4eurotestir.q4web.com\/Solutions\/AccrolPapers\/2500\/newsAdmission.aspx","URL EURO":"http:\/\/ir.euroinvestor.com\/Solutions\/AccrolPapers\/2500\/newsAdmission.aspx","Solution Folder":"AccrolPapers"}]]>
              </value>
            </param>
          </params>
          <reporter-output>
          </reporter-output>
        </test-method> <!-- checkQ4WidNewAppearance -->
        <test-method status="PASS" signature="checkQ4WidNewAppearance(org.json.simple.JSONObject)[pri:0, instance:specs.euroApi.ImageComparison.CheckWidgetAppearance@4157f54e]" name="checkQ4WidNewAppearance" duration-ms="31045" started-at="2017-04-20T14:31:40Z" data-provider="getWidgetNewData" finished-at="2017-04-20T14:32:12Z">
          <params>
            <param index="0">
              <value>
                <![CDATA[{"URL Q4":"http:\/\/q4eurotestir.q4web.com\/Solutions\/Abivax\/2202\/miniquote.aspx","URL EURO":"http:\/\/ir.euroinvestor.com\/Solutions\/Abivax\/2202\/miniquote.aspx","Solution Folder":"Abivax"}]]>
              </value>
            </param>
          </params>
          <reporter-output>
          </reporter-output>
        </test-method> <!-- checkQ4WidNewAppearance -->
        <test-method status="PASS" signature="checkQ4WidNewAppearance(org.json.simple.JSONObject)[pri:0, instance:specs.euroApi.ImageComparison.CheckWidgetAppearance@4157f54e]" name="checkQ4WidNewAppearance" duration-ms="31152" started-at="2017-04-20T14:31:40Z" data-provider="getWidgetNewData" finished-at="2017-04-20T14:32:12Z">
          <params>
            <param index="0">
              <value>
                <![CDATA[{"URL Q4":"http:\/\/q4eurotestir.q4web.com\/Solutions\/AccrolPapers\/2500\/news.aspx","URL EURO":"http:\/\/ir.euroinvestor.com\/Solutions\/AccrolPapers\/2500\/news.aspx","Solution Folder":"AccrolPapers"}]]>
              </value>
            </param>
          </params>
          <reporter-output>
          </reporter-output>
        </test-method> <!-- checkQ4WidNewAppearance -->
        <test-method status="PASS" signature="checkQ4WidNewAppearance(org.json.simple.JSONObject)[pri:0, instance:specs.euroApi.ImageComparison.CheckWidgetAppearance@4157f54e]" name="checkQ4WidNewAppearance" duration-ms="37599" started-at="2017-04-20T14:32:12Z" data-provider="getWidgetNewData" finished-at="2017-04-20T14:32:49Z">
          <params>
            <param index="0">
              <value>
                <![CDATA[{"URL Q4":"http:\/\/q4eurotestir.q4web.com\/Solutions\/AccrolPapers\/2500\/sharePriceTools.aspx","URL EURO":"http:\/\/ir.euroinvestor.com\/Solutions\/AccrolPapers\/2500\/sharePriceTools.aspx","Solution Folder":"AccrolPapers"}]]>
              </value>
            </param>
          </params>
          <reporter-output>
          </reporter-output>
        </test-method> <!-- checkQ4WidNewAppearance -->
        <test-method status="PASS" signature="checkQ4WidNewAppearance(org.json.simple.JSONObject)[pri:0, instance:specs.euroApi.ImageComparison.CheckWidgetAppearance@4157f54e]" name="checkQ4WidNewAppearance" duration-ms="26646" started-at="2017-04-20T14:32:12Z" data-provider="getWidgetNewData" finished-at="2017-04-20T14:32:39Z">
          <params>
            <param index="0">
              <value>
                <![CDATA[{"URL Q4":"http:\/\/q4eurotestir.q4web.com\/Solutions\/AholaTransport\/2566\/calc.aspx","URL EURO":"http:\/\/ir.euroinvestor.com\/Solutions\/AholaTransport\/2566\/calc.aspx","Solution Folder":"AholaTransport"}]]>
              </value>
            </param>
          </params>
          <reporter-output>
          </reporter-output>
        </test-method> <!-- checkQ4WidNewAppearance -->
        <test-method status="PASS" signature="checkQ4WidNewAppearance(org.json.simple.JSONObject)[pri:0, instance:specs.euroApi.ImageComparison.CheckWidgetAppearance@4157f54e]" name="checkQ4WidNewAppearance" duration-ms="31982" started-at="2017-04-20T14:32:12Z" data-provider="getWidgetNewData" finished-at="2017-04-20T14:32:44Z">
          <params>
            <param index="0">
              <value>
                <![CDATA[{"URL Q4":"http:\/\/q4eurotestir.q4web.com\/Solutions\/AholaTransport\/2566\/chart.aspx","URL EURO":"http:\/\/ir.euroinvestor.com\/Solutions\/AholaTransport\/2566\/chart.aspx","Solution Folder":"AholaTransport"}]]>
              </value>
            </param>
          </params>
          <reporter-output>
          </reporter-output>
        </test-method> <!-- checkQ4WidNewAppearance -->
        <test-method status="PASS" signature="checkQ4WidNewAppearance(org.json.simple.JSONObject)[pri:0, instance:specs.euroApi.ImageComparison.CheckWidgetAppearance@4157f54e]" name="checkQ4WidNewAppearance" duration-ms="26347" started-at="2017-04-20T14:32:12Z" data-provider="getWidgetNewData" finished-at="2017-04-20T14:32:38Z">
          <params>
            <param index="0">
              <value>
                <![CDATA[{"URL Q4":"http:\/\/q4eurotestir.q4web.com\/Solutions\/AholaTransport\/2566\/chartMini.aspx","URL EURO":"http:\/\/ir.euroinvestor.com\/Solutions\/AholaTransport\/2566\/chartMini.aspx","Solution Folder":"AholaTransport"}]]>
              </value>
            </param>
          </params>
          <reporter-output>
          </reporter-output>
        </test-method> <!-- checkQ4WidNewAppearance -->
        <test-method status="PASS" signature="checkQ4WidNewAppearance(org.json.simple.JSONObject)[pri:0, instance:specs.euroApi.ImageComparison.CheckWidgetAppearance@4157f54e]" name="checkQ4WidNewAppearance" duration-ms="26431" started-at="2017-04-20T14:32:12Z" data-provider="getWidgetNewData" finished-at="2017-04-20T14:32:39Z">
          <params>
            <param index="0">
              <value>
                <![CDATA[{"URL Q4":"http:\/\/q4eurotestir.q4web.com\/Solutions\/AholaTransport\/2566\/lookup.aspx","URL EURO":"http:\/\/ir.euroinvestor.com\/Solutions\/AholaTransport\/2566\/lookup.aspx","Solution Folder":"AholaTransport"}]]>
              </value>
            </param>
          </params>
          <reporter-output>
          </reporter-output>
        </test-method> <!-- checkQ4WidNewAppearance -->
        <test-method status="PASS" signature="checkQ4WidNewAppearance(org.json.simple.JSONObject)[pri:0, instance:specs.euroApi.ImageComparison.CheckWidgetAppearance@4157f54e]" name="checkQ4WidNewAppearance" duration-ms="23932" started-at="2017-04-20T14:32:13Z" data-provider="getWidgetNewData" finished-at="2017-04-20T14:32:37Z">
          <params>
            <param index="0">
              <value>
                <![CDATA[{"URL Q4":"http:\/\/q4eurotestir.q4web.com\/Solutions\/AholaTransport\/2566\/miniquote.aspx","URL EURO":"http:\/\/ir.euroinvestor.com\/Solutions\/AholaTransport\/2566\/miniquote.aspx","Solution Folder":"AholaTransport"}]]>
              </value>
            </param>
          </params>
          <reporter-output>
          </reporter-output>
        </test-method> <!-- checkQ4WidNewAppearance -->
        <test-method status="PASS" signature="checkQ4WidNewAppearance(org.json.simple.JSONObject)[pri:0, instance:specs.euroApi.ImageComparison.CheckWidgetAppearance@4157f54e]" name="checkQ4WidNewAppearance" duration-ms="25256" started-at="2017-04-20T14:32:13Z" data-provider="getWidgetNewData" finished-at="2017-04-20T14:32:39Z">
          <params>
            <param index="0">
              <value>
                <![CDATA[{"URL Q4":"http:\/\/q4eurotestir.q4web.com\/Solutions\/AholaTransport\/2566\/miniquoteChart.aspx","URL EURO":"http:\/\/ir.euroinvestor.com\/Solutions\/AholaTransport\/2566\/miniquoteChart.aspx","Solution Folder":"AholaTransport"}]]>
              </value>
            </param>
          </params>
          <reporter-output>
          </reporter-output>
        </test-method> <!-- checkQ4WidNewAppearance -->
        <test-method status="PASS" signature="checkQ4WidNewAppearance(org.json.simple.JSONObject)[pri:0, instance:specs.euroApi.ImageComparison.CheckWidgetAppearance@4157f54e]" name="checkQ4WidNewAppearance" duration-ms="25881" started-at="2017-04-20T14:32:13Z" data-provider="getWidgetNewData" finished-at="2017-04-20T14:32:39Z">
          <params>
            <param index="0">
              <value>
                <![CDATA[{"URL Q4":"http:\/\/q4eurotestir.q4web.com\/Solutions\/AholaTransport\/2566\/performance.aspx","URL EURO":"http:\/\/ir.euroinvestor.com\/Solutions\/AholaTransport\/2566\/performance.aspx","Solution Folder":"AholaTransport"}]]>
              </value>
            </param>
          </params>
          <reporter-output>
          </reporter-output>
        </test-method> <!-- checkQ4WidNewAppearance -->
        <test-method status="PASS" signature="checkQ4WidNewAppearance(org.json.simple.JSONObject)[pri:0, instance:specs.euroApi.ImageComparison.CheckWidgetAppearance@4157f54e]" name="checkQ4WidNewAppearance" duration-ms="25419" started-at="2017-04-20T14:32:13Z" data-provider="getWidgetNewData" finished-at="2017-04-20T14:32:39Z">
          <params>
            <param index="0">
              <value>
                <![CDATA[{"URL Q4":"http:\/\/q4eurotestir.q4web.com\/Solutions\/AlmBrand\/1804\/calc.aspx","URL EURO":"http:\/\/ir.euroinvestor.com\/Solutions\/AlmBrand\/1804\/calc.aspx","Solution Folder":"AlmBrand"}]]>
              </value>
            </param>
          </params>
          <reporter-output>
          </reporter-output>
        </test-method> <!-- checkQ4WidNewAppearance -->
        <test-method status="PASS" signature="checkQ4WidNewAppearance(org.json.simple.JSONObject)[pri:0, instance:specs.euroApi.ImageComparison.CheckWidgetAppearance@4157f54e]" name="checkQ4WidNewAppearance" duration-ms="25475" started-at="2017-04-20T14:32:14Z" data-provider="getWidgetNewData" finished-at="2017-04-20T14:32:39Z">
          <params>
            <param index="0">
              <value>
                <![CDATA[{"URL Q4":"http:\/\/q4eurotestir.q4web.com\/Solutions\/AlmBrand\/1804\/calendar.aspx","URL EURO":"http:\/\/ir.euroinvestor.com\/Solutions\/AlmBrand\/1804\/calendar.aspx","Solution Folder":"AlmBrand"}]]>
              </value>
            </param>
          </params>
          <reporter-output>
          </reporter-output>
        </test-method> <!-- checkQ4WidNewAppearance -->
        <test-method status="PASS" signature="checkQ4WidNewAppearance(org.json.simple.JSONObject)[pri:0, instance:specs.euroApi.ImageComparison.CheckWidgetAppearance@4157f54e]" name="checkQ4WidNewAppearance" duration-ms="32372" started-at="2017-04-20T14:32:15Z" data-provider="getWidgetNewData" finished-at="2017-04-20T14:32:47Z">
          <params>
            <param index="0">
              <value>
                <![CDATA[{"URL Q4":"http:\/\/q4eurotestir.q4web.com\/Solutions\/AlmBrand\/1804\/calendarBackup2.aspx","URL EURO":"http:\/\/ir.euroinvestor.com\/Solutions\/AlmBrand\/1804\/calendarBackup2.aspx","Solution Folder":"AlmBrand"}]]>
              </value>
            </param>
          </params>
          <reporter-output>
          </reporter-output>
        </test-method> <!-- checkQ4WidNewAppearance -->
        <test-method status="PASS" signature="checkQ4WidNewAppearance(org.json.simple.JSONObject)[pri:0, instance:specs.euroApi.ImageComparison.CheckWidgetAppearance@4157f54e]" name="checkQ4WidNewAppearance" duration-ms="28545" started-at="2017-04-20T14:32:15Z" data-provider="getWidgetNewData" finished-at="2017-04-20T14:32:43Z">
          <params>
            <param index="0">
              <value>
                <![CDATA[{"URL Q4":"http:\/\/q4eurotestir.q4web.com\/Solutions\/AlmBrand\/1804\/calendarMedFilter.aspx","URL EURO":"http:\/\/ir.euroinvestor.com\/Solutions\/AlmBrand\/1804\/calendarMedFilter.aspx","Solution Folder":"AlmBrand"}]]>
              </value>
            </param>
          </params>
          <reporter-output>
          </reporter-output>
        </test-method> <!-- checkQ4WidNewAppearance -->
        <test-method status="PASS" signature="checkQ4WidNewAppearance(org.json.simple.JSONObject)[pri:0, instance:specs.euroApi.ImageComparison.CheckWidgetAppearance@4157f54e]" name="checkQ4WidNewAppearance" duration-ms="26450" started-at="2017-04-20T14:32:15Z" data-provider="getWidgetNewData" finished-at="2017-04-20T14:32:42Z">
          <params>
            <param index="0">
              <value>
                <![CDATA[{"URL Q4":"http:\/\/q4eurotestir.q4web.com\/Solutions\/AlmBrand\/1804\/calendarWidget.aspx","URL EURO":"http:\/\/ir.euroinvestor.com\/Solutions\/AlmBrand\/1804\/calendarWidget.aspx","Solution Folder":"AlmBrand"}]]>
              </value>
            </param>
          </params>
          <reporter-output>
          </reporter-output>
        </test-method> <!-- checkQ4WidNewAppearance -->
        <test-method status="PASS" signature="checkQ4WidNewAppearance(org.json.simple.JSONObject)[pri:0, instance:specs.euroApi.ImageComparison.CheckWidgetAppearance@4157f54e]" name="checkQ4WidNewAppearance" duration-ms="27138" started-at="2017-04-20T14:32:15Z" data-provider="getWidgetNewData" finished-at="2017-04-20T14:32:42Z">
          <params>
            <param index="0">
              <value>
                <![CDATA[{"URL Q4":"http:\/\/q4eurotestir.q4web.com\/Solutions\/AlmBrand\/1804\/calendar_backup.aspx","URL EURO":"http:\/\/ir.euroinvestor.com\/Solutions\/AlmBrand\/1804\/calendar_backup.aspx","Solution Folder":"AlmBrand"}]]>
              </value>
            </param>
          </params>
          <reporter-output>
          </reporter-output>
        </test-method> <!-- checkQ4WidNewAppearance -->
        <test-method status="PASS" signature="checkQ4WidNewAppearance(org.json.simple.JSONObject)[pri:0, instance:specs.euroApi.ImageComparison.CheckWidgetAppearance@4157f54e]" name="checkQ4WidNewAppearance" duration-ms="24717" started-at="2017-04-20T14:32:21Z" data-provider="getWidgetNewData" finished-at="2017-04-20T14:32:46Z">
          <params>
            <param index="0">
              <value>
                <![CDATA[{"URL Q4":"http:\/\/q4eurotestir.q4web.com\/Solutions\/AlmBrand\/1804\/calendar_Dummy.aspx","URL EURO":"http:\/\/ir.euroinvestor.com\/Solutions\/AlmBrand\/1804\/calendar_Dummy.aspx","Solution Folder":"AlmBrand"}]]>
              </value>
            </param>
          </params>
          <reporter-output>
          </reporter-output>
        </test-method> <!-- checkQ4WidNewAppearance -->
        <test-method status="PASS" signature="checkQ4WidNewAppearance(org.json.simple.JSONObject)[pri:0, instance:specs.euroApi.ImageComparison.CheckWidgetAppearance@4157f54e]" name="checkQ4WidNewAppearance" duration-ms="23872" started-at="2017-04-20T14:32:37Z" data-provider="getWidgetNewData" finished-at="2017-04-20T14:33:01Z">
          <params>
            <param index="0">
              <value>
                <![CDATA[{"URL Q4":"http:\/\/q4eurotestir.q4web.com\/Solutions\/AlmBrand\/1804\/calendar_jr.aspx","URL EURO":"http:\/\/ir.euroinvestor.com\/Solutions\/AlmBrand\/1804\/calendar_jr.aspx","Solution Folder":"AlmBrand"}]]>
              </value>
            </param>
          </params>
          <reporter-output>
          </reporter-output>
        </test-method> <!-- checkQ4WidNewAppearance -->
        <test-method status="PASS" signature="checkQ4WidNewAppearance(org.json.simple.JSONObject)[pri:0, instance:specs.euroApi.ImageComparison.CheckWidgetAppearance@4157f54e]" name="checkQ4WidNewAppearance" duration-ms="25248" started-at="2017-04-20T14:32:39Z" data-provider="getWidgetNewData" finished-at="2017-04-20T14:33:05Z">
          <params>
            <param index="0">
              <value>
                <![CDATA[{"URL Q4":"http:\/\/q4eurotestir.q4web.com\/Solutions\/AlmBrand\/1804\/chart.aspx","URL EURO":"http:\/\/ir.euroinvestor.com\/Solutions\/AlmBrand\/1804\/chart.aspx","Solution Folder":"AlmBrand"}]]>
              </value>
            </param>
          </params>
          <reporter-output>
          </reporter-output>
        </test-method> <!-- checkQ4WidNewAppearance -->
        <test-method status="PASS" signature="checkQ4WidNewAppearance(org.json.simple.JSONObject)[pri:0, instance:specs.euroApi.ImageComparison.CheckWidgetAppearance@4157f54e]" name="checkQ4WidNewAppearance" duration-ms="26372" started-at="2017-04-20T14:32:40Z" data-provider="getWidgetNewData" finished-at="2017-04-20T14:33:06Z">
          <params>
            <param index="0">
              <value>
                <![CDATA[{"URL Q4":"http:\/\/q4eurotestir.q4web.com\/Solutions\/AlmBrand\/1804\/chart_backupBeforeDividend.aspx","URL EURO":"http:\/\/ir.euroinvestor.com\/Solutions\/AlmBrand\/1804\/chart_backupBeforeDividend.aspx","Solution Folder":"AlmBrand"}]]>
              </value>
            </param>
          </params>
          <reporter-output>
          </reporter-output>
        </test-method> <!-- checkQ4WidNewAppearance -->
        <test-method status="PASS" signature="checkQ4WidNewAppearance(org.json.simple.JSONObject)[pri:0, instance:specs.euroApi.ImageComparison.CheckWidgetAppearance@4157f54e]" name="checkQ4WidNewAppearance" duration-ms="35891" started-at="2017-04-20T14:32:40Z" data-provider="getWidgetNewData" finished-at="2017-04-20T14:33:16Z">
          <params>
            <param index="0">
              <value>
                <![CDATA[{"URL Q4":"http:\/\/q4eurotestir.q4web.com\/Solutions\/AlmBrand\/1804\/detailedSharePrice.aspx","URL EURO":"http:\/\/ir.euroinvestor.com\/Solutions\/AlmBrand\/1804\/detailedSharePrice.aspx","Solution Folder":"AlmBrand"}]]>
              </value>
            </param>
          </params>
          <reporter-output>
          </reporter-output>
        </test-method> <!-- checkQ4WidNewAppearance -->
        <test-method status="PASS" signature="checkQ4WidNewAppearance(org.json.simple.JSONObject)[pri:0, instance:specs.euroApi.ImageComparison.CheckWidgetAppearance@4157f54e]" name="checkQ4WidNewAppearance" duration-ms="24990" started-at="2017-04-20T14:32:40Z" data-provider="getWidgetNewData" finished-at="2017-04-20T14:33:05Z">
          <params>
            <param index="0">
              <value>
                <![CDATA[{"URL Q4":"http:\/\/q4eurotestir.q4web.com\/Solutions\/AlmBrand\/1804\/downloadCentre.aspx","URL EURO":"http:\/\/ir.euroinvestor.com\/Solutions\/AlmBrand\/1804\/downloadCentre.aspx","Solution Folder":"AlmBrand"}]]>
              </value>
            </param>
          </params>
          <reporter-output>
          </reporter-output>
        </test-method> <!-- checkQ4WidNewAppearance -->
        <test-method status="PASS" signature="checkQ4WidNewAppearance(org.json.simple.JSONObject)[pri:0, instance:specs.euroApi.ImageComparison.CheckWidgetAppearance@4157f54e]" name="checkQ4WidNewAppearance" duration-ms="24717" started-at="2017-04-20T14:32:40Z" data-provider="getWidgetNewData" finished-at="2017-04-20T14:33:05Z">
          <params>
            <param index="0">
              <value>
                <![CDATA[{"URL Q4":"http:\/\/q4eurotestir.q4web.com\/Solutions\/AlmBrand\/1804\/downloadCentre_backup.aspx","URL EURO":"http:\/\/ir.euroinvestor.com\/Solutions\/AlmBrand\/1804\/downloadCentre_backup.aspx","Solution Folder":"AlmBrand"}]]>
              </value>
            </param>
          </params>
          <reporter-output>
          </reporter-output>
        </test-method> <!-- checkQ4WidNewAppearance -->
        <test-method status="PASS" signature="checkQ4WidNewAppearance(org.json.simple.JSONObject)[pri:0, instance:specs.euroApi.ImageComparison.CheckWidgetAppearance@4157f54e]" name="checkQ4WidNewAppearance" duration-ms="24356" started-at="2017-04-20T14:32:40Z" data-provider="getWidgetNewData" finished-at="2017-04-20T14:33:05Z">
          <params>
            <param index="0">
              <value>
                <![CDATA[{"URL Q4":"http:\/\/q4eurotestir.q4web.com\/Solutions\/AlmBrand\/1804\/emailAlerts.aspx","URL EURO":"http:\/\/ir.euroinvestor.com\/Solutions\/AlmBrand\/1804\/emailAlerts.aspx","Solution Folder":"AlmBrand"}]]>
              </value>
            </param>
          </params>
          <reporter-output>
          </reporter-output>
        </test-method> <!-- checkQ4WidNewAppearance -->
        <test-method status="PASS" signature="checkQ4WidNewAppearance(org.json.simple.JSONObject)[pri:0, instance:specs.euroApi.ImageComparison.CheckWidgetAppearance@4157f54e]" name="checkQ4WidNewAppearance" duration-ms="25110" started-at="2017-04-20T14:32:40Z" data-provider="getWidgetNewData" finished-at="2017-04-20T14:33:06Z">
          <params>
            <param index="0">
              <value>
                <![CDATA[{"URL Q4":"http:\/\/q4eurotestir.q4web.com\/Solutions\/AlmBrand\/1804\/lookup.aspx","URL EURO":"http:\/\/ir.euroinvestor.com\/Solutions\/AlmBrand\/1804\/lookup.aspx","Solution Folder":"AlmBrand"}]]>
              </value>
            </param>
          </params>
          <reporter-output>
          </reporter-output>
        </test-method> <!-- checkQ4WidNewAppearance -->
        <test-method status="PASS" signature="checkQ4WidNewAppearance(org.json.simple.JSONObject)[pri:0, instance:specs.euroApi.ImageComparison.CheckWidgetAppearance@4157f54e]" name="checkQ4WidNewAppearance" duration-ms="23413" started-at="2017-04-20T14:32:43Z" data-provider="getWidgetNewData" finished-at="2017-04-20T14:33:06Z">
          <params>
            <param index="0">
              <value>
                <![CDATA[{"URL Q4":"http:\/\/q4eurotestir.q4web.com\/Solutions\/AlmBrand\/1804\/miniquote.aspx","URL EURO":"http:\/\/ir.euroinvestor.com\/Solutions\/AlmBrand\/1804\/miniquote.aspx","Solution Folder":"AlmBrand"}]]>
              </value>
            </param>
          </params>
          <reporter-output>
          </reporter-output>
        </test-method> <!-- checkQ4WidNewAppearance -->
        <test-method status="PASS" signature="checkQ4WidNewAppearance(org.json.simple.JSONObject)[pri:0, instance:specs.euroApi.ImageComparison.CheckWidgetAppearance@4157f54e]" name="checkQ4WidNewAppearance" duration-ms="26947" started-at="2017-04-20T14:32:44Z" data-provider="getWidgetNewData" finished-at="2017-04-20T14:33:11Z">
          <params>
            <param index="0">
              <value>
                <![CDATA[{"URL Q4":"http:\/\/q4eurotestir.q4web.com\/Solutions\/AlmBrand\/1804\/news.aspx","URL EURO":"http:\/\/ir.euroinvestor.com\/Solutions\/AlmBrand\/1804\/news.aspx","Solution Folder":"AlmBrand"}]]>
              </value>
            </param>
          </params>
          <reporter-output>
          </reporter-output>
        </test-method> <!-- checkQ4WidNewAppearance -->
        <test-method status="PASS" signature="checkQ4WidNewAppearance(org.json.simple.JSONObject)[pri:0, instance:specs.euroApi.ImageComparison.CheckWidgetAppearance@4157f54e]" name="checkQ4WidNewAppearance" duration-ms="25238" started-at="2017-04-20T14:32:44Z" data-provider="getWidgetNewData" finished-at="2017-04-20T14:33:09Z">
          <params>
            <param index="0">
              <value>
                <![CDATA[{"URL Q4":"http:\/\/q4eurotestir.q4web.com\/Solutions\/AlmBrand\/1804\/newsarticle.aspx","URL EURO":"http:\/\/ir.euroinvestor.com\/Solutions\/AlmBrand\/1804\/newsarticle.aspx","Solution Folder":"AlmBrand"}]]>
              </value>
            </param>
          </params>
          <reporter-output>
          </reporter-output>
        </test-method> <!-- checkQ4WidNewAppearance -->
        <test-method status="PASS" signature="checkQ4WidNewAppearance(org.json.simple.JSONObject)[pri:0, instance:specs.euroApi.ImageComparison.CheckWidgetAppearance@4157f54e]" name="checkQ4WidNewAppearance" duration-ms="25008" started-at="2017-04-20T14:32:44Z" data-provider="getWidgetNewData" finished-at="2017-04-20T14:33:10Z">
          <params>
            <param index="0">
              <value>
                <![CDATA[{"URL Q4":"http:\/\/q4eurotestir.q4web.com\/Solutions\/AlmBrand\/1804\/newsArticleHTML.aspx","URL EURO":"http:\/\/ir.euroinvestor.com\/Solutions\/AlmBrand\/1804\/newsArticleHTML.aspx","Solution Folder":"AlmBrand"}]]>
              </value>
            </param>
          </params>
          <reporter-output>
          </reporter-output>
        </test-method> <!-- checkQ4WidNewAppearance -->
        <test-method status="PASS" signature="checkQ4WidNewAppearance(org.json.simple.JSONObject)[pri:0, instance:specs.euroApi.ImageComparison.CheckWidgetAppearance@4157f54e]" name="checkQ4WidNewAppearance" duration-ms="24505" started-at="2017-04-20T14:32:46Z" data-provider="getWidgetNewData" finished-at="2017-04-20T14:33:10Z">
          <params>
            <param index="0">
              <value>
                <![CDATA[{"URL Q4":"http:\/\/q4eurotestir.q4web.com\/Solutions\/AlmBrand\/1804\/newsarticle_bak.aspx","URL EURO":"http:\/\/ir.euroinvestor.com\/Solutions\/AlmBrand\/1804\/newsarticle_bak.aspx","Solution Folder":"AlmBrand"}]]>
              </value>
            </param>
          </params>
          <reporter-output>
          </reporter-output>
        </test-method> <!-- checkQ4WidNewAppearance -->
        <test-method status="PASS" signature="checkQ4WidNewAppearance(org.json.simple.JSONObject)[pri:0, instance:specs.euroApi.ImageComparison.CheckWidgetAppearance@4157f54e]" name="checkQ4WidNewAppearance" duration-ms="26556" started-at="2017-04-20T14:32:47Z" data-provider="getWidgetNewData" finished-at="2017-04-20T14:33:14Z">
          <params>
            <param index="0">
              <value>
                <![CDATA[{"URL Q4":"http:\/\/q4eurotestir.q4web.com\/Solutions\/AlmBrand\/1804\/newsHeadline.aspx","URL EURO":"http:\/\/ir.euroinvestor.com\/Solutions\/AlmBrand\/1804\/newsHeadline.aspx","Solution Folder":"AlmBrand"}]]>
              </value>
            </param>
          </params>
          <reporter-output>
          </reporter-output>
        </test-method> <!-- checkQ4WidNewAppearance -->
        <test-method status="PASS" signature="checkQ4WidNewAppearance(org.json.simple.JSONObject)[pri:0, instance:specs.euroApi.ImageComparison.CheckWidgetAppearance@4157f54e]" name="checkQ4WidNewAppearance" duration-ms="24081" started-at="2017-04-20T14:32:49Z" data-provider="getWidgetNewData" finished-at="2017-04-20T14:33:13Z">
          <params>
            <param index="0">
              <value>
                <![CDATA[{"URL Q4":"http:\/\/q4eurotestir.q4web.com\/Solutions\/AlmBrand\/1804\/newsHeadline2.aspx","URL EURO":"http:\/\/ir.euroinvestor.com\/Solutions\/AlmBrand\/1804\/newsHeadline2.aspx","Solution Folder":"AlmBrand"}]]>
              </value>
            </param>
          </params>
          <reporter-output>
          </reporter-output>
        </test-method> <!-- checkQ4WidNewAppearance -->
        <test-method status="PASS" signature="checkQ4WidNewAppearance(org.json.simple.JSONObject)[pri:0, instance:specs.euroApi.ImageComparison.CheckWidgetAppearance@4157f54e]" name="checkQ4WidNewAppearance" duration-ms="23483" started-at="2017-04-20T14:33:01Z" data-provider="getWidgetNewData" finished-at="2017-04-20T14:33:24Z">
          <params>
            <param index="0">
              <value>
                <![CDATA[{"URL Q4":"http:\/\/q4eurotestir.q4web.com\/Solutions\/AlmBrand\/1804\/newsHeadline2_testing.aspx","URL EURO":"http:\/\/ir.euroinvestor.com\/Solutions\/AlmBrand\/1804\/newsHeadline2_testing.aspx","Solution Folder":"AlmBrand"}]]>
              </value>
            </param>
          </params>
          <reporter-output>
          </reporter-output>
        </test-method> <!-- checkQ4WidNewAppearance -->
        <test-method status="PASS" signature="checkQ4WidNewAppearance(org.json.simple.JSONObject)[pri:0, instance:specs.euroApi.ImageComparison.CheckWidgetAppearance@4157f54e]" name="checkQ4WidNewAppearance" duration-ms="28248" started-at="2017-04-20T14:33:06Z" data-provider="getWidgetNewData" finished-at="2017-04-20T14:33:34Z">
          <params>
            <param index="0">
              <value>
                <![CDATA[{"URL Q4":"http:\/\/q4eurotestir.q4web.com\/Solutions\/AlmBrand\/1804\/newsHeadline_backup.aspx","URL EURO":"http:\/\/ir.euroinvestor.com\/Solutions\/AlmBrand\/1804\/newsHeadline_backup.aspx","Solution Folder":"AlmBrand"}]]>
              </value>
            </param>
          </params>
          <reporter-output>
          </reporter-output>
        </test-method> <!-- checkQ4WidNewAppearance -->
        <test-method status="PASS" signature="checkQ4WidNewAppearance(org.json.simple.JSONObject)[pri:0, instance:specs.euroApi.ImageComparison.CheckWidgetAppearance@4157f54e]" name="checkQ4WidNewAppearance" duration-ms="26488" started-at="2017-04-20T14:33:06Z" data-provider="getWidgetNewData" finished-at="2017-04-20T14:33:32Z">
          <params>
            <param index="0">
              <value>
                <![CDATA[{"URL Q4":"http:\/\/q4eurotestir.q4web.com\/Solutions\/AlmBrand\/1804\/performance.aspx","URL EURO":"http:\/\/ir.euroinvestor.com\/Solutions\/AlmBrand\/1804\/performance.aspx","Solution Folder":"AlmBrand"}]]>
              </value>
            </param>
          </params>
          <reporter-output>
          </reporter-output>
        </test-method> <!-- checkQ4WidNewAppearance -->
        <test-method status="PASS" signature="checkQ4WidNewAppearance(org.json.simple.JSONObject)[pri:0, instance:specs.euroApi.ImageComparison.CheckWidgetAppearance@4157f54e]" name="checkQ4WidNewAppearance" duration-ms="25647" started-at="2017-04-20T14:33:06Z" data-provider="getWidgetNewData" finished-at="2017-04-20T14:33:31Z">
          <params>
            <param index="0">
              <value>
                <![CDATA[{"URL Q4":"http:\/\/q4eurotestir.q4web.com\/Solutions\/AlmBrand\/1804\/news_bak.aspx","URL EURO":"http:\/\/ir.euroinvestor.com\/Solutions\/AlmBrand\/1804\/news_bak.aspx","Solution Folder":"AlmBrand"}]]>
              </value>
            </param>
          </params>
          <reporter-output>
          </reporter-output>
        </test-method> <!-- checkQ4WidNewAppearance -->
        <test-method status="PASS" signature="checkQ4WidNewAppearance(org.json.simple.JSONObject)[pri:0, instance:specs.euroApi.ImageComparison.CheckWidgetAppearance@4157f54e]" name="checkQ4WidNewAppearance" duration-ms="39456" started-at="2017-04-20T14:33:06Z" data-provider="getWidgetNewData" finished-at="2017-04-20T14:33:45Z">
          <params>
            <param index="0">
              <value>
                <![CDATA[{"URL Q4":"http:\/\/q4eurotestir.q4web.com\/Solutions\/AlmBrand\/1804\/widget.aspx","URL EURO":"http:\/\/ir.euroinvestor.com\/Solutions\/AlmBrand\/1804\/widget.aspx","Solution Folder":"AlmBrand"}]]>
              </value>
            </param>
          </params>
          <reporter-output>
          </reporter-output>
        </test-method> <!-- checkQ4WidNewAppearance -->
        <test-method status="PASS" signature="checkQ4WidNewAppearance(org.json.simple.JSONObject)[pri:0, instance:specs.euroApi.ImageComparison.CheckWidgetAppearance@4157f54e]" name="checkQ4WidNewAppearance" duration-ms="45018" started-at="2017-04-20T14:33:06Z" data-provider="getWidgetNewData" finished-at="2017-04-20T14:33:51Z">
          <params>
            <param index="0">
              <value>
                <![CDATA[{"URL Q4":"http:\/\/q4eurotestir.q4web.com\/Solutions\/AlmBrand\/1804\/widgetTest.aspx","URL EURO":"http:\/\/ir.euroinvestor.com\/Solutions\/AlmBrand\/1804\/widgetTest.aspx","Solution Folder":"AlmBrand"}]]>
              </value>
            </param>
          </params>
          <reporter-output>
          </reporter-output>
        </test-method> <!-- checkQ4WidNewAppearance -->
        <test-method status="PASS" signature="checkQ4WidNewAppearance(org.json.simple.JSONObject)[pri:0, instance:specs.euroApi.ImageComparison.CheckWidgetAppearance@4157f54e]" name="checkQ4WidNewAppearance" duration-ms="44333" started-at="2017-04-20T14:33:07Z" data-provider="getWidgetNewData" finished-at="2017-04-20T14:33:51Z">
          <params>
            <param index="0">
              <value>
                <![CDATA[{"URL Q4":"http:\/\/q4eurotestir.q4web.com\/Solutions\/AlmBrand\/1804\/widget_backup.aspx","URL EURO":"http:\/\/ir.euroinvestor.com\/Solutions\/AlmBrand\/1804\/widget_backup.aspx","Solution Folder":"AlmBrand"}]]>
              </value>
            </param>
          </params>
          <reporter-output>
          </reporter-output>
        </test-method> <!-- checkQ4WidNewAppearance -->
        <test-method status="PASS" signature="checkQ4WidNewAppearance(org.json.simple.JSONObject)[pri:0, instance:specs.euroApi.ImageComparison.CheckWidgetAppearance@4157f54e]" name="checkQ4WidNewAppearance" duration-ms="26209" started-at="2017-04-20T14:33:07Z" data-provider="getWidgetNewData" finished-at="2017-04-20T14:33:33Z">
          <params>
            <param index="0">
              <value>
                <![CDATA[{"URL Q4":"http:\/\/q4eurotestir.q4web.com\/Solutions\/AlmBrand\/1804\/backup\/calendarTest.aspx","URL EURO":"http:\/\/ir.euroinvestor.com\/Solutions\/AlmBrand\/1804\/backup\/calendarTest.aspx","Solution Folder":"AlmBrand"}]]>
              </value>
            </param>
          </params>
          <reporter-output>
          </reporter-output>
        </test-method> <!-- checkQ4WidNewAppearance -->
        <test-method status="PASS" signature="checkQ4WidNewAppearance(org.json.simple.JSONObject)[pri:0, instance:specs.euroApi.ImageComparison.CheckWidgetAppearance@4157f54e]" name="checkQ4WidNewAppearance" duration-ms="26047" started-at="2017-04-20T14:33:10Z" data-provider="getWidgetNewData" finished-at="2017-04-20T14:33:36Z">
          <params>
            <param index="0">
              <value>
                <![CDATA[{"URL Q4":"http:\/\/q4eurotestir.q4web.com\/Solutions\/AlmBrand\/1804\/backup\/calendar_staging.aspx","URL EURO":"http:\/\/ir.euroinvestor.com\/Solutions\/AlmBrand\/1804\/backup\/calendar_staging.aspx","Solution Folder":"AlmBrand"}]]>
              </value>
            </param>
          </params>
          <reporter-output>
          </reporter-output>
        </test-method> <!-- checkQ4WidNewAppearance -->
        <test-method status="PASS" signature="checkQ4WidNewAppearance(org.json.simple.JSONObject)[pri:0, instance:specs.euroApi.ImageComparison.CheckWidgetAppearance@4157f54e]" name="checkQ4WidNewAppearance" duration-ms="24941" started-at="2017-04-20T14:33:11Z" data-provider="getWidgetNewData" finished-at="2017-04-20T14:33:36Z">
          <params>
            <param index="0">
              <value>
                <![CDATA[{"URL Q4":"http:\/\/q4eurotestir.q4web.com\/Solutions\/AlmBrand\/1804\/italyPresentation\/calendarWidget.aspx","URL EURO":"http:\/\/ir.euroinvestor.com\/Solutions\/AlmBrand\/1804\/italyPresentation\/calendarWidget.aspx","Solution Folder":"AlmBrand"}]]>
              </value>
            </param>
          </params>
          <reporter-output>
          </reporter-output>
        </test-method> <!-- checkQ4WidNewAppearance -->
        <test-method status="PASS" signature="checkQ4WidNewAppearance(org.json.simple.JSONObject)[pri:0, instance:specs.euroApi.ImageComparison.CheckWidgetAppearance@4157f54e]" name="checkQ4WidNewAppearance" duration-ms="24947" started-at="2017-04-20T14:33:11Z" data-provider="getWidgetNewData" finished-at="2017-04-20T14:33:36Z">
          <params>
            <param index="0">
              <value>
                <![CDATA[{"URL Q4":"http:\/\/q4eurotestir.q4web.com\/Solutions\/AlmBrand\/1804\/italyPresentation\/downloadCentre.aspx","URL EURO":"http:\/\/ir.euroinvestor.com\/Solutions\/AlmBrand\/1804\/italyPresentation\/downloadCentre.aspx","Solution Folder":"AlmBrand"}]]>
              </value>
            </param>
          </params>
          <reporter-output>
          </reporter-output>
        </test-method> <!-- checkQ4WidNewAppearance -->
        <test-method status="PASS" signature="checkQ4WidNewAppearance(org.json.simple.JSONObject)[pri:0, instance:specs.euroApi.ImageComparison.CheckWidgetAppearance@4157f54e]" name="checkQ4WidNewAppearance" duration-ms="29311" started-at="2017-04-20T14:33:11Z" data-provider="getWidgetNewData" finished-at="2017-04-20T14:33:41Z">
          <params>
            <param index="0">
              <value>
                <![CDATA[{"URL Q4":"http:\/\/q4eurotestir.q4web.com\/Solutions\/AlmBrand\/1804\/italyPresentation\/newsHeadline.aspx","URL EURO":"http:\/\/ir.euroinvestor.com\/Solutions\/AlmBrand\/1804\/italyPresentation\/newsHeadline.aspx","Solution Folder":"AlmBrand"}]]>
              </value>
            </param>
          </params>
          <reporter-output>
          </reporter-output>
        </test-method> <!-- checkQ4WidNewAppearance -->
        <test-method status="PASS" signature="checkQ4WidNewAppearance(org.json.simple.JSONObject)[pri:0, instance:specs.euroApi.ImageComparison.CheckWidgetAppearance@4157f54e]" name="checkQ4WidNewAppearance" duration-ms="23547" started-at="2017-04-20T14:33:14Z" data-provider="getWidgetNewData" finished-at="2017-04-20T14:33:37Z">
          <params>
            <param index="0">
              <value>
                <![CDATA[{"URL Q4":"http:\/\/q4eurotestir.q4web.com\/Solutions\/AlmBrand\/1804\/italyPresentation\/newsHeadline2.aspx","URL EURO":"http:\/\/ir.euroinvestor.com\/Solutions\/AlmBrand\/1804\/italyPresentation\/newsHeadline2.aspx","Solution Folder":"AlmBrand"}]]>
              </value>
            </param>
          </params>
          <reporter-output>
          </reporter-output>
        </test-method> <!-- checkQ4WidNewAppearance -->
        <test-method status="PASS" signature="checkQ4WidNewAppearance(org.json.simple.JSONObject)[pri:0, instance:specs.euroApi.ImageComparison.CheckWidgetAppearance@4157f54e]" name="checkQ4WidNewAppearance" duration-ms="43331" started-at="2017-04-20T14:33:15Z" data-provider="getWidgetNewData" finished-at="2017-04-20T14:33:58Z">
          <params>
            <param index="0">
              <value>
                <![CDATA[{"URL Q4":"http:\/\/q4eurotestir.q4web.com\/Solutions\/AlmBrand\/1804\/italyPresentation\/widget.aspx","URL EURO":"http:\/\/ir.euroinvestor.com\/Solutions\/AlmBrand\/1804\/italyPresentation\/widget.aspx","Solution Folder":"AlmBrand"}]]>
              </value>
            </param>
          </params>
          <reporter-output>
          </reporter-output>
        </test-method> <!-- checkQ4WidNewAppearance -->
        <test-method status="PASS" signature="checkQ4WidNewAppearance(org.json.simple.JSONObject)[pri:0, instance:specs.euroApi.ImageComparison.CheckWidgetAppearance@4157f54e]" name="checkQ4WidNewAppearance" duration-ms="25364" started-at="2017-04-20T14:33:16Z" data-provider="getWidgetNewData" finished-at="2017-04-20T14:33:41Z">
          <params>
            <param index="0">
              <value>
                <![CDATA[{"URL Q4":"http:\/\/q4eurotestir.q4web.com\/Solutions\/Alstom\/3490\/calc.aspx","URL EURO":"http:\/\/ir.euroinvestor.com\/Solutions\/Alstom\/3490\/calc.aspx","Solution Folder":"Alstom"}]]>
              </value>
            </param>
          </params>
          <reporter-output>
          </reporter-output>
        </test-method> <!-- checkQ4WidNewAppearance -->
        <test-method status="PASS" signature="checkQ4WidNewAppearance(org.json.simple.JSONObject)[pri:0, instance:specs.euroApi.ImageComparison.CheckWidgetAppearance@4157f54e]" name="checkQ4WidNewAppearance" duration-ms="27572" started-at="2017-04-20T14:33:25Z" data-provider="getWidgetNewData" finished-at="2017-04-20T14:33:53Z">
          <params>
            <param index="0">
              <value>
                <![CDATA[{"URL Q4":"http:\/\/q4eurotestir.q4web.com\/Solutions\/Alstom\/3490\/chart.aspx","URL EURO":"http:\/\/ir.euroinvestor.com\/Solutions\/Alstom\/3490\/chart.aspx","Solution Folder":"Alstom"}]]>
              </value>
            </param>
          </params>
          <reporter-output>
          </reporter-output>
        </test-method> <!-- checkQ4WidNewAppearance -->
        <test-method status="PASS" signature="checkQ4WidNewAppearance(org.json.simple.JSONObject)[pri:0, instance:specs.euroApi.ImageComparison.CheckWidgetAppearance@4157f54e]" name="checkQ4WidNewAppearance" duration-ms="24078" started-at="2017-04-20T14:33:32Z" data-provider="getWidgetNewData" finished-at="2017-04-20T14:33:56Z">
          <params>
            <param index="0">
              <value>
                <![CDATA[{"URL Q4":"http:\/\/q4eurotestir.q4web.com\/Solutions\/Alstom\/3490\/chart2.aspx","URL EURO":"http:\/\/ir.euroinvestor.com\/Solutions\/Alstom\/3490\/chart2.aspx","Solution Folder":"Alstom"}]]>
              </value>
            </param>
          </params>
          <reporter-output>
          </reporter-output>
        </test-method> <!-- checkQ4WidNewAppearance -->
        <test-method status="PASS" signature="checkQ4WidNewAppearance(org.json.simple.JSONObject)[pri:0, instance:specs.euroApi.ImageComparison.CheckWidgetAppearance@4157f54e]" name="checkQ4WidNewAppearance" duration-ms="29073" started-at="2017-04-20T14:33:33Z" data-provider="getWidgetNewData" finished-at="2017-04-20T14:34:02Z">
          <params>
            <param index="0">
              <value>
                <![CDATA[{"URL Q4":"http:\/\/q4eurotestir.q4web.com\/Solutions\/Alstom\/3490\/lookup.aspx","URL EURO":"http:\/\/ir.euroinvestor.com\/Solutions\/Alstom\/3490\/lookup.aspx","Solution Folder":"Alstom"}]]>
              </value>
            </param>
          </params>
          <reporter-output>
          </reporter-output>
        </test-method> <!-- checkQ4WidNewAppearance -->
        <test-method status="PASS" signature="checkQ4WidNewAppearance(org.json.simple.JSONObject)[pri:0, instance:specs.euroApi.ImageComparison.CheckWidgetAppearance@4157f54e]" name="checkQ4WidNewAppearance" duration-ms="23589" started-at="2017-04-20T14:33:34Z" data-provider="getWidgetNewData" finished-at="2017-04-20T14:33:58Z">
          <params>
            <param index="0">
              <value>
                <![CDATA[{"URL Q4":"http:\/\/q4eurotestir.q4web.com\/Solutions\/Alstom\/3490\/miniquote.aspx","URL EURO":"http:\/\/ir.euroinvestor.com\/Solutions\/Alstom\/3490\/miniquote.aspx","Solution Folder":"Alstom"}]]>
              </value>
            </param>
          </params>
          <reporter-output>
          </reporter-output>
        </test-method> <!-- checkQ4WidNewAppearance -->
        <test-method status="PASS" signature="checkQ4WidNewAppearance(org.json.simple.JSONObject)[pri:0, instance:specs.euroApi.ImageComparison.CheckWidgetAppearance@4157f54e]" name="checkQ4WidNewAppearance" duration-ms="23519" started-at="2017-04-20T14:33:35Z" data-provider="getWidgetNewData" finished-at="2017-04-20T14:33:58Z">
          <params>
            <param index="0">
              <value>
                <![CDATA[{"URL Q4":"http:\/\/q4eurotestir.q4web.com\/Solutions\/Alstom\/3490\/orders.aspx","URL EURO":"http:\/\/ir.euroinvestor.com\/Solutions\/Alstom\/3490\/orders.aspx","Solution Folder":"Alstom"}]]>
              </value>
            </param>
          </params>
          <reporter-output>
          </reporter-output>
        </test-method> <!-- checkQ4WidNewAppearance -->
        <test-method status="PASS" signature="checkQ4WidNewAppearance(org.json.simple.JSONObject)[pri:0, instance:specs.euroApi.ImageComparison.CheckWidgetAppearance@4157f54e]" name="checkQ4WidNewAppearance" duration-ms="25143" started-at="2017-04-20T14:33:36Z" data-provider="getWidgetNewData" finished-at="2017-04-20T14:34:01Z">
          <params>
            <param index="0">
              <value>
                <![CDATA[{"URL Q4":"http:\/\/q4eurotestir.q4web.com\/Solutions\/Alstom\/3490\/performance.aspx","URL EURO":"http:\/\/ir.euroinvestor.com\/Solutions\/Alstom\/3490\/performance.aspx","Solution Folder":"Alstom"}]]>
              </value>
            </param>
          </params>
          <reporter-output>
          </reporter-output>
        </test-method> <!-- checkQ4WidNewAppearance -->
        <test-method status="PASS" signature="checkQ4WidNewAppearance(org.json.simple.JSONObject)[pri:0, instance:specs.euroApi.ImageComparison.CheckWidgetAppearance@4157f54e]" name="checkQ4WidNewAppearance" duration-ms="25076" started-at="2017-04-20T14:33:36Z" data-provider="getWidgetNewData" finished-at="2017-04-20T14:34:01Z">
          <params>
            <param index="0">
              <value>
                <![CDATA[{"URL Q4":"http:\/\/q4eurotestir.q4web.com\/Solutions\/Alstom\/3490\/profile.aspx","URL EURO":"http:\/\/ir.euroinvestor.com\/Solutions\/Alstom\/3490\/profile.aspx","Solution Folder":"Alstom"}]]>
              </value>
            </param>
          </params>
          <reporter-output>
          </reporter-output>
        </test-method> <!-- checkQ4WidNewAppearance -->
        <test-method status="PASS" signature="checkQ4WidNewAppearance(org.json.simple.JSONObject)[pri:0, instance:specs.euroApi.ImageComparison.CheckWidgetAppearance@4157f54e]" name="checkQ4WidNewAppearance" duration-ms="47716" started-at="2017-04-20T14:33:38Z" data-provider="getWidgetNewData" finished-at="2017-04-20T14:34:25Z">
          <params>
            <param index="0">
              <value>
                <![CDATA[{"URL Q4":"http:\/\/q4eurotestir.q4web.com\/Solutions\/Alstom\/3490\/sharepriceTools.aspx","URL EURO":"http:\/\/ir.euroinvestor.com\/Solutions\/Alstom\/3490\/sharepriceTools.aspx","Solution Folder":"Alstom"}]]>
              </value>
            </param>
          </params>
          <reporter-output>
          </reporter-output>
        </test-method> <!-- checkQ4WidNewAppearance -->
        <test-method status="PASS" signature="checkQ4WidNewAppearance(org.json.simple.JSONObject)[pri:0, instance:specs.euroApi.ImageComparison.CheckWidgetAppearance@4157f54e]" name="checkQ4WidNewAppearance" duration-ms="30880" started-at="2017-04-20T14:33:38Z" data-provider="getWidgetNewData" finished-at="2017-04-20T14:34:09Z">
          <params>
            <param index="0">
              <value>
                <![CDATA[{"URL Q4":"http:\/\/q4eurotestir.q4web.com\/Solutions\/Alstom\/3490\/trades.aspx","URL EURO":"http:\/\/ir.euroinvestor.com\/Solutions\/Alstom\/3490\/trades.aspx","Solution Folder":"Alstom"}]]>
              </value>
            </param>
          </params>
          <reporter-output>
          </reporter-output>
        </test-method> <!-- checkQ4WidNewAppearance -->
        <test-method status="PASS" signature="checkQ4WidNewAppearance(org.json.simple.JSONObject)[pri:0, instance:specs.euroApi.ImageComparison.CheckWidgetAppearance@4157f54e]" name="checkQ4WidNewAppearance" duration-ms="24323" started-at="2017-04-20T14:33:41Z" data-provider="getWidgetNewData" finished-at="2017-04-20T14:34:05Z">
          <params>
            <param index="0">
              <value>
                <![CDATA[{"URL Q4":"http:\/\/q4eurotestir.q4web.com\/Solutions\/Antofagasta\/2288\/calc.aspx","URL EURO":"http:\/\/ir.euroinvestor.com\/Solutions\/Antofagasta\/2288\/calc.aspx","Solution Folder":"Antofagasta"}]]>
              </value>
            </param>
          </params>
          <reporter-output>
          </reporter-output>
        </test-method> <!-- checkQ4WidNewAppearance -->
        <test-method status="PASS" signature="checkQ4WidNewAppearance(org.json.simple.JSONObject)[pri:0, instance:specs.euroApi.ImageComparison.CheckWidgetAppearance@4157f54e]" name="checkQ4WidNewAppearance" duration-ms="25114" started-at="2017-04-20T14:33:41Z" data-provider="getWidgetNewData" finished-at="2017-04-20T14:34:06Z">
          <params>
            <param index="0">
              <value>
                <![CDATA[{"URL Q4":"http:\/\/q4eurotestir.q4web.com\/Solutions\/Antofagasta\/2288\/chart.aspx","URL EURO":"http:\/\/ir.euroinvestor.com\/Solutions\/Antofagasta\/2288\/chart.aspx","Solution Folder":"Antofagasta"}]]>
              </value>
            </param>
          </params>
          <reporter-output>
          </reporter-output>
        </test-method> <!-- checkQ4WidNewAppearance -->
        <test-method status="PASS" signature="checkQ4WidNewAppearance(org.json.simple.JSONObject)[pri:0, instance:specs.euroApi.ImageComparison.CheckWidgetAppearance@4157f54e]" name="checkQ4WidNewAppearance" duration-ms="24933" started-at="2017-04-20T14:33:45Z" data-provider="getWidgetNewData" finished-at="2017-04-20T14:34:10Z">
          <params>
            <param index="0">
              <value>
                <![CDATA[{"URL Q4":"http:\/\/q4eurotestir.q4web.com\/Solutions\/Antofagasta\/2288\/detailedSharePrice.aspx","URL EURO":"http:\/\/ir.euroinvestor.com\/Solutions\/Antofagasta\/2288\/detailedSharePrice.aspx","Solution Folder":"Antofagasta"}]]>
              </value>
            </param>
          </params>
          <reporter-output>
          </reporter-output>
        </test-method> <!-- checkQ4WidNewAppearance -->
        <test-method status="PASS" signature="checkQ4WidNewAppearance(org.json.simple.JSONObject)[pri:0, instance:specs.euroApi.ImageComparison.CheckWidgetAppearance@4157f54e]" name="checkQ4WidNewAppearance" duration-ms="25156" started-at="2017-04-20T14:33:51Z" data-provider="getWidgetNewData" finished-at="2017-04-20T14:34:16Z">
          <params>
            <param index="0">
              <value>
                <![CDATA[{"URL Q4":"http:\/\/q4eurotestir.q4web.com\/Solutions\/Antofagasta\/2288\/lookup.aspx","URL EURO":"http:\/\/ir.euroinvestor.com\/Solutions\/Antofagasta\/2288\/lookup.aspx","Solution Folder":"Antofagasta"}]]>
              </value>
            </param>
          </params>
          <reporter-output>
          </reporter-output>
        </test-method> <!-- checkQ4WidNewAppearance -->
        <test-method status="PASS" signature="checkQ4WidNewAppearance(org.json.simple.JSONObject)[pri:0, instance:specs.euroApi.ImageComparison.CheckWidgetAppearance@4157f54e]" name="checkQ4WidNewAppearance" duration-ms="25588" started-at="2017-04-20T14:33:52Z" data-provider="getWidgetNewData" finished-at="2017-04-20T14:34:17Z">
          <params>
            <param index="0">
              <value>
                <![CDATA[{"URL Q4":"http:\/\/q4eurotestir.q4web.com\/Solutions\/ApaxGlobalAlphaLtd\/3468\/chart.aspx","URL EURO":"http:\/\/ir.euroinvestor.com\/Solutions\/ApaxGlobalAlphaLtd\/3468\/chart.aspx","Solution Folder":"ApaxGlobalAlphaLtd"}]]>
              </value>
            </param>
          </params>
          <reporter-output>
          </reporter-output>
        </test-method> <!-- checkQ4WidNewAppearance -->
        <test-method status="PASS" signature="checkQ4WidNewAppearance(org.json.simple.JSONObject)[pri:0, instance:specs.euroApi.ImageComparison.CheckWidgetAppearance@4157f54e]" name="checkQ4WidNewAppearance" duration-ms="35824" started-at="2017-04-20T14:33:53Z" data-provider="getWidgetNewData" finished-at="2017-04-20T14:34:29Z">
          <params>
            <param index="0">
              <value>
                <![CDATA[{"URL Q4":"http:\/\/q4eurotestir.q4web.com\/Solutions\/ApaxGlobalAlphaLtd\/3468\/detailedSharePrice.aspx","URL EURO":"http:\/\/ir.euroinvestor.com\/Solutions\/ApaxGlobalAlphaLtd\/3468\/detailedSharePrice.aspx","Solution Folder":"ApaxGlobalAlphaLtd"}]]>
              </value>
            </param>
          </params>
          <reporter-output>
          </reporter-output>
        </test-method> <!-- checkQ4WidNewAppearance -->
        <test-method status="PASS" signature="checkQ4WidNewAppearance(org.json.simple.JSONObject)[pri:0, instance:specs.euroApi.ImageComparison.CheckWidgetAppearance@4157f54e]" name="checkQ4WidNewAppearance" duration-ms="23521" started-at="2017-04-20T14:33:57Z" data-provider="getWidgetNewData" finished-at="2017-04-20T14:34:21Z">
          <params>
            <param index="0">
              <value>
                <![CDATA[{"URL Q4":"http:\/\/q4eurotestir.q4web.com\/Solutions\/ApaxGlobalAlphaLtd\/3468\/dividendInformation.aspx","URL EURO":"http:\/\/ir.euroinvestor.com\/Solutions\/ApaxGlobalAlphaLtd\/3468\/dividendInformation.aspx","Solution Folder":"ApaxGlobalAlphaLtd"}]]>
              </value>
            </param>
          </params>
          <reporter-output>
          </reporter-output>
        </test-method> <!-- checkQ4WidNewAppearance -->
        <test-method status="PASS" signature="checkQ4WidNewAppearance(org.json.simple.JSONObject)[pri:0, instance:specs.euroApi.ImageComparison.CheckWidgetAppearance@4157f54e]" name="checkQ4WidNewAppearance" duration-ms="23968" started-at="2017-04-20T14:33:58Z" data-provider="getWidgetNewData" finished-at="2017-04-20T14:34:22Z">
          <params>
            <param index="0">
              <value>
                <![CDATA[{"URL Q4":"http:\/\/q4eurotestir.q4web.com\/Solutions\/ApaxGlobalAlphaLtd\/3468\/dividendsInformation.aspx","URL EURO":"http:\/\/ir.euroinvestor.com\/Solutions\/ApaxGlobalAlphaLtd\/3468\/dividendsInformation.aspx","Solution Folder":"ApaxGlobalAlphaLtd"}]]>
              </value>
            </param>
          </params>
          <reporter-output>
          </reporter-output>
        </test-method> <!-- checkQ4WidNewAppearance -->
        <test-method status="PASS" signature="checkQ4WidNewAppearance(org.json.simple.JSONObject)[pri:0, instance:specs.euroApi.ImageComparison.CheckWidgetAppearance@4157f54e]" name="checkQ4WidNewAppearance" duration-ms="25216" started-at="2017-04-20T14:33:58Z" data-provider="getWidgetNewData" finished-at="2017-04-20T14:34:23Z">
          <params>
            <param index="0">
              <value>
                <![CDATA[{"URL Q4":"http:\/\/q4eurotestir.q4web.com\/Solutions\/ApaxGlobalAlphaLtd\/3468\/emailAlerts.aspx","URL EURO":"http:\/\/ir.euroinvestor.com\/Solutions\/ApaxGlobalAlphaLtd\/3468\/emailAlerts.aspx","Solution Folder":"ApaxGlobalAlphaLtd"}]]>
              </value>
            </param>
          </params>
          <reporter-output>
          </reporter-output>
        </test-method> <!-- checkQ4WidNewAppearance -->
        <test-method status="PASS" signature="checkQ4WidNewAppearance(org.json.simple.JSONObject)[pri:0, instance:specs.euroApi.ImageComparison.CheckWidgetAppearance@4157f54e]" name="checkQ4WidNewAppearance" duration-ms="27123" started-at="2017-04-20T14:33:58Z" data-provider="getWidgetNewData" finished-at="2017-04-20T14:34:25Z">
          <params>
            <param index="0">
              <value>
                <![CDATA[{"URL Q4":"http:\/\/q4eurotestir.q4web.com\/Solutions\/ApaxGlobalAlphaLtd\/3468\/news.aspx","URL EURO":"http:\/\/ir.euroinvestor.com\/Solutions\/ApaxGlobalAlphaLtd\/3468\/news.aspx","Solution Folder":"ApaxGlobalAlphaLtd"}]]>
              </value>
            </param>
          </params>
          <reporter-output>
          </reporter-output>
        </test-method> <!-- checkQ4WidNewAppearance -->
        <test-method status="PASS" signature="checkQ4WidNewAppearance(org.json.simple.JSONObject)[pri:0, instance:specs.euroApi.ImageComparison.CheckWidgetAppearance@4157f54e]" name="checkQ4WidNewAppearance" duration-ms="23716" started-at="2017-04-20T14:34:02Z" data-provider="getWidgetNewData" finished-at="2017-04-20T14:34:25Z">
          <params>
            <param index="0">
              <value>
                <![CDATA[{"URL Q4":"http:\/\/q4eurotestir.q4web.com\/Solutions\/ApaxGlobalAlphaLtd\/3468\/newsArticle.aspx","URL EURO":"http:\/\/ir.euroinvestor.com\/Solutions\/ApaxGlobalAlphaLtd\/3468\/newsArticle.aspx","Solution Folder":"ApaxGlobalAlphaLtd"}]]>
              </value>
            </param>
          </params>
          <reporter-output>
          </reporter-output>
        </test-method> <!-- checkQ4WidNewAppearance -->
        <test-method status="PASS" signature="checkQ4WidNewAppearance(org.json.simple.JSONObject)[pri:0, instance:specs.euroApi.ImageComparison.CheckWidgetAppearance@4157f54e]" name="checkQ4WidNewAppearance" duration-ms="27853" started-at="2017-04-20T14:34:02Z" data-provider="getWidgetNewData" finished-at="2017-04-20T14:34:30Z">
          <params>
            <param index="0">
              <value>
                <![CDATA[{"URL Q4":"http:\/\/q4eurotestir.q4web.com\/Solutions\/AppliedGrapheneMaterials\/2152\/chart.aspx","URL EURO":"http:\/\/ir.euroinvestor.com\/Solutions\/AppliedGrapheneMaterials\/2152\/chart.aspx","Solution Folder":"AppliedGrapheneMaterials"}]]>
              </value>
            </param>
          </params>
          <reporter-output>
          </reporter-output>
        </test-method> <!-- checkQ4WidNewAppearance -->
        <test-method status="PASS" signature="checkQ4WidNewAppearance(org.json.simple.JSONObject)[pri:0, instance:specs.euroApi.ImageComparison.CheckWidgetAppearance@4157f54e]" name="checkQ4WidNewAppearance" duration-ms="24899" started-at="2017-04-20T14:34:02Z" data-provider="getWidgetNewData" finished-at="2017-04-20T14:34:27Z">
          <params>
            <param index="0">
              <value>
                <![CDATA[{"URL Q4":"http:\/\/q4eurotestir.q4web.com\/Solutions\/AppliedGrapheneMaterials\/2152\/chartMini.aspx","URL EURO":"http:\/\/ir.euroinvestor.com\/Solutions\/AppliedGrapheneMaterials\/2152\/chartMini.aspx","Solution Folder":"AppliedGrapheneMaterials"}]]>
              </value>
            </param>
          </params>
          <reporter-output>
          </reporter-output>
        </test-method> <!-- checkQ4WidNewAppearance -->
        <test-method status="PASS" signature="checkQ4WidNewAppearance(org.json.simple.JSONObject)[pri:0, instance:specs.euroApi.ImageComparison.CheckWidgetAppearance@4157f54e]" name="checkQ4WidNewAppearance" duration-ms="24060" started-at="2017-04-20T14:34:06Z" data-provider="getWidgetNewData" finished-at="2017-04-20T14:34:30Z">
          <params>
            <param index="0">
              <value>
                <![CDATA[{"URL Q4":"http:\/\/q4eurotestir.q4web.com\/Solutions\/AppliedGrapheneMaterials\/2152\/emailAlerts.aspx","URL EURO":"http:\/\/ir.euroinvestor.com\/Solutions\/AppliedGrapheneMaterials\/2152\/emailAlerts.aspx","Solution Folder":"AppliedGrapheneMaterials"}]]>
              </value>
            </param>
          </params>
          <reporter-output>
          </reporter-output>
        </test-method> <!-- checkQ4WidNewAppearance -->
        <test-method status="PASS" signature="checkQ4WidNewAppearance(org.json.simple.JSONObject)[pri:0, instance:specs.euroApi.ImageComparison.CheckWidgetAppearance@4157f54e]" name="checkQ4WidNewAppearance" duration-ms="24876" started-at="2017-04-20T14:34:07Z" data-provider="getWidgetNewData" finished-at="2017-04-20T14:34:32Z">
          <params>
            <param index="0">
              <value>
                <![CDATA[{"URL Q4":"http:\/\/q4eurotestir.q4web.com\/Solutions\/AquaticFoodsGroupPlc\/1880\/calc.aspx","URL EURO":"http:\/\/ir.euroinvestor.com\/Solutions\/AquaticFoodsGroupPlc\/1880\/calc.aspx","Solution Folder":"AquaticFoodsGroupPlc"}]]>
              </value>
            </param>
          </params>
          <reporter-output>
          </reporter-output>
        </test-method> <!-- checkQ4WidNewAppearance -->
        <test-method status="PASS" signature="checkQ4WidNewAppearance(org.json.simple.JSONObject)[pri:0, instance:specs.euroApi.ImageComparison.CheckWidgetAppearance@4157f54e]" name="checkQ4WidNewAppearance" duration-ms="25308" started-at="2017-04-20T14:34:09Z" data-provider="getWidgetNewData" finished-at="2017-04-20T14:34:34Z">
          <params>
            <param index="0">
              <value>
                <![CDATA[{"URL Q4":"http:\/\/q4eurotestir.q4web.com\/Solutions\/AquaticFoodsGroupPlc\/1880\/chart.aspx","URL EURO":"http:\/\/ir.euroinvestor.com\/Solutions\/AquaticFoodsGroupPlc\/1880\/chart.aspx","Solution Folder":"AquaticFoodsGroupPlc"}]]>
              </value>
            </param>
          </params>
          <reporter-output>
          </reporter-output>
        </test-method> <!-- checkQ4WidNewAppearance -->
        <test-method status="PASS" signature="checkQ4WidNewAppearance(org.json.simple.JSONObject)[pri:0, instance:specs.euroApi.ImageComparison.CheckWidgetAppearance@4157f54e]" name="checkQ4WidNewAppearance" duration-ms="24911" started-at="2017-04-20T14:34:11Z" data-provider="getWidgetNewData" finished-at="2017-04-20T14:34:36Z">
          <params>
            <param index="0">
              <value>
                <![CDATA[{"URL Q4":"http:\/\/q4eurotestir.q4web.com\/Solutions\/AquaticFoodsGroupPlc\/1880\/lookup.aspx","URL EURO":"http:\/\/ir.euroinvestor.com\/Solutions\/AquaticFoodsGroupPlc\/1880\/lookup.aspx","Solution Folder":"AquaticFoodsGroupPlc"}]]>
              </value>
            </param>
          </params>
          <reporter-output>
          </reporter-output>
        </test-method> <!-- checkQ4WidNewAppearance -->
        <test-method status="PASS" signature="checkQ4WidNewAppearance(org.json.simple.JSONObject)[pri:0, instance:specs.euroApi.ImageComparison.CheckWidgetAppearance@4157f54e]" name="checkQ4WidNewAppearance" duration-ms="23189" started-at="2017-04-20T14:34:17Z" data-provider="getWidgetNewData" finished-at="2017-04-20T14:34:40Z">
          <params>
            <param index="0">
              <value>
                <![CDATA[{"URL Q4":"http:\/\/q4eurotestir.q4web.com\/Solutions\/AquaticFoodsGroupPlc\/1880\/miniquote.aspx","URL EURO":"http:\/\/ir.euroinvestor.com\/Solutions\/AquaticFoodsGroupPlc\/1880\/miniquote.aspx","Solution Folder":"AquaticFoodsGroupPlc"}]]>
              </value>
            </param>
          </params>
          <reporter-output>
          </reporter-output>
        </test-method> <!-- checkQ4WidNewAppearance -->
        <test-method status="PASS" signature="checkQ4WidNewAppearance(org.json.simple.JSONObject)[pri:0, instance:specs.euroApi.ImageComparison.CheckWidgetAppearance@4157f54e]" name="checkQ4WidNewAppearance" duration-ms="24768" started-at="2017-04-20T14:34:18Z" data-provider="getWidgetNewData" finished-at="2017-04-20T14:34:43Z">
          <params>
            <param index="0">
              <value>
                <![CDATA[{"URL Q4":"http:\/\/q4eurotestir.q4web.com\/Solutions\/AquaticFoodsGroupPlc\/1880\/news.aspx","URL EURO":"http:\/\/ir.euroinvestor.com\/Solutions\/AquaticFoodsGroupPlc\/1880\/news.aspx","Solution Folder":"AquaticFoodsGroupPlc"}]]>
              </value>
            </param>
          </params>
          <reporter-output>
          </reporter-output>
        </test-method> <!-- checkQ4WidNewAppearance -->
        <test-method status="PASS" signature="checkQ4WidNewAppearance(org.json.simple.JSONObject)[pri:0, instance:specs.euroApi.ImageComparison.CheckWidgetAppearance@4157f54e]" name="checkQ4WidNewAppearance" duration-ms="24124" started-at="2017-04-20T14:34:22Z" data-provider="getWidgetNewData" finished-at="2017-04-20T14:34:46Z">
          <params>
            <param index="0">
              <value>
                <![CDATA[{"URL Q4":"http:\/\/q4eurotestir.q4web.com\/Solutions\/AquaticFoodsGroupPlc\/1880\/newsArticle.aspx","URL EURO":"http:\/\/ir.euroinvestor.com\/Solutions\/AquaticFoodsGroupPlc\/1880\/newsArticle.aspx","Solution Folder":"AquaticFoodsGroupPlc"}]]>
              </value>
            </param>
          </params>
          <reporter-output>
          </reporter-output>
        </test-method> <!-- checkQ4WidNewAppearance -->
        <test-method status="PASS" signature="checkQ4WidNewAppearance(org.json.simple.JSONObject)[pri:0, instance:specs.euroApi.ImageComparison.CheckWidgetAppearance@4157f54e]" name="checkQ4WidNewAppearance" duration-ms="23900" started-at="2017-04-20T14:34:22Z" data-provider="getWidgetNewData" finished-at="2017-04-20T14:34:46Z">
          <params>
            <param index="0">
              <value>
                <![CDATA[{"URL Q4":"http:\/\/q4eurotestir.q4web.com\/Solutions\/AquaticFoodsGroupPlc\/1880\/profile.aspx","URL EURO":"http:\/\/ir.euroinvestor.com\/Solutions\/AquaticFoodsGroupPlc\/1880\/profile.aspx","Solution Folder":"AquaticFoodsGroupPlc"}]]>
              </value>
            </param>
          </params>
          <reporter-output>
          </reporter-output>
        </test-method> <!-- checkQ4WidNewAppearance -->
        <test-method status="PASS" signature="checkQ4WidNewAppearance(org.json.simple.JSONObject)[pri:0, instance:specs.euroApi.ImageComparison.CheckWidgetAppearance@4157f54e]" name="checkQ4WidNewAppearance" duration-ms="38379" started-at="2017-04-20T14:34:24Z" data-provider="getWidgetNewData" finished-at="2017-04-20T14:35:03Z">
          <params>
            <param index="0">
              <value>
                <![CDATA[{"URL Q4":"http:\/\/q4eurotestir.q4web.com\/Solutions\/AquaticFoodsGroupPlc\/1880\/sharepricetools.aspx","URL EURO":"http:\/\/ir.euroinvestor.com\/Solutions\/AquaticFoodsGroupPlc\/1880\/sharepricetools.aspx","Solution Folder":"AquaticFoodsGroupPlc"}]]>
              </value>
            </param>
          </params>
          <reporter-output>
          </reporter-output>
        </test-method> <!-- checkQ4WidNewAppearance -->
        <test-method status="PASS" signature="checkQ4WidNewAppearance(org.json.simple.JSONObject)[pri:0, instance:specs.euroApi.ImageComparison.CheckWidgetAppearance@4157f54e]" name="checkQ4WidNewAppearance" duration-ms="25385" started-at="2017-04-20T14:34:25Z" data-provider="getWidgetNewData" finished-at="2017-04-20T14:34:51Z">
          <params>
            <param index="0">
              <value>
                <![CDATA[{"URL Q4":"http:\/\/q4eurotestir.q4web.com\/Solutions\/AssuraPlc\/2788\/calc.aspx","URL EURO":"http:\/\/ir.euroinvestor.com\/Solutions\/AssuraPlc\/2788\/calc.aspx","Solution Folder":"AssuraPlc"}]]>
              </value>
            </param>
          </params>
          <reporter-output>
          </reporter-output>
        </test-method> <!-- checkQ4WidNewAppearance -->
        <test-method status="PASS" signature="checkQ4WidNewAppearance(org.json.simple.JSONObject)[pri:0, instance:specs.euroApi.ImageComparison.CheckWidgetAppearance@4157f54e]" name="checkQ4WidNewAppearance" duration-ms="27020" started-at="2017-04-20T14:34:26Z" data-provider="getWidgetNewData" finished-at="2017-04-20T14:34:53Z">
          <params>
            <param index="0">
              <value>
                <![CDATA[{"URL Q4":"http:\/\/q4eurotestir.q4web.com\/Solutions\/AssuraPlc\/2788\/chart.aspx","URL EURO":"http:\/\/ir.euroinvestor.com\/Solutions\/AssuraPlc\/2788\/chart.aspx","Solution Folder":"AssuraPlc"}]]>
              </value>
            </param>
          </params>
          <reporter-output>
          </reporter-output>
        </test-method> <!-- checkQ4WidNewAppearance -->
        <test-method status="PASS" signature="checkQ4WidNewAppearance(org.json.simple.JSONObject)[pri:0, instance:specs.euroApi.ImageComparison.CheckWidgetAppearance@4157f54e]" name="checkQ4WidNewAppearance" duration-ms="23745" started-at="2017-04-20T14:34:27Z" data-provider="getWidgetNewData" finished-at="2017-04-20T14:34:50Z">
          <params>
            <param index="0">
              <value>
                <![CDATA[{"URL Q4":"http:\/\/q4eurotestir.q4web.com\/Solutions\/AssuraPlc\/2788\/emailAlerts.aspx","URL EURO":"http:\/\/ir.euroinvestor.com\/Solutions\/AssuraPlc\/2788\/emailAlerts.aspx","Solution Folder":"AssuraPlc"}]]>
              </value>
            </param>
          </params>
          <reporter-output>
          </reporter-output>
        </test-method> <!-- checkQ4WidNewAppearance -->
        <test-method status="PASS" signature="checkQ4WidNewAppearance(org.json.simple.JSONObject)[pri:0, instance:specs.euroApi.ImageComparison.CheckWidgetAppearance@4157f54e]" name="checkQ4WidNewAppearance" duration-ms="23008" started-at="2017-04-20T14:34:28Z" data-provider="getWidgetNewData" finished-at="2017-04-20T14:34:51Z">
          <params>
            <param index="0">
              <value>
                <![CDATA[{"URL Q4":"http:\/\/q4eurotestir.q4web.com\/Solutions\/AssuraPlc\/2788\/emailMini.aspx","URL EURO":"http:\/\/ir.euroinvestor.com\/Solutions\/AssuraPlc\/2788\/emailMini.aspx","Solution Folder":"AssuraPlc"}]]>
              </value>
            </param>
          </params>
          <reporter-output>
          </reporter-output>
        </test-method> <!-- checkQ4WidNewAppearance -->
        <test-method status="PASS" signature="checkQ4WidNewAppearance(org.json.simple.JSONObject)[pri:0, instance:specs.euroApi.ImageComparison.CheckWidgetAppearance@4157f54e]" name="checkQ4WidNewAppearance" duration-ms="26299" started-at="2017-04-20T14:34:29Z" data-provider="getWidgetNewData" finished-at="2017-04-20T14:34:55Z">
          <params>
            <param index="0">
              <value>
[...]
          <params>
            <param index="0">
              <value>
                <![CDATA[{"URL Q4":"http:\/\/q4eurotestir.q4web.com\/Solutions\/SinclairISPharma\/3392\/chart.aspx","URL EURO":"http:\/\/ir.euroinvestor.com\/Solutions\/SinclairISPharma\/3392\/chart.aspx","Solution Folder":"SinclairISPharma"}]]>
              </value>
            </param>
          </params>
          <reporter-output>
          </reporter-output>
        </test-method> <!-- checkQ4WidNewAppearance -->
        <test-method status="PASS" signature="checkQ4WidNewAppearance(org.json.simple.JSONObject)[pri:0, instance:specs.euroApi.ImageComparison.CheckWidgetAppearance@4157f54e]" name="checkQ4WidNewAppearance" duration-ms="30224" started-at="2017-04-20T15:08:51Z" data-provider="getWidgetNewData" finished-at="2017-04-20T15:09:21Z">
          <params>
            <param index="0">
              <value>
                <![CDATA[{"URL Q4":"http:\/\/q4eurotestir.q4web.com\/Solutions\/SocieteGenerale\/3242\/chart.aspx","URL EURO":"http:\/\/ir.euroinvestor.com\/Solutions\/SocieteGenerale\/3242\/chart.aspx","Solution Folder":"SocieteGenerale"}]]>
              </value>
            </param>
          </params>
          <reporter-output>
          </reporter-output>
        </test-method> <!-- checkQ4WidNewAppearance -->
        <test-method status="PASS" signature="checkQ4WidNewAppearance(org.json.simple.JSONObject)[pri:0, instance:specs.euroApi.ImageComparison.CheckWidgetAppearance@4157f54e]" name="checkQ4WidNewAppearance" duration-ms="27691" started-at="2017-04-20T15:08:53Z" data-provider="getWidgetNewData" finished-at="2017-04-20T15:09:21Z">
          <params>
            <param index="0">
              <value>
                <![CDATA[{"URL Q4":"http:\/\/q4eurotestir.q4web.com\/Solutions\/TargetHealthcareREIT\/3256\/chart.aspx","URL EURO":"http:\/\/ir.euroinvestor.com\/Solutions\/TargetHealthcareREIT\/3256\/chart.aspx","Solution Folder":"TargetHealthcareREIT"}]]>
              </value>
            </param>
          </params>
          <reporter-output>
          </reporter-output>
        </test-method> <!-- checkQ4WidNewAppearance -->
        <test-method status="PASS" signature="checkQ4WidNewAppearance(org.json.simple.JSONObject)[pri:0, instance:specs.euroApi.ImageComparison.CheckWidgetAppearance@4157f54e]" name="checkQ4WidNewAppearance" duration-ms="26939" started-at="2017-04-20T15:09:01Z" data-provider="getWidgetNewData" finished-at="2017-04-20T15:09:28Z">
          <params>
            <param index="0">
              <value>
                <![CDATA[{"URL Q4":"http:\/\/q4eurotestir.q4web.com\/Solutions\/TargetHealthcareREIT\/3256\/performance.aspx","URL EURO":"http:\/\/ir.euroinvestor.com\/Solutions\/TargetHealthcareREIT\/3256\/performance.aspx","Solution Folder":"TargetHealthcareREIT"}]]>
              </value>
            </param>
          </params>
          <reporter-output>
          </reporter-output>
        </test-method> <!-- checkQ4WidNewAppearance -->
        <test-method status="PASS" signature="checkQ4WidNewAppearance(org.json.simple.JSONObject)[pri:0, instance:specs.euroApi.ImageComparison.CheckWidgetAppearance@4157f54e]" name="checkQ4WidNewAppearance" duration-ms="25549" started-at="2017-04-20T15:09:04Z" data-provider="getWidgetNewData" finished-at="2017-04-20T15:09:29Z">
          <params>
            <param index="0">
              <value>
                <![CDATA[{"URL Q4":"http:\/\/q4eurotestir.q4web.com\/Solutions\/Versarien\/1834\/chart.aspx","URL EURO":"http:\/\/ir.euroinvestor.com\/Solutions\/Versarien\/1834\/chart.aspx","Solution Folder":"Versarien"}]]>
              </value>
            </param>
          </params>
          <reporter-output>
          </reporter-output>
        </test-method> <!-- checkQ4WidNewAppearance -->
        <test-method status="PASS" signature="checkQ4WidNewAppearance(org.json.simple.JSONObject)[pri:0, instance:specs.euroApi.ImageComparison.CheckWidgetAppearance@4157f54e]" name="checkQ4WidNewAppearance" duration-ms="24963" started-at="2017-04-20T15:09:05Z" data-provider="getWidgetNewData" finished-at="2017-04-20T15:09:30Z">
          <params>
            <param index="0">
              <value>
                <![CDATA[{"URL Q4":"http:\/\/q4eurotestir.q4web.com\/Solutions\/Versarien\/1834\/chartMini.aspx","URL EURO":"http:\/\/ir.euroinvestor.com\/Solutions\/Versarien\/1834\/chartMini.aspx","Solution Folder":"Versarien"}]]>
              </value>
            </param>
          </params>
          <reporter-output>
          </reporter-output>
        </test-method> <!-- checkQ4WidNewAppearance -->
        <test-method status="PASS" signature="checkQ4WidNewAppearance(org.json.simple.JSONObject)[pri:0, instance:specs.euroApi.ImageComparison.CheckWidgetAppearance@4157f54e]" name="checkQ4WidNewAppearance" duration-ms="24624" started-at="2017-04-20T15:09:05Z" data-provider="getWidgetNewData" finished-at="2017-04-20T15:09:30Z">
          <params>
            <param index="0">
              <value>
                <![CDATA[{"URL Q4":"http:\/\/q4eurotestir.q4web.com\/Solutions\/Versarien\/1834\/chart_withVolume.aspx","URL EURO":"http:\/\/ir.euroinvestor.com\/Solutions\/Versarien\/1834\/chart_withVolume.aspx","Solution Folder":"Versarien"}]]>
              </value>
            </param>
          </params>
          <reporter-output>
          </reporter-output>
        </test-method> <!-- checkQ4WidNewAppearance -->
        <test-method status="PASS" signature="checkQ4WidNewAppearance(org.json.simple.JSONObject)[pri:0, instance:specs.euroApi.ImageComparison.CheckWidgetAppearance@4157f54e]" name="checkQ4WidNewAppearance" duration-ms="35680" started-at="2017-04-20T15:09:05Z" data-provider="getWidgetNewData" finished-at="2017-04-20T15:09:41Z">
          <params>
            <param index="0">
              <value>
                <![CDATA[{"URL Q4":"http:\/\/q4eurotestir.q4web.com\/Solutions\/Versarien\/1834\/detailedSharePrice.aspx","URL EURO":"http:\/\/ir.euroinvestor.com\/Solutions\/Versarien\/1834\/detailedSharePrice.aspx","Solution Folder":"Versarien"}]]>
              </value>
            </param>
          </params>
          <reporter-output>
          </reporter-output>
        </test-method> <!-- checkQ4WidNewAppearance -->
        <test-method status="PASS" signature="checkQ4WidNewAppearance(org.json.simple.JSONObject)[pri:0, instance:specs.euroApi.ImageComparison.CheckWidgetAppearance@4157f54e]" name="checkQ4WidNewAppearance" duration-ms="24208" started-at="2017-04-20T15:09:06Z" data-provider="getWidgetNewData" finished-at="2017-04-20T15:09:30Z">
          <params>
            <param index="0">
              <value>
                <![CDATA[{"URL Q4":"http:\/\/q4eurotestir.q4web.com\/Solutions\/Versarien\/1834\/emailAlerts.aspx","URL EURO":"http:\/\/ir.euroinvestor.com\/Solutions\/Versarien\/1834\/emailAlerts.aspx","Solution Folder":"Versarien"}]]>
              </value>
            </param>
          </params>
          <reporter-output>
          </reporter-output>
        </test-method> <!-- checkQ4WidNewAppearance -->
        <test-method status="PASS" signature="checkQ4WidNewAppearance(org.json.simple.JSONObject)[pri:0, instance:specs.euroApi.ImageComparison.CheckWidgetAppearance@4157f54e]" name="checkQ4WidNewAppearance" duration-ms="35696" started-at="2017-04-20T15:09:06Z" data-provider="getWidgetNewData" finished-at="2017-04-20T15:09:42Z">
          <params>
            <param index="0">
              <value>
                <![CDATA[{"URL Q4":"http:\/\/q4eurotestir.q4web.com\/Solutions\/Versarien\/1834\/news.aspx","URL EURO":"http:\/\/ir.euroinvestor.com\/Solutions\/Versarien\/1834\/news.aspx","Solution Folder":"Versarien"}]]>
              </value>
            </param>
          </params>
          <reporter-output>
          </reporter-output>
        </test-method> <!-- checkQ4WidNewAppearance -->
        <test-method status="PASS" signature="checkQ4WidNewAppearance(org.json.simple.JSONObject)[pri:0, instance:specs.euroApi.ImageComparison.CheckWidgetAppearance@4157f54e]" name="checkQ4WidNewAppearance" duration-ms="27558" started-at="2017-04-20T15:09:10Z" data-provider="getWidgetNewData" finished-at="2017-04-20T15:09:38Z">
          <params>
            <param index="0">
              <value>
                <![CDATA[{"URL Q4":"http:\/\/q4eurotestir.q4web.com\/Solutions\/VESTAS\/3400\/chart.aspx","URL EURO":"http:\/\/ir.euroinvestor.com\/Solutions\/VESTAS\/3400\/chart.aspx","Solution Folder":"VESTAS"}]]>
              </value>
            </param>
          </params>
          <reporter-output>
          </reporter-output>
        </test-method> <!-- checkQ4WidNewAppearance -->
        <test-method status="PASS" signature="checkQ4WidNewAppearance(org.json.simple.JSONObject)[pri:0, instance:specs.euroApi.ImageComparison.CheckWidgetAppearance@4157f54e]" name="checkQ4WidNewAppearance" duration-ms="27610" started-at="2017-04-20T15:09:10Z" data-provider="getWidgetNewData" finished-at="2017-04-20T15:09:38Z">
          <params>
            <param index="0">
              <value>
                <![CDATA[{"URL Q4":"http:\/\/q4eurotestir.q4web.com\/Solutions\/Vopak\/3308\/chart.aspx","URL EURO":"http:\/\/ir.euroinvestor.com\/Solutions\/Vopak\/3308\/chart.aspx","Solution Folder":"Vopak"}]]>
              </value>
            </param>
          </params>
          <reporter-output>
          </reporter-output>
        </test-method> <!-- checkQ4WidNewAppearance -->
        <test-method status="PASS" signature="checkQ4WidNewAppearance(org.json.simple.JSONObject)[pri:0, instance:specs.euroApi.ImageComparison.CheckWidgetAppearance@4157f54e]" name="checkQ4WidNewAppearance" duration-ms="25524" started-at="2017-04-20T15:09:11Z" data-provider="getWidgetNewData" finished-at="2017-04-20T15:09:36Z">
          <params>
            <param index="0">
              <value>
                <![CDATA[{"URL Q4":"http:\/\/q4eurotestir.q4web.com\/Solutions\/Wereldhave\/2698\/calc.aspx","URL EURO":"http:\/\/ir.euroinvestor.com\/Solutions\/Wereldhave\/2698\/calc.aspx","Solution Folder":"Wereldhave"}]]>
              </value>
            </param>
          </params>
          <reporter-output>
          </reporter-output>
        </test-method> <!-- checkQ4WidNewAppearance -->
        <test-method status="PASS" signature="checkQ4WidNewAppearance(org.json.simple.JSONObject)[pri:0, instance:specs.euroApi.ImageComparison.CheckWidgetAppearance@4157f54e]" name="checkQ4WidNewAppearance" duration-ms="31791" started-at="2017-04-20T15:09:11Z" data-provider="getWidgetNewData" finished-at="2017-04-20T15:09:43Z">
          <params>
            <param index="0">
              <value>
                <![CDATA[{"URL Q4":"http:\/\/q4eurotestir.q4web.com\/Solutions\/Wereldhave\/2698\/chart.aspx","URL EURO":"http:\/\/ir.euroinvestor.com\/Solutions\/Wereldhave\/2698\/chart.aspx","Solution Folder":"Wereldhave"}]]>
              </value>
            </param>
          </params>
          <reporter-output>
          </reporter-output>
        </test-method> <!-- checkQ4WidNewAppearance -->
        <test-method status="PASS" signature="checkQ4WidNewAppearance(org.json.simple.JSONObject)[pri:0, instance:specs.euroApi.ImageComparison.CheckWidgetAppearance@4157f54e]" name="checkQ4WidNewAppearance" duration-ms="26244" started-at="2017-04-20T15:09:12Z" data-provider="getWidgetNewData" finished-at="2017-04-20T15:09:38Z">
          <params>
            <param index="0">
              <value>
                <![CDATA[{"URL Q4":"http:\/\/q4eurotestir.q4web.com\/Solutions\/Wereldhave\/2698\/lookup.aspx","URL EURO":"http:\/\/ir.euroinvestor.com\/Solutions\/Wereldhave\/2698\/lookup.aspx","Solution Folder":"Wereldhave"}]]>
              </value>
            </param>
          </params>
          <reporter-output>
          </reporter-output>
        </test-method> <!-- checkQ4WidNewAppearance -->
        <test-method status="PASS" signature="checkQ4WidNewAppearance(org.json.simple.JSONObject)[pri:0, instance:specs.euroApi.ImageComparison.CheckWidgetAppearance@4157f54e]" name="checkQ4WidNewAppearance" duration-ms="26167" started-at="2017-04-20T15:09:12Z" data-provider="getWidgetNewData" finished-at="2017-04-20T15:09:38Z">
          <params>
            <param index="0">
              <value>
                <![CDATA[{"URL Q4":"http:\/\/q4eurotestir.q4web.com\/Solutions\/Wereldhave\/2704\/calc.aspx","URL EURO":"http:\/\/ir.euroinvestor.com\/Solutions\/Wereldhave\/2704\/calc.aspx","Solution Folder":"Wereldhave"}]]>
              </value>
            </param>
          </params>
          <reporter-output>
          </reporter-output>
        </test-method> <!-- checkQ4WidNewAppearance -->
        <test-method status="PASS" signature="checkQ4WidNewAppearance(org.json.simple.JSONObject)[pri:0, instance:specs.euroApi.ImageComparison.CheckWidgetAppearance@4157f54e]" name="checkQ4WidNewAppearance" duration-ms="27542" started-at="2017-04-20T15:09:21Z" data-provider="getWidgetNewData" finished-at="2017-04-20T15:09:49Z">
          <params>
            <param index="0">
              <value>
                <![CDATA[{"URL Q4":"http:\/\/q4eurotestir.q4web.com\/Solutions\/Wereldhave\/2704\/chart.aspx","URL EURO":"http:\/\/ir.euroinvestor.com\/Solutions\/Wereldhave\/2704\/chart.aspx","Solution Folder":"Wereldhave"}]]>
              </value>
            </param>
          </params>
          <reporter-output>
          </reporter-output>
        </test-method> <!-- checkQ4WidNewAppearance -->
        <test-method status="PASS" signature="checkQ4WidNewAppearance(org.json.simple.JSONObject)[pri:0, instance:specs.euroApi.ImageComparison.CheckWidgetAppearance@4157f54e]" name="checkQ4WidNewAppearance" duration-ms="25813" started-at="2017-04-20T15:09:21Z" data-provider="getWidgetNewData" finished-at="2017-04-20T15:09:47Z">
          <params>
            <param index="0">
              <value>
                <![CDATA[{"URL Q4":"http:\/\/q4eurotestir.q4web.com\/Solutions\/Wereldhave\/2704\/lookup.aspx","URL EURO":"http:\/\/ir.euroinvestor.com\/Solutions\/Wereldhave\/2704\/lookup.aspx","Solution Folder":"Wereldhave"}]]>
              </value>
            </param>
          </params>
          <reporter-output>
          </reporter-output>
        </test-method> <!-- checkQ4WidNewAppearance -->
        <test-method status="PASS" signature="checkQ4WidNewAppearance(org.json.simple.JSONObject)[pri:0, instance:specs.euroApi.ImageComparison.CheckWidgetAppearance@4157f54e]" name="checkQ4WidNewAppearance" duration-ms="24332" started-at="2017-04-20T15:09:28Z" data-provider="getWidgetNewData" finished-at="2017-04-20T15:09:52Z">
          <params>
            <param index="0">
              <value>
                <![CDATA[{"URL Q4":"http:\/\/q4eurotestir.q4web.com\/Solutions\/Wereldhave\/2704\/orders.aspx","URL EURO":"http:\/\/ir.euroinvestor.com\/Solutions\/Wereldhave\/2704\/orders.aspx","Solution Folder":"Wereldhave"}]]>
              </value>
            </param>
          </params>
          <reporter-output>
          </reporter-output>
        </test-method> <!-- checkQ4WidNewAppearance -->
        <test-method status="PASS" signature="checkQ4WidNewAppearance(org.json.simple.JSONObject)[pri:0, instance:specs.euroApi.ImageComparison.CheckWidgetAppearance@4157f54e]" name="checkQ4WidNewAppearance" duration-ms="33210" started-at="2017-04-20T15:09:30Z" data-provider="getWidgetNewData" finished-at="2017-04-20T15:10:03Z">
          <params>
            <param index="0">
              <value>
                <![CDATA[{"URL Q4":"http:\/\/q4eurotestir.q4web.com\/Solutions\/Wereldhave\/2704\/performance.aspx","URL EURO":"http:\/\/ir.euroinvestor.com\/Solutions\/Wereldhave\/2704\/performance.aspx","Solution Folder":"Wereldhave"}]]>
              </value>
            </param>
          </params>
          <reporter-output>
          </reporter-output>
        </test-method> <!-- checkQ4WidNewAppearance -->
        <test-method status="PASS" signature="checkQ4WidNewAppearance(org.json.simple.JSONObject)[pri:0, instance:specs.euroApi.ImageComparison.CheckWidgetAppearance@4157f54e]" name="checkQ4WidNewAppearance" duration-ms="24207" started-at="2017-04-20T15:09:31Z" data-provider="getWidgetNewData" finished-at="2017-04-20T15:09:55Z">
          <params>
            <param index="0">
              <value>
                <![CDATA[{"URL Q4":"http:\/\/q4eurotestir.q4web.com\/Solutions\/Wereldhave\/2704\/profile.aspx","URL EURO":"http:\/\/ir.euroinvestor.com\/Solutions\/Wereldhave\/2704\/profile.aspx","Solution Folder":"Wereldhave"}]]>
              </value>
            </param>
          </params>
          <reporter-output>
          </reporter-output>
        </test-method> <!-- checkQ4WidNewAppearance -->
        <test-method status="PASS" signature="checkQ4WidNewAppearance(org.json.simple.JSONObject)[pri:0, instance:specs.euroApi.ImageComparison.CheckWidgetAppearance@4157f54e]" name="checkQ4WidNewAppearance" duration-ms="58996" started-at="2017-04-20T15:09:31Z" data-provider="getWidgetNewData" finished-at="2017-04-20T15:10:30Z">
          <params>
            <param index="0">
              <value>
                <![CDATA[{"URL Q4":"http:\/\/q4eurotestir.q4web.com\/Solutions\/Wereldhave\/2704\/sharepriceTools.aspx","URL EURO":"http:\/\/ir.euroinvestor.com\/Solutions\/Wereldhave\/2704\/sharepriceTools.aspx","Solution Folder":"Wereldhave"}]]>
              </value>
            </param>
          </params>
          <reporter-output>
          </reporter-output>
        </test-method> <!-- checkQ4WidNewAppearance -->
        <test-method status="PASS" signature="checkQ4WidNewAppearance(org.json.simple.JSONObject)[pri:0, instance:specs.euroApi.ImageComparison.CheckWidgetAppearance@4157f54e]" name="checkQ4WidNewAppearance" duration-ms="24295" started-at="2017-04-20T15:09:31Z" data-provider="getWidgetNewData" finished-at="2017-04-20T15:09:55Z">
          <params>
            <param index="0">
              <value>
                <![CDATA[{"URL Q4":"http:\/\/q4eurotestir.q4web.com\/Solutions\/Wereldhave\/2704\/trades.aspx","URL EURO":"http:\/\/ir.euroinvestor.com\/Solutions\/Wereldhave\/2704\/trades.aspx","Solution Folder":"Wereldhave"}]]>
              </value>
            </param>
          </params>
          <reporter-output>
          </reporter-output>
        </test-method> <!-- checkQ4WidNewAppearance -->
        <test-method status="PASS" signature="checkQ4WidNewAppearance(org.json.simple.JSONObject)[pri:0, instance:specs.euroApi.ImageComparison.CheckWidgetAppearance@4157f54e]" name="checkQ4WidNewAppearance" duration-ms="27080" started-at="2017-04-20T15:09:37Z" data-provider="getWidgetNewData" finished-at="2017-04-20T15:10:04Z">
          <params>
            <param index="0">
              <value>
                <![CDATA[{"URL Q4":"http:\/\/q4eurotestir.q4web.com\/Solutions\/Wereldhave\/3314\/chart.aspx","URL EURO":"http:\/\/ir.euroinvestor.com\/Solutions\/Wereldhave\/3314\/chart.aspx","Solution Folder":"Wereldhave"}]]>
              </value>
            </param>
          </params>
          <reporter-output>
          </reporter-output>
        </test-method> <!-- checkQ4WidNewAppearance -->
        <test-method status="PASS" signature="tearDown()[pri:0, instance:specs.euroApi.ImageComparison.CheckWidgetAppearance@4157f54e]" name="tearDown" is-config="true" duration-ms="443" started-at="2017-04-20T15:10:30Z" finished-at="2017-04-20T15:10:30Z">
          <reporter-output>
          </reporter-output>
        </test-method> <!-- tearDown -->
      </class> <!-- specs.euroApi.ImageComparison.CheckWidgetAppearance -->
    </test> <!-- CheckWidgetAppearance -->
  </suite> <!-- Euro Widget Comparison -->
</testng-results>
