<?xml version="1.0" encoding="UTF-8"?>
<!-- Generated by org.testng.reporters.JUnitReportReporter -->
<testsuite hostname="PhilipS-MacBookPro.local" name="specs.euroApi.ImageComparison.CheckWidgetAppearance" tests="1173" failures="0" timestamp="20 Apr 2017 19:10:31 GMT" time="33712.352" errors="5">
  <testcase name="checkQ4WidNewAppearance" time="27.001" classname="specs.euroApi.ImageComparison.CheckWidgetAppearance"/>
  <testcase name="checkQ4WidNewAppearance" time="25.170" classname="specs.euroApi.ImageComparison.CheckWidgetAppearance"/>
  <testcase name="checkQ4WidNewAppearance" time="26.591" classname="specs.euroApi.ImageComparison.CheckWidgetAppearance"/>
  <testcase name="checkQ4WidNewAppearance" time="23.574" classname="specs.euroApi.ImageComparison.CheckWidgetAppearance"/>
  <testcase name="checkQ4WidNewAppearance" time="38.379" classname="specs.euroApi.ImageComparison.CheckWidgetAppearance"/>
  <testcase name="checkQ4WidNewAppearance" time="26.211" classname="specs.euroApi.ImageComparison.CheckWidgetAppearance"/>
  <testcase name="checkQ4WidNewAppearance" time="31.110" classname="specs.euroApi.ImageComparison.CheckWidgetAppearance"/>
  <testcase name="checkQ4WidNewAppearance" time="27.446" classname="specs.euroApi.ImageComparison.CheckWidgetAppearance"/>
  <testcase name="checkQ4WidNewAppearance" time="26.947" classname="specs.euroApi.ImageComparison.CheckWidgetAppearance"/>
  <testcase name="checkQ4WidNewAppearance" time="24.673" classname="specs.euroApi.ImageComparison.CheckWidgetAppearance"/>
  <testcase name="checkQ4WidNewAppearance" time="25.915" classname="specs.euroApi.ImageComparison.CheckWidgetAppearance"/>
  <testcase name="checkQ4WidNewAppearance" time="24.186" classname="specs.euroApi.ImageComparison.CheckWidgetAppearance"/>
  <testcase name="checkQ4WidNewAppearance" time="23.900" classname="specs.euroApi.ImageComparison.CheckWidgetAppearance"/>
  <testcase name="checkQ4WidNewAppearance" time="35.010" classname="specs.euroApi.ImageComparison.CheckWidgetAppearance"/>
  <testcase name="checkQ4WidNewAppearance" time="27.836" classname="specs.euroApi.ImageComparison.CheckWidgetAppearance"/>
  <testcase name="checkQ4WidNewAppearance" time="23.352" classname="specs.euroApi.ImageComparison.CheckWidgetAppearance"/>
  <testcase name="checkQ4WidNewAppearance" time="24.183" classname="specs.euroApi.ImageComparison.CheckWidgetAppearance"/>
  <testcase name="checkQ4WidNewAppearance" time="27.774" classname="specs.euroApi.ImageComparison.CheckWidgetAppearance"/>
  <testcase name="checkQ4WidNewAppearance" time="28.181" classname="specs.euroApi.ImageComparison.CheckWidgetAppearance"/>
  <testcase name="checkQ4WidNewAppearance" time="28.107" classname="specs.euroApi.ImageComparison.CheckWidgetAppearance"/>
  <testcase name="checkQ4WidNewAppearance" time="24.799" classname="specs.euroApi.ImageComparison.CheckWidgetAppearance"/>
  <testcase name="checkQ4WidNewAppearance" time="27.212" classname="specs.euroApi.ImageComparison.CheckWidgetAppearance"/>
  <testcase name="checkQ4WidNewAppearance" time="27.491" classname="specs.euroApi.ImageComparison.CheckWidgetAppearance"/>
  <testcase name="checkQ4WidNewAppearance" time="27.740" classname="specs.euroApi.ImageComparison.CheckWidgetAppearance"/>
  <testcase name="checkQ4WidNewAppearance" time="25.086" classname="specs.euroApi.ImageComparison.CheckWidgetAppearance"/>
  <testcase name="checkQ4WidNewAppearance" time="31.522" classname="specs.euroApi.ImageComparison.CheckWidgetAppearance"/>
  <testcase name="checkQ4WidNewAppearance" time="35.405" classname="specs.euroApi.ImageComparison.CheckWidgetAppearance"/>
  <testcase name="checkQ4WidNewAppearance" time="27.228" classname="specs.euroApi.ImageComparison.CheckWidgetAppearance"/>
  <testcase name="checkQ4WidNewAppearance" time="32.456" classname="specs.euroApi.ImageComparison.CheckWidgetAppearance"/>
  <testcase name="checkQ4WidNewAppearance" time="23.720" classname="specs.euroApi.ImageComparison.CheckWidgetAppearance"/>
  <testcase name="checkQ4WidNewAppearance" time="25.913" classname="specs.euroApi.ImageComparison.CheckWidgetAppearance"/>
  <testcase name="checkQ4WidNewAppearance" time="25.850" classname="specs.euroApi.ImageComparison.CheckWidgetAppearance"/>
  <testcase name="checkQ4WidNewAppearance" time="27.406" classname="specs.euroApi.ImageComparison.CheckWidgetAppearance"/>
  <testcase name="checkQ4WidNewAppearance" time="28.127" classname="specs.euroApi.ImageComparison.CheckWidgetAppearance"/>
  <testcase name="checkQ4WidNewAppearance" time="23.994" classname="specs.euroApi.ImageComparison.CheckWidgetAppearance"/>
  <testcase name="checkQ4WidNewAppearance" time="26.263" classname="specs.euroApi.ImageComparison.CheckWidgetAppearance"/>
  <testcase name="checkQ4WidNewAppearance" time="26.797" classname="specs.euroApi.ImageComparison.CheckWidgetAppearance"/>
  <testcase name="checkQ4WidNewAppearance" time="23.176" classname="specs.euroApi.ImageComparison.CheckWidgetAppearance"/>
  <testcase name="checkQ4WidNewAppearance" time="25.587" classname="specs.euroApi.ImageComparison.CheckWidgetAppearance"/>
  <testcase name="checkQ4WidNewAppearance" time="27.901" classname="specs.euroApi.ImageComparison.CheckWidgetAppearance"/>
  <testcase name="checkQ4WidNewAppearance" time="26.775" classname="specs.euroApi.ImageComparison.CheckWidgetAppearance"/>
  <testcase name="checkQ4WidNewAppearance" time="43.919" classname="specs.euroApi.ImageComparison.CheckWidgetAppearance"/>
  <testcase name="checkQ4WidNewAppearance" time="37.711" classname="specs.euroApi.ImageComparison.CheckWidgetAppearance"/>
  <testcase name="checkQ4WidNewAppearance" time="27.086" classname="specs.euroApi.ImageComparison.CheckWidgetAppearance"/>
  <testcase name="checkQ4WidNewAppearance" time="26.185" classname="specs.euroApi.ImageComparison.CheckWidgetAppearance"/>
  <testcase name="checkQ4WidNewAppearance" time="24.891" classname="specs.euroApi.ImageComparison.CheckWidgetAppearance"/>
  <testcase name="checkQ4WidNewAppearance" time="28.025" classname="specs.euroApi.ImageComparison.CheckWidgetAppearance"/>
  <testcase name="checkQ4WidNewAppearance" time="27.028" classname="specs.euroApi.ImageComparison.CheckWidgetAppearance"/>
  <testcase name="checkQ4WidNewAppearance" time="40.095" classname="specs.euroApi.ImageComparison.CheckWidgetAppearance"/>
  <testcase name="checkQ4WidNewAppearance" time="24.456" classname="specs.euroApi.ImageComparison.CheckWidgetAppearance"/>
  <testcase name="checkQ4WidNewAppearance" time="30.955" classname="specs.euroApi.ImageComparison.CheckWidgetAppearance"/>
  <testcase name="checkQ4WidNewAppearance" time="26.129" classname="specs.euroApi.ImageComparison.CheckWidgetAppearance"/>
  <testcase name="checkQ4WidNewAppearance" time="25.805" classname="specs.euroApi.ImageComparison.CheckWidgetAppearance"/>
  <testcase name="checkQ4WidNewAppearance" time="23.700" classname="specs.euroApi.ImageComparison.CheckWidgetAppearance"/>
  <testcase name="checkQ4WidNewAppearance" time="29.350" classname="specs.euroApi.ImageComparison.CheckWidgetAppearance"/>
  <testcase name="checkQ4WidNewAppearance" time="27.193" classname="specs.euroApi.ImageComparison.CheckWidgetAppearance"/>
  <testcase name="checkQ4WidNewAppearance" time="28.989" classname="specs.euroApi.ImageComparison.CheckWidgetAppearance"/>
  <testcase name="checkQ4WidNewAppearance" time="24.416" classname="specs.euroApi.ImageComparison.CheckWidgetAppearance"/>
  <testcase name="checkQ4WidNewAppearance" time="25.820" classname="specs.euroApi.ImageComparison.CheckWidgetAppearance"/>
  <testcase name="checkQ4WidNewAppearance" time="27.060" classname="specs.euroApi.ImageComparison.CheckWidgetAppearance"/>
  <testcase name="checkQ4WidNewAppearance" time="24.078" classname="specs.euroApi.ImageComparison.CheckWidgetAppearance"/>
  <testcase name="checkQ4WidNewAppearance" time="25.299" classname="specs.euroApi.ImageComparison.CheckWidgetAppearance"/>
  <testcase name="checkQ4WidNewAppearance" time="28.194" classname="specs.euroApi.ImageComparison.CheckWidgetAppearance"/>
  <testcase name="checkQ4WidNewAppearance" time="27.185" classname="specs.euroApi.ImageComparison.CheckWidgetAppearance"/>
  <testcase name="checkQ4WidNewAppearance" time="46.821" classname="specs.euroApi.ImageComparison.CheckWidgetAppearance"/>
  <testcase name="checkQ4WidNewAppearance" time="23.680" classname="specs.euroApi.ImageComparison.CheckWidgetAppearance"/>
  <testcase name="checkQ4WidNewAppearance" time="25.302" classname="specs.euroApi.ImageComparison.CheckWidgetAppearance"/>
  <testcase name="checkQ4WidNewAppearance" time="24.632" classname="specs.euroApi.ImageComparison.CheckWidgetAppearance"/>
  <testcase name="checkQ4WidNewAppearance" time="26.813" classname="specs.euroApi.ImageComparison.CheckWidgetAppearance"/>
  <testcase name="checkQ4WidNewAppearance" time="24.559" classname="specs.euroApi.ImageComparison.CheckWidgetAppearance"/>
  <testcase name="checkQ4WidNewAppearance" time="28.554" classname="specs.euroApi.ImageComparison.CheckWidgetAppearance"/>
  <testcase name="checkQ4WidNewAppearance" time="24.654" classname="specs.euroApi.ImageComparison.CheckWidgetAppearance"/>
  <testcase name="checkQ4WidNewAppearance" time="25.380" classname="specs.euroApi.ImageComparison.CheckWidgetAppearance"/>
  <testcase name="checkQ4WidNewAppearance" time="27.356" classname="specs.euroApi.ImageComparison.CheckWidgetAppearance"/>
  <testcase name="checkQ4WidNewAppearance" time="25.810" classname="specs.euroApi.ImageComparison.CheckWidgetAppearance"/>
  <testcase name="checkQ4WidNewAppearance" time="25.475" classname="specs.euroApi.ImageComparison.CheckWidgetAppearance"/>
  <testcase name="checkQ4WidNewAppearance" time="25.700" classname="specs.euroApi.ImageComparison.CheckWidgetAppearance"/>
  <testcase name="checkQ4WidNewAppearance" time="24.559" classname="specs.euroApi.ImageComparison.CheckWidgetAppearance"/>
  <testcase name="checkQ4WidNewAppearance" time="25.146" classname="specs.euroApi.ImageComparison.CheckWidgetAppearance"/>
  <testcase name="checkQ4WidNewAppearance" time="26.418" classname="specs.euroApi.ImageComparison.CheckWidgetAppearance"/>
  <testcase name="checkQ4WidNewAppearance" time="25.008" classname="specs.euroApi.ImageComparison.CheckWidgetAppearance"/>
  <testcase name="checkQ4WidNewAppearance" time="25.648" classname="specs.euroApi.ImageComparison.CheckWidgetAppearance"/>
  <testcase name="checkQ4WidNewAppearance" time="26.599" classname="specs.euroApi.ImageComparison.CheckWidgetAppearance"/>
  <testcase name="checkQ4WidNewAppearance" time="22.974" classname="specs.euroApi.ImageComparison.CheckWidgetAppearance"/>
  <testcase name="checkQ4WidNewAppearance" time="25.115" classname="specs.euroApi.ImageComparison.CheckWidgetAppearance"/>
  <testcase name="checkQ4WidNewAppearance" time="24.221" classname="specs.euroApi.ImageComparison.CheckWidgetAppearance"/>
  <testcase name="checkQ4WidNewAppearance" time="31.316" classname="specs.euroApi.ImageComparison.CheckWidgetAppearance"/>
  <testcase name="checkQ4WidNewAppearance" time="27.840" classname="specs.euroApi.ImageComparison.CheckWidgetAppearance"/>
  <testcase name="checkQ4WidNewAppearance" time="30.307" classname="specs.euroApi.ImageComparison.CheckWidgetAppearance"/>
  <testcase name="checkQ4WidNewAppearance" time="26.646" classname="specs.euroApi.ImageComparison.CheckWidgetAppearance"/>
  <testcase name="checkQ4WidNewAppearance" time="25.257" classname="specs.euroApi.ImageComparison.CheckWidgetAppearance"/>
  <testcase name="checkQ4WidNewAppearance" time="27.535" classname="specs.euroApi.ImageComparison.CheckWidgetAppearance"/>
  <testcase name="checkQ4WidNewAppearance" time="26.939" classname="specs.euroApi.ImageComparison.CheckWidgetAppearance"/>
  <testcase name="checkQ4WidNewAppearance" time="46.188" classname="specs.euroApi.ImageComparison.CheckWidgetAppearance"/>
  <testcase name="checkQ4WidNewAppearance" time="27.296" classname="specs.euroApi.ImageComparison.CheckWidgetAppearance"/>
  <testcase name="checkQ4WidNewAppearance" time="25.513" classname="specs.euroApi.ImageComparison.CheckWidgetAppearance"/>
  <testcase name="checkQ4WidNewAppearance" time="30.557" classname="specs.euroApi.ImageComparison.CheckWidgetAppearance"/>
  <testcase name="checkQ4WidNewAppearance" time="29.610" classname="specs.euroApi.ImageComparison.CheckWidgetAppearance"/>
  <testcase name="checkQ4WidNewAppearance" time="26.506" classname="specs.euroApi.ImageComparison.CheckWidgetAppearance"/>
  <testcase name="checkQ4WidNewAppearance" time="25.550" classname="specs.euroApi.ImageComparison.CheckWidgetAppearance"/>
  <testcase name="checkQ4WidNewAppearance" time="28.337" classname="specs.euroApi.ImageComparison.CheckWidgetAppearance"/>
  <testcase name="checkQ4WidNewAppearance" time="26.543" classname="specs.euroApi.ImageComparison.CheckWidgetAppearance"/>
  <testcase name="checkQ4WidNewAppearance" time="24.174" classname="specs.euroApi.ImageComparison.CheckWidgetAppearance"/>
  <testcase name="checkQ4WidNewAppearance" time="58.719" classname="specs.euroApi.ImageComparison.CheckWidgetAppearance">
    <error type="org.openqa.selenium.TimeoutException" message="{&quot;errorMessage&quot;:&quot;URL &#039;http://q4eurotestir.q4web.com/Solutions/Torm/2464/newsArticle.aspx&#039; didn&#039;t load. Error: &#039;timeout&#039;&quot;,&quot;request&quot;:{&quot;headers&quot;:{&quot;Accept-Encoding&quot;:&quot;gzip,deflate&quot;,&quot;Connection&quot;:&quot;Keep-Alive&quot;,&quot;Content-Length&quot;:&quot;76&quot;,&quot;Content-Type&quot;:&quot;application/json; charset=utf-8&quot;,&quot;Host&quot;:&quot;localhost:21451&quot;,&quot;User-Agent&quot;:&quot;Apache-HttpClient/4.5.2 (Java/1.8.0_45)&quot;},&quot;httpVersion&quot;:&quot;1.1&quot;,&quot;method&quot;:&quot;POST&quot;,&quot;post&quot;:&quot;{\&quot;url\&quot;:\&quot;http://q4eurotestir.q4web.com/Solutions/Torm/2464/newsArticle.aspx\&quot;}&quot;,&quot;url&quot;:&quot;/url&quot;,&quot;urlParsed&quot;:{&quot;anchor&quot;:&quot;&quot;,&quot;query&quot;:&quot;&quot;,&quot;file&quot;:&quot;url&quot;,&quot;directory&quot;:&quot;/&quot;,&quot;path&quot;:&quot;/url&quot;,&quot;relative&quot;:&quot;/url&quot;,&quot;port&quot;:&quot;&quot;,&quot;host&quot;:&quot;&quot;,&quot;password&quot;:&quot;&quot;,&quot;user&quot;:&quot;&quot;,&quot;userInfo&quot;:&quot;&quot;,&quot;authority&quot;:&quot;&quot;,&quot;protocol&quot;:&quot;&quot;,&quot;source&quot;:&quot;/url&quot;,&quot;queryKey&quot;:{},&quot;chunks&quot;:[&quot;url&quot;]},&quot;urlOriginal&quot;:&quot;/session/e577c460-25fb-11e7-81d7-396a30031f04/url&quot;}}
Command duration or timeout: 55.02 seconds">
      <![CDATA[org.openqa.selenium.TimeoutException: {"errorMessage":"URL 'http://q4eurotestir.q4web.com/Solutions/Torm/2464/newsArticle.aspx' didn't load. Error: 'timeout'","request":{"headers":{"Accept-Encoding":"gzip,deflate","Connection":"Keep-Alive","Content-Length":"76","Content-Type":"application/json; charset=utf-8","Host":"localhost:21451","User-Agent":"Apache-HttpClient/4.5.2 (Java/1.8.0_45)"},"httpVersion":"1.1","method":"POST","post":"{\"url\":\"http://q4eurotestir.q4web.com/Solutions/Torm/2464/newsArticle.aspx\"}","url":"/url","urlParsed":{"anchor":"","query":"","file":"url","directory":"/","path":"/url","relative":"/url","port":"","host":"","password":"","user":"","userInfo":"","authority":"","protocol":"","source":"/url","queryKey":{},"chunks":["url"]},"urlOriginal":"/session/e577c460-25fb-11e7-81d7-396a30031f04/url"}}
Command duration or timeout: 55.02 seconds
	at sun.reflect.NativeConstructorAccessorImpl.newInstance0(Native Method)
	at sun.reflect.NativeConstructorAccessorImpl.newInstance(NativeConstructorAccessorImpl.java:62)
	at sun.reflect.DelegatingConstructorAccessorImpl.newInstance(DelegatingConstructorAccessorImpl.java:45)
	at java.lang.reflect.Constructor.newInstance(Constructor.java:422)
	at org.openqa.selenium.remote.ErrorHandler.createThrowable(ErrorHandler.java:216)
	at org.openqa.selenium.remote.ErrorHandler.throwIfResponseFailed(ErrorHandler.java:168)
	at org.openqa.selenium.remote.RemoteWebDriver.execute(RemoteWebDriver.java:638)
	at org.openqa.selenium.remote.RemoteWebDriver.get(RemoteWebDriver.java:325)
	at pageobjects.euroApi.imageComparison.WidgetAppearance.getTitle(WidgetAppearance.java:107)
	at specs.euroApi.ImageComparison.CheckWidgetAppearance.getWidgetComparison(CheckWidgetAppearance.java:86)
	at specs.euroApi.ImageComparison.CheckWidgetAppearance.checkQ4WidNewAppearance(CheckWidgetAppearance.java:54)
	at sun.reflect.GeneratedMethodAccessor2.invoke(Unknown Source)
	at sun.reflect.DelegatingMethodAccessorImpl.invoke(DelegatingMethodAccessorImpl.java:43)
	at java.lang.reflect.Method.invoke(Method.java:497)
	at org.testng.internal.MethodInvocationHelper.invokeMethod(MethodInvocationHelper.java:85)
	at org.testng.internal.Invoker.invokeMethod(Invoker.java:639)
	at org.testng.internal.Invoker.invokeTestMethod(Invoker.java:821)
	at org.testng.internal.TestMethodWithDataProviderMethodWorker.call(TestMethodWithDataProviderMethodWorker.java:75)
	at org.testng.internal.TestMethodWithDataProviderMethodWorker.call(TestMethodWithDataProviderMethodWorker.java:14)
	at java.util.concurrent.FutureTask.run(FutureTask.java:266)
	at java.util.concurrent.Executors$RunnableAdapter.call(Executors.java:511)
	at java.util.concurrent.FutureTask.run(FutureTask.java:266)
	at java.util.concurrent.ThreadPoolExecutor.runWorker(ThreadPoolExecutor.java:1142)
	at java.util.concurrent.ThreadPoolExecutor$Worker.run(ThreadPoolExecutor.java:617)
	at java.lang.Thread.run(Thread.java:745)
Caused by: org.openqa.selenium.remote.ScreenshotException: Screen shot has been taken
	at org.openqa.selenium.remote.ErrorHandler.throwIfResponseFailed(ErrorHandler.java:142)
	... 19 more
Caused by: org.openqa.selenium.TimeoutException: {"errorMessage":"URL 'http://q4eurotestir.q4web.com/Solutions/Torm/2464/newsArticle.aspx' didn't load. Error: 'timeout'","request":{"headers":{"Accept-Encoding":"gzip,deflate","Connection":"Keep-Alive","Content-Length":"76","Content-Type":"application/json; charset=utf-8","Host":"localhost:21451","User-Agent":"Apache-HttpClient/4.5.2 (Java/1.8.0_45)"},"httpVersion":"1.1","method":"POST","post":"{\"url\":\"http://q4eurotestir.q4web.com/Solutions/Torm/2464/newsArticle.aspx\"}","url":"/url","urlParsed":{"anchor":"","query":"","file":"url","directory":"/","path":"/url","relative":"/url","port":"","host":"","password":"","user":"","userInfo":"","authority":"","protocol":"","source":"/url","queryKey":{},"chunks":["url"]},"urlOriginal":"/session/e577c460-25fb-11e7-81d7-396a30031f04/url"}}
Build info: version: '3.3.1', revision: '5234b325d5', time: '2017-03-10 09:10:29 +0000'
System info: host: 'PhilipS-MacBookPro.local', ip: 'fe80:0:0:0:62f8:1dff:feb8:e47c%en0', os.name: 'Mac OS X', os.arch: 'x86_64', os.version: '10.11.5', java.version: '1.8.0_45'
Driver info: driver.version: unknown
]]>
    </error>
  </testcase> <!-- checkQ4WidNewAppearance -->
  <testcase name="checkQ4WidNewAppearance" time="25.881" classname="specs.euroApi.ImageComparison.CheckWidgetAppearance"/>
  <testcase name="checkQ4WidNewAppearance" time="27.560" classname="specs.euroApi.ImageComparison.CheckWidgetAppearance"/>
  <testcase name="checkQ4WidNewAppearance" time="24.505" classname="specs.euroApi.ImageComparison.CheckWidgetAppearance"/>
  <testcase name="checkQ4WidNewAppearance" time="28.198" classname="specs.euroApi.ImageComparison.CheckWidgetAppearance"/>
  <testcase name="checkQ4WidNewAppearance" time="27.853" classname="specs.euroApi.ImageComparison.CheckWidgetAppearance"/>
  <testcase name="checkQ4WidNewAppearance" time="24.564" classname="specs.euroApi.ImageComparison.CheckWidgetAppearance"/>
  <testcase name="checkQ4WidNewAppearance" time="30.524" classname="specs.euroApi.ImageComparison.CheckWidgetAppearance"/>
  <testcase name="checkQ4WidNewAppearance" time="41.544" classname="specs.euroApi.ImageComparison.CheckWidgetAppearance"/>
  <testcase name="checkQ4WidNewAppearance" time="24.698" classname="specs.euroApi.ImageComparison.CheckWidgetAppearance"/>
  <testcase name="checkQ4WidNewAppearance" time="26.649" classname="specs.euroApi.ImageComparison.CheckWidgetAppearance"/>
  <testcase name="checkQ4WidNewAppearance" time="43.547" classname="specs.euroApi.ImageComparison.CheckWidgetAppearance"/>
  <testcase name="checkQ4WidNewAppearance" time="24.920" classname="specs.euroApi.ImageComparison.CheckWidgetAppearance"/>
  <testcase name="checkQ4WidNewAppearance" time="25.898" classname="specs.euroApi.ImageComparison.CheckWidgetAppearance"/>
  <testcase name="checkQ4WidNewAppearance" time="23.932" classname="specs.euroApi.ImageComparison.CheckWidgetAppearance"/>
  <testcase name="checkQ4WidNewAppearance" time="25.817" classname="specs.euroApi.ImageComparison.CheckWidgetAppearance"/>
  <testcase name="checkQ4WidNewAppearance" time="23.503" classname="specs.euroApi.ImageComparison.CheckWidgetAppearance"/>
  <testcase name="checkQ4WidNewAppearance" time="24.222" classname="specs.euroApi.ImageComparison.CheckWidgetAppearance"/>
  <testcase name="checkQ4WidNewAppearance" time="29.963" classname="specs.euroApi.ImageComparison.CheckWidgetAppearance"/>
  <testcase name="checkQ4WidNewAppearance" time="23.885" classname="specs.euroApi.ImageComparison.CheckWidgetAppearance"/>
  <testcase name="checkQ4WidNewAppearance" time="31.350" classname="specs.euroApi.ImageComparison.CheckWidgetAppearance"/>
  <testcase name="checkQ4WidNewAppearance" time="23.013" classname="specs.euroApi.ImageComparison.CheckWidgetAppearance"/>
  <testcase name="checkQ4WidNewAppearance" time="26.892" classname="specs.euroApi.ImageComparison.CheckWidgetAppearance"/>
  <testcase name="checkQ4WidNewAppearance" time="25.655" classname="specs.euroApi.ImageComparison.CheckWidgetAppearance"/>
  <testcase name="checkQ4WidNewAppearance" time="83.468" classname="specs.euroApi.ImageComparison.CheckWidgetAppearance"/>
  <testcase name="checkQ4WidNewAppearance" time="23.901" classname="specs.euroApi.ImageComparison.CheckWidgetAppearance"/>
  <testcase name="checkQ4WidNewAppearance" time="84.372" classname="specs.euroApi.ImageComparison.CheckWidgetAppearance"/>
  <testcase name="checkQ4WidNewAppearance" time="27.835" classname="specs.euroApi.ImageComparison.CheckWidgetAppearance"/>
  <testcase name="checkQ4WidNewAppearance" time="26.670" classname="specs.euroApi.ImageComparison.CheckWidgetAppearance"/>
  <testcase name="checkQ4WidNewAppearance" time="25.032" classname="specs.euroApi.ImageComparison.CheckWidgetAppearance"/>
  <testcase name="checkQ4WidNewAppearance" time="29.837" classname="specs.euroApi.ImageComparison.CheckWidgetAppearance"/>
  <testcase name="checkQ4WidNewAppearance" time="24.163" classname="specs.euroApi.ImageComparison.CheckWidgetAppearance"/>
  <testcase name="checkQ4WidNewAppearance" time="43.175" classname="specs.euroApi.ImageComparison.CheckWidgetAppearance"/>
  <testcase name="checkQ4WidNewAppearance" time="25.106" classname="specs.euroApi.ImageComparison.CheckWidgetAppearance"/>
  <testcase name="checkQ4WidNewAppearance" time="30.559" classname="specs.euroApi.ImageComparison.CheckWidgetAppearance"/>
  <testcase name="checkQ4WidNewAppearance" time="26.372" classname="specs.euroApi.ImageComparison.CheckWidgetAppearance"/>
  <testcase name="checkQ4WidNewAppearance" time="24.543" classname="specs.euroApi.ImageComparison.CheckWidgetAppearance"/>
  <testcase name="checkQ4WidNewAppearance" time="45.347" classname="specs.euroApi.ImageComparison.CheckWidgetAppearance"/>
  <testcase name="checkQ4WidNewAppearance" time="26.981" classname="specs.euroApi.ImageComparison.CheckWidgetAppearance"/>
  <testcase name="checkQ4WidNewAppearance" time="25.069" classname="specs.euroApi.ImageComparison.CheckWidgetAppearance"/>
  <testcase name="checkQ4WidNewAppearance" time="23.748" classname="specs.euroApi.ImageComparison.CheckWidgetAppearance"/>
  <testcase name="checkQ4WidNewAppearance" time="25.043" classname="specs.euroApi.ImageComparison.CheckWidgetAppearance"/>
  <testcase name="checkQ4WidNewAppearance" time="26.372" classname="specs.euroApi.ImageComparison.CheckWidgetAppearance"/>
  <testcase name="checkQ4WidNewAppearance" time="25.943" classname="specs.euroApi.ImageComparison.CheckWidgetAppearance"/>
  <testcase name="checkQ4WidNewAppearance" time="40.392" classname="specs.euroApi.ImageComparison.CheckWidgetAppearance"/>
  <testcase name="checkQ4WidNewAppearance" time="26.010" classname="specs.euroApi.ImageComparison.CheckWidgetAppearance"/>
  <testcase name="checkQ4WidNewAppearance" time="25.677" classname="specs.euroApi.ImageComparison.CheckWidgetAppearance"/>
  <testcase name="checkQ4WidNewAppearance" time="25.291" classname="specs.euroApi.ImageComparison.CheckWidgetAppearance"/>
  <testcase name="checkQ4WidNewAppearance" time="82.661" classname="specs.euroApi.ImageComparison.CheckWidgetAppearance"/>
  <testcase name="checkQ4WidNewAppearance" time="27.080" classname="specs.euroApi.ImageComparison.CheckWidgetAppearance"/>
  <testcase name="checkQ4WidNewAppearance" time="24.559" classname="specs.euroApi.ImageComparison.CheckWidgetAppearance"/>
  <testcase name="checkQ4WidNewAppearance" time="38.657" classname="specs.euroApi.ImageComparison.CheckWidgetAppearance"/>
  <testcase name="checkQ4WidNewAppearance" time="28.785" classname="specs.euroApi.ImageComparison.CheckWidgetAppearance"/>
  <testcase name="checkQ4WidNewAppearance" time="24.254" classname="specs.euroApi.ImageComparison.CheckWidgetAppearance"/>
  <testcase name="checkQ4WidNewAppearance" time="24.911" classname="specs.euroApi.ImageComparison.CheckWidgetAppearance"/>
  <testcase name="checkQ4WidNewAppearance" time="27.542" classname="specs.euroApi.ImageComparison.CheckWidgetAppearance"/>
  <testcase name="checkQ4WidNewAppearance" time="25.538" classname="specs.euroApi.ImageComparison.CheckWidgetAppearance"/>
  <testcase name="checkQ4WidNewAppearance" time="26.048" classname="specs.euroApi.ImageComparison.CheckWidgetAppearance"/>
  <testcase name="checkQ4WidNewAppearance" time="28.870" classname="specs.euroApi.ImageComparison.CheckWidgetAppearance"/>
  <testcase name="checkQ4WidNewAppearance" time="25.144" classname="specs.euroApi.ImageComparison.CheckWidgetAppearance"/>
  <testcase name="checkQ4WidNewAppearance" time="24.734" classname="specs.euroApi.ImageComparison.CheckWidgetAppearance"/>
  <testcase name="checkQ4WidNewAppearance" time="25.156" classname="specs.euroApi.ImageComparison.CheckWidgetAppearance"/>
  <testcase name="checkQ4WidNewAppearance" time="36.211" classname="specs.euroApi.ImageComparison.CheckWidgetAppearance"/>
  <testcase name="checkQ4WidNewAppearance" time="24.583" classname="specs.euroApi.ImageComparison.CheckWidgetAppearance"/>
  <testcase name="checkQ4WidNewAppearance" time="26.200" classname="specs.euroApi.ImageComparison.CheckWidgetAppearance"/>
  <testcase name="checkQ4WidNewAppearance" time="24.813" classname="specs.euroApi.ImageComparison.CheckWidgetAppearance"/>
  <testcase name="checkQ4WidNewAppearance" time="33.084" classname="specs.euroApi.ImageComparison.CheckWidgetAppearance"/>
  <testcase name="checkQ4WidNewAppearance" time="31.754" classname="specs.euroApi.ImageComparison.CheckWidgetAppearance"/>
  <testcase name="checkQ4WidNewAppearance" time="26.755" classname="specs.euroApi.ImageComparison.CheckWidgetAppearance"/>
  <testcase name="checkQ4WidNewAppearance" time="25.085" classname="specs.euroApi.ImageComparison.CheckWidgetAppearance"/>
  <testcase name="checkQ4WidNewAppearance" time="24.933" classname="specs.euroApi.ImageComparison.CheckWidgetAppearance"/>
  <testcase name="checkQ4WidNewAppearance" time="26.876" classname="specs.euroApi.ImageComparison.CheckWidgetAppearance"/>
  <testcase name="checkQ4WidNewAppearance" time="29.311" classname="specs.euroApi.ImageComparison.CheckWidgetAppearance"/>
  <testcase name="checkQ4WidNewAppearance" time="31.511" classname="specs.euroApi.ImageComparison.CheckWidgetAppearance"/>
  <testcase name="checkQ4WidNewAppearance" time="32.812" classname="specs.euroApi.ImageComparison.CheckWidgetAppearance"/>
  <testcase name="checkQ4WidNewAppearance" time="24.636" classname="specs.euroApi.ImageComparison.CheckWidgetAppearance"/>
  <testcase name="checkQ4WidNewAppearance" time="30.683" classname="specs.euroApi.ImageComparison.CheckWidgetAppearance"/>
  <testcase name="checkQ4WidNewAppearance" time="24.228" classname="specs.euroApi.ImageComparison.CheckWidgetAppearance"/>
  <testcase name="checkQ4WidNewAppearance" time="27.221" classname="specs.euroApi.ImageComparison.CheckWidgetAppearance"/>
  <testcase name="checkQ4WidNewAppearance" time="24.406" classname="specs.euroApi.ImageComparison.CheckWidgetAppearance"/>
  <testcase name="checkQ4WidNewAppearance" time="26.878" classname="specs.euroApi.ImageComparison.CheckWidgetAppearance"/>
  <testcase name="checkQ4WidNewAppearance" time="25.248" classname="specs.euroApi.ImageComparison.CheckWidgetAppearance"/>
  <testcase name="checkQ4WidNewAppearance" time="29.486" classname="specs.euroApi.ImageComparison.CheckWidgetAppearance"/>
  <testcase name="checkQ4WidNewAppearance" time="29.942" classname="specs.euroApi.ImageComparison.CheckWidgetAppearance"/>
  <testcase name="checkQ4WidNewAppearance" time="51.103" classname="specs.euroApi.ImageComparison.CheckWidgetAppearance"/>
  <testcase name="checkQ4WidNewAppearance" time="25.765" classname="specs.euroApi.ImageComparison.CheckWidgetAppearance"/>
  <testcase name="checkQ4WidNewAppearance" time="25.007" classname="specs.euroApi.ImageComparison.CheckWidgetAppearance"/>
  <testcase name="checkQ4WidNewAppearance" time="25.588" classname="specs.euroApi.ImageComparison.CheckWidgetAppearance"/>
  <testcase name="checkQ4WidNewAppearance" time="25.136" classname="specs.euroApi.ImageComparison.CheckWidgetAppearance"/>
  <testcase name="checkQ4WidNewAppearance" time="35.258" classname="specs.euroApi.ImageComparison.CheckWidgetAppearance"/>
  <testcase name="checkQ4WidNewAppearance" time="27.558" classname="specs.euroApi.ImageComparison.CheckWidgetAppearance"/>
  <testcase name="checkQ4WidNewAppearance" time="26.717" classname="specs.euroApi.ImageComparison.CheckWidgetAppearance"/>
  <testcase name="checkQ4WidNewAppearance" time="30.648" classname="specs.euroApi.ImageComparison.CheckWidgetAppearance"/>
  <testcase name="checkQ4WidNewAppearance" time="24.118" classname="specs.euroApi.ImageComparison.CheckWidgetAppearance"/>
  <testcase name="checkQ4WidNewAppearance" time="25.969" classname="specs.euroApi.ImageComparison.CheckWidgetAppearance"/>
  <testcase name="checkQ4WidNewAppearance" time="26.985" classname="specs.euroApi.ImageComparison.CheckWidgetAppearance"/>
  <testcase name="checkQ4WidNewAppearance" time="40.468" classname="specs.euroApi.ImageComparison.CheckWidgetAppearance"/>
  <testcase name="checkQ4WidNewAppearance" time="26.205" classname="specs.euroApi.ImageComparison.CheckWidgetAppearance"/>
  <testcase name="checkQ4WidNewAppearance" time="27.199" classname="specs.euroApi.ImageComparison.CheckWidgetAppearance"/>
  <testcase name="checkQ4WidNewAppearance" time="25.366" classname="specs.euroApi.ImageComparison.CheckWidgetAppearance"/>
  <testcase name="checkQ4WidNewAppearance" time="25.605" classname="specs.euroApi.ImageComparison.CheckWidgetAppearance"/>
  <testcase name="checkQ4WidNewAppearance" time="24.631" classname="specs.euroApi.ImageComparison.CheckWidgetAppearance"/>
  <testcase name="checkQ4WidNewAppearance" time="28.606" classname="specs.euroApi.ImageComparison.CheckWidgetAppearance"/>
  <testcase name="checkQ4WidNewAppearance" time="49.647" classname="specs.euroApi.ImageComparison.CheckWidgetAppearance"/>
  <testcase name="checkQ4WidNewAppearance" time="27.981" classname="specs.euroApi.ImageComparison.CheckWidgetAppearance"/>
  <testcase name="checkQ4WidNewAppearance" time="25.417" classname="specs.euroApi.ImageComparison.CheckWidgetAppearance"/>
  <testcase name="checkQ4WidNewAppearance" time="26.765" classname="specs.euroApi.ImageComparison.CheckWidgetAppearance"/>
  <testcase name="checkQ4WidNewAppearance" time="26.029" classname="specs.euroApi.ImageComparison.CheckWidgetAppearance"/>
  <testcase name="checkQ4WidNewAppearance" time="33.782" classname="specs.euroApi.ImageComparison.CheckWidgetAppearance"/>
  <testcase name="checkQ4WidNewAppearance" time="44.333" classname="specs.euroApi.ImageComparison.CheckWidgetAppearance"/>
  <testcase name="checkQ4WidNewAppearance" time="27.492" classname="specs.euroApi.ImageComparison.CheckWidgetAppearance"/>
  <testcase name="checkQ4WidNewAppearance" time="43.118" classname="specs.euroApi.ImageComparison.CheckWidgetAppearance"/>
  <testcase name="checkQ4WidNewAppearance" time="99.215" classname="specs.euroApi.ImageComparison.CheckWidgetAppearance"/>
  <testcase name="checkQ4WidNewAppearance" time="26.968" classname="specs.euroApi.ImageComparison.CheckWidgetAppearance"/>
  <testcase name="checkQ4WidNewAppearance" time="24.187" classname="specs.euroApi.ImageComparison.CheckWidgetAppearance"/>
  <testcase name="checkQ4WidNewAppearance" time="24.610" classname="specs.euroApi.ImageComparison.CheckWidgetAppearance"/>
  <testcase name="checkQ4WidNewAppearance" time="23.764" classname="specs.euroApi.ImageComparison.CheckWidgetAppearance"/>
  <testcase name="checkQ4WidNewAppearance" time="42.889" classname="specs.euroApi.ImageComparison.CheckWidgetAppearance"/>
  <testcase name="checkQ4WidNewAppearance" time="27.937" classname="specs.euroApi.ImageComparison.CheckWidgetAppearance"/>
  <testcase name="checkQ4WidNewAppearance" time="28.201" classname="specs.euroApi.ImageComparison.CheckWidgetAppearance"/>
  <testcase name="checkQ4WidNewAppearance" time="67.757" classname="specs.euroApi.ImageComparison.CheckWidgetAppearance"/>
  <testcase name="checkQ4WidNewAppearance" time="27.875" classname="specs.euroApi.ImageComparison.CheckWidgetAppearance"/>
  <testcase name="checkQ4WidNewAppearance" time="56.133" classname="specs.euroApi.ImageComparison.CheckWidgetAppearance"/>
  <testcase name="checkQ4WidNewAppearance" time="24.198" classname="specs.euroApi.ImageComparison.CheckWidgetAppearance"/>
  <testcase name="checkQ4WidNewAppearance" time="25.724" classname="specs.euroApi.ImageComparison.CheckWidgetAppearance"/>
  <testcase name="checkQ4WidNewAppearance" time="25.139" classname="specs.euroApi.ImageComparison.CheckWidgetAppearance"/>
  <testcase name="checkQ4WidNewAppearance" time="24.324" classname="specs.euroApi.ImageComparison.CheckWidgetAppearance"/>
  <testcase name="checkQ4WidNewAppearance" time="27.187" classname="specs.euroApi.ImageComparison.CheckWidgetAppearance"/>
  <testcase name="checkQ4WidNewAppearance" time="24.378" classname="specs.euroApi.ImageComparison.CheckWidgetAppearance"/>
  <testcase name="checkQ4WidNewAppearance" time="29.608" classname="specs.euroApi.ImageComparison.CheckWidgetAppearance"/>
  <testcase name="checkQ4WidNewAppearance" time="31.190" classname="specs.euroApi.ImageComparison.CheckWidgetAppearance"/>
  <testcase name="checkQ4WidNewAppearance" time="24.134" classname="specs.euroApi.ImageComparison.CheckWidgetAppearance"/>
  <testcase name="checkQ4WidNewAppearance" time="24.922" classname="specs.euroApi.ImageComparison.CheckWidgetAppearance"/>
  <testcase name="checkQ4WidNewAppearance" time="23.022" classname="specs.euroApi.ImageComparison.CheckWidgetAppearance"/>
  <testcase name="checkQ4WidNewAppearance" time="27.191" classname="specs.euroApi.ImageComparison.CheckWidgetAppearance"/>
  <testcase name="checkQ4WidNewAppearance" time="23.972" classname="specs.euroApi.ImageComparison.CheckWidgetAppearance"/>
  <testcase name="checkQ4WidNewAppearance" time="25.115" classname="specs.euroApi.ImageComparison.CheckWidgetAppearance"/>
  <testcase name="checkQ4WidNewAppearance" time="24.289" classname="specs.euroApi.ImageComparison.CheckWidgetAppearance"/>
  <testcase name="checkQ4WidNewAppearance" time="32.814" classname="specs.euroApi.ImageComparison.CheckWidgetAppearance"/>
  <testcase name="checkQ4WidNewAppearance" time="24.467" classname="specs.euroApi.ImageComparison.CheckWidgetAppearance"/>
  <testcase name="checkQ4WidNewAppearance" time="23.678" classname="specs.euroApi.ImageComparison.CheckWidgetAppearance"/>
  <testcase name="checkQ4WidNewAppearance" time="26.757" classname="specs.euroApi.ImageComparison.CheckWidgetAppearance"/>
  <testcase name="checkQ4WidNewAppearance" time="26.620" classname="specs.euroApi.ImageComparison.CheckWidgetAppearance"/>
  <testcase name="checkQ4WidNewAppearance" time="49.936" classname="specs.euroApi.ImageComparison.CheckWidgetAppearance"/>
  <testcase name="checkQ4WidNewAppearance" time="27.579" classname="specs.euroApi.ImageComparison.CheckWidgetAppearance"/>
  <testcase name="checkQ4WidNewAppearance" time="25.034" classname="specs.euroApi.ImageComparison.CheckWidgetAppearance"/>
  <testcase name="checkQ4WidNewAppearance" time="25.114" classname="specs.euroApi.ImageComparison.CheckWidgetAppearance"/>
  <testcase name="checkQ4WidNewAppearance" time="25.671" classname="specs.euroApi.ImageComparison.CheckWidgetAppearance"/>
  <testcase name="checkQ4WidNewAppearance" time="24.955" classname="specs.euroApi.ImageComparison.CheckWidgetAppearance"/>
  <testcase name="checkQ4WidNewAppearance" time="26.465" classname="specs.euroApi.ImageComparison.CheckWidgetAppearance"/>
  <testcase name="checkQ4WidNewAppearance" time="24.434" classname="specs.euroApi.ImageComparison.CheckWidgetAppearance"/>
  <testcase name="checkQ4WidNewAppearance" time="24.816" classname="specs.euroApi.ImageComparison.CheckWidgetAppearance"/>
  <testcase name="checkQ4WidNewAppearance" time="45.567" classname="specs.euroApi.ImageComparison.CheckWidgetAppearance"/>
  <testcase name="checkQ4WidNewAppearance" time="23.801" classname="specs.euroApi.ImageComparison.CheckWidgetAppearance"/>
  <testcase name="checkQ4WidNewAppearance" time="24.966" classname="specs.euroApi.ImageComparison.CheckWidgetAppearance"/>
  <testcase name="checkQ4WidNewAppearance" time="23.627" classname="specs.euroApi.ImageComparison.CheckWidgetAppearance"/>
  <testcase name="checkQ4WidNewAppearance" time="27.312" classname="specs.euroApi.ImageComparison.CheckWidgetAppearance"/>
  <testcase name="checkQ4WidNewAppearance" time="30.704" classname="specs.euroApi.ImageComparison.CheckWidgetAppearance"/>
  <testcase name="checkQ4WidNewAppearance" time="25.015" classname="specs.euroApi.ImageComparison.CheckWidgetAppearance"/>
  <testcase name="checkQ4WidNewAppearance" time="29.991" classname="specs.euroApi.ImageComparison.CheckWidgetAppearance"/>
  <testcase name="checkQ4WidNewAppearance" time="40.317" classname="specs.euroApi.ImageComparison.CheckWidgetAppearance"/>
  <testcase name="checkQ4WidNewAppearance" time="23.772" classname="specs.euroApi.ImageComparison.CheckWidgetAppearance"/>
  <testcase name="checkQ4WidNewAppearance" time="27.246" classname="specs.euroApi.ImageComparison.CheckWidgetAppearance"/>
  <testcase name="checkQ4WidNewAppearance" time="25.590" classname="specs.euroApi.ImageComparison.CheckWidgetAppearance"/>
  <testcase name="checkQ4WidNewAppearance" time="25.945" classname="specs.euroApi.ImageComparison.CheckWidgetAppearance"/>
  <testcase name="checkQ4WidNewAppearance" time="87.848" classname="specs.euroApi.ImageComparison.CheckWidgetAppearance"/>
  <testcase name="checkQ4WidNewAppearance" time="25.410" classname="specs.euroApi.ImageComparison.CheckWidgetAppearance"/>
  <testcase name="checkQ4WidNewAppearance" time="26.305" classname="specs.euroApi.ImageComparison.CheckWidgetAppearance"/>
  <testcase name="checkQ4WidNewAppearance" time="60.629" classname="specs.euroApi.ImageComparison.CheckWidgetAppearance"/>
  <testcase name="checkQ4WidNewAppearance" time="25.054" classname="specs.euroApi.ImageComparison.CheckWidgetAppearance"/>
  <testcase name="checkQ4WidNewAppearance" time="41.677" classname="specs.euroApi.ImageComparison.CheckWidgetAppearance"/>
  <testcase name="checkQ4WidNewAppearance" time="22.362" classname="specs.euroApi.ImageComparison.CheckWidgetAppearance"/>
  <testcase name="checkQ4WidNewAppearance" time="26.734" classname="specs.euroApi.ImageComparison.CheckWidgetAppearance"/>
  <testcase name="checkQ4WidNewAppearance" time="26.593" classname="specs.euroApi.ImageComparison.CheckWidgetAppearance"/>
  <testcase name="checkQ4WidNewAppearance" time="25.398" classname="specs.euroApi.ImageComparison.CheckWidgetAppearance"/>
  <testcase name="checkQ4WidNewAppearance" time="25.256" classname="specs.euroApi.ImageComparison.CheckWidgetAppearance"/>
  <testcase name="checkQ4WidNewAppearance" time="45.018" classname="specs.euroApi.ImageComparison.CheckWidgetAppearance"/>
  <testcase name="checkQ4WidNewAppearance" time="58.206" classname="specs.euroApi.ImageComparison.CheckWidgetAppearance"/>
  <testcase name="checkQ4WidNewAppearance" time="24.106" classname="specs.euroApi.ImageComparison.CheckWidgetAppearance"/>
  <testcase name="checkQ4WidNewAppearance" time="26.181" classname="specs.euroApi.ImageComparison.CheckWidgetAppearance"/>
  <testcase name="checkQ4WidNewAppearance" time="24.360" classname="specs.euroApi.ImageComparison.CheckWidgetAppearance"/>
  <testcase name="checkQ4WidNewAppearance" time="23.992" classname="specs.euroApi.ImageComparison.CheckWidgetAppearance"/>
  <testcase name="checkQ4WidNewAppearance" time="23.589" classname="specs.euroApi.ImageComparison.CheckWidgetAppearance"/>
  <testcase name="checkQ4WidNewAppearance" time="25.252" classname="specs.euroApi.ImageComparison.CheckWidgetAppearance"/>
  <testcase name="checkQ4WidNewAppearance" time="23.519" classname="specs.euroApi.ImageComparison.CheckWidgetAppearance"/>
  <testcase name="checkQ4WidNewAppearance" time="26.508" classname="specs.euroApi.ImageComparison.CheckWidgetAppearance"/>
  <testcase name="checkQ4WidNewAppearance" time="23.766" classname="specs.euroApi.ImageComparison.CheckWidgetAppearance"/>
  <testcase name="checkQ4WidNewAppearance" time="24.260" classname="specs.euroApi.ImageComparison.CheckWidgetAppearance"/>
  <testcase name="checkQ4WidNewAppearance" time="29.241" classname="specs.euroApi.ImageComparison.CheckWidgetAppearance"/>
  <testcase name="checkQ4WidNewAppearance" time="25.144" classname="specs.euroApi.ImageComparison.CheckWidgetAppearance"/>
  <testcase name="checkQ4WidNewAppearance" time="25.023" classname="specs.euroApi.ImageComparison.CheckWidgetAppearance"/>
  <testcase name="checkQ4WidNewAppearance" time="25.476" classname="specs.euroApi.ImageComparison.CheckWidgetAppearance"/>
  <testcase name="checkQ4WidNewAppearance" time="23.483" classname="specs.euroApi.ImageComparison.CheckWidgetAppearance"/>
  <testcase name="checkQ4WidNewAppearance" time="43.752" classname="specs.euroApi.ImageComparison.CheckWidgetAppearance"/>
  <testcase name="checkQ4WidNewAppearance" time="28.325" classname="specs.euroApi.ImageComparison.CheckWidgetAppearance"/>
  <testcase name="checkQ4WidNewAppearance" time="25.086" classname="specs.euroApi.ImageComparison.CheckWidgetAppearance"/>
  <testcase name="checkQ4WidNewAppearance" time="24.712" classname="specs.euroApi.ImageComparison.CheckWidgetAppearance"/>
  <testcase name="checkQ4WidNewAppearance" time="24.239" classname="specs.euroApi.ImageComparison.CheckWidgetAppearance"/>
  <testcase name="checkQ4WidNewAppearance" time="32.509" classname="specs.euroApi.ImageComparison.CheckWidgetAppearance"/>
  <testcase name="checkQ4WidNewAppearance" time="25.985" classname="specs.euroApi.ImageComparison.CheckWidgetAppearance"/>
  <testcase name="checkQ4WidNewAppearance" time="28.248" classname="specs.euroApi.ImageComparison.CheckWidgetAppearance"/>
  <testcase name="checkQ4WidNewAppearance" time="30.855" classname="specs.euroApi.ImageComparison.CheckWidgetAppearance"/>
  <testcase name="checkQ4WidNewAppearance" time="51.168" classname="specs.euroApi.ImageComparison.CheckWidgetAppearance"/>
  <testcase name="checkQ4WidNewAppearance" time="24.433" classname="specs.euroApi.ImageComparison.CheckWidgetAppearance"/>
  <testcase name="checkQ4WidNewAppearance" time="40.369" classname="specs.euroApi.ImageComparison.CheckWidgetAppearance"/>
  <testcase name="checkQ4WidNewAppearance" time="29.484" classname="specs.euroApi.ImageComparison.CheckWidgetAppearance"/>
  <testcase name="checkQ4WidNewAppearance" time="30.832" classname="specs.euroApi.ImageComparison.CheckWidgetAppearance"/>
  <testcase name="checkQ4WidNewAppearance" time="25.609" classname="specs.euroApi.ImageComparison.CheckWidgetAppearance"/>
  <testcase name="checkQ4WidNewAppearance" time="26.236" classname="specs.euroApi.ImageComparison.CheckWidgetAppearance">
    <error type="org.openqa.selenium.TimeoutException" message="{&quot;errorMessage&quot;:&quot;URL &#039;http://q4eurotestir.q4web.com/Solutions/Danone/2438/chart_old.aspx&#039; didn&#039;t load. Error: &#039;timeout&#039;&quot;,&quot;request&quot;:{&quot;headers&quot;:{&quot;Accept-Encoding&quot;:&quot;gzip,deflate&quot;,&quot;Connection&quot;:&quot;Keep-Alive&quot;,&quot;Content-Length&quot;:&quot;76&quot;,&quot;Content-Type&quot;:&quot;application/json; charset=utf-8&quot;,&quot;Host&quot;:&quot;localhost:23273&quot;,&quot;User-Agent&quot;:&quot;Apache-HttpClient/4.5.2 (Java/1.8.0_45)&quot;},&quot;httpVersion&quot;:&quot;1.1&quot;,&quot;method&quot;:&quot;POST&quot;,&quot;post&quot;:&quot;{\&quot;url\&quot;:\&quot;http://q4eurotestir.q4web.com/Solutions/Danone/2438/chart_old.aspx\&quot;}&quot;,&quot;url&quot;:&quot;/url&quot;,&quot;urlParsed&quot;:{&quot;anchor&quot;:&quot;&quot;,&quot;query&quot;:&quot;&quot;,&quot;file&quot;:&quot;url&quot;,&quot;directory&quot;:&quot;/&quot;,&quot;path&quot;:&quot;/url&quot;,&quot;relative&quot;:&quot;/url&quot;,&quot;port&quot;:&quot;&quot;,&quot;host&quot;:&quot;&quot;,&quot;password&quot;:&quot;&quot;,&quot;user&quot;:&quot;&quot;,&quot;userInfo&quot;:&quot;&quot;,&quot;authority&quot;:&quot;&quot;,&quot;protocol&quot;:&quot;&quot;,&quot;source&quot;:&quot;/url&quot;,&quot;queryKey&quot;:{},&quot;chunks&quot;:[&quot;url&quot;]},&quot;urlOriginal&quot;:&quot;/session/b6fc61c0-25f8-11e7-b79c-c9f6ca8387d7/url&quot;}}
Command duration or timeout: 21.42 seconds">
      <![CDATA[org.openqa.selenium.TimeoutException: {"errorMessage":"URL 'http://q4eurotestir.q4web.com/Solutions/Danone/2438/chart_old.aspx' didn't load. Error: 'timeout'","request":{"headers":{"Accept-Encoding":"gzip,deflate","Connection":"Keep-Alive","Content-Length":"76","Content-Type":"application/json; charset=utf-8","Host":"localhost:23273","User-Agent":"Apache-HttpClient/4.5.2 (Java/1.8.0_45)"},"httpVersion":"1.1","method":"POST","post":"{\"url\":\"http://q4eurotestir.q4web.com/Solutions/Danone/2438/chart_old.aspx\"}","url":"/url","urlParsed":{"anchor":"","query":"","file":"url","directory":"/","path":"/url","relative":"/url","port":"","host":"","password":"","user":"","userInfo":"","authority":"","protocol":"","source":"/url","queryKey":{},"chunks":["url"]},"urlOriginal":"/session/b6fc61c0-25f8-11e7-b79c-c9f6ca8387d7/url"}}
Command duration or timeout: 21.42 seconds
	at sun.reflect.NativeConstructorAccessorImpl.newInstance0(Native Method)
	at sun.reflect.NativeConstructorAccessorImpl.newInstance(NativeConstructorAccessorImpl.java:62)
	at sun.reflect.DelegatingConstructorAccessorImpl.newInstance(DelegatingConstructorAccessorImpl.java:45)
	at java.lang.reflect.Constructor.newInstance(Constructor.java:422)
	at org.openqa.selenium.remote.ErrorHandler.createThrowable(ErrorHandler.java:216)
	at org.openqa.selenium.remote.ErrorHandler.throwIfResponseFailed(ErrorHandler.java:168)
	at org.openqa.selenium.remote.RemoteWebDriver.execute(RemoteWebDriver.java:638)
	at org.openqa.selenium.remote.RemoteWebDriver.get(RemoteWebDriver.java:325)
	at pageobjects.euroApi.imageComparison.WidgetAppearance.getTitle(WidgetAppearance.java:107)
	at specs.euroApi.ImageComparison.CheckWidgetAppearance.getWidgetComparison(CheckWidgetAppearance.java:86)
	at specs.euroApi.ImageComparison.CheckWidgetAppearance.checkQ4WidNewAppearance(CheckWidgetAppearance.java:54)
	at sun.reflect.GeneratedMethodAccessor2.invoke(Unknown Source)
	at sun.reflect.DelegatingMethodAccessorImpl.invoke(DelegatingMethodAccessorImpl.java:43)
	at java.lang.reflect.Method.invoke(Method.java:497)
	at org.testng.internal.MethodInvocationHelper.invokeMethod(MethodInvocationHelper.java:85)
	at org.testng.internal.Invoker.invokeMethod(Invoker.java:639)
	at org.testng.internal.Invoker.invokeTestMethod(Invoker.java:821)
	at org.testng.internal.TestMethodWithDataProviderMethodWorker.call(TestMethodWithDataProviderMethodWorker.java:75)
	at org.testng.internal.TestMethodWithDataProviderMethodWorker.call(TestMethodWithDataProviderMethodWorker.java:14)
	at java.util.concurrent.FutureTask.run(FutureTask.java:266)
	at java.util.concurrent.Executors$RunnableAdapter.call(Executors.java:511)
	at java.util.concurrent.FutureTask.run(FutureTask.java:266)
	at java.util.concurrent.ThreadPoolExecutor.runWorker(ThreadPoolExecutor.java:1142)
	at java.util.concurrent.ThreadPoolExecutor$Worker.run(ThreadPoolExecutor.java:617)
	at java.lang.Thread.run(Thread.java:745)
Caused by: org.openqa.selenium.remote.ScreenshotException: Screen shot has been taken
	at org.openqa.selenium.remote.ErrorHandler.throwIfResponseFailed(ErrorHandler.java:142)
	... 19 more
Caused by: org.openqa.selenium.TimeoutException: {"errorMessage":"URL 'http://q4eurotestir.q4web.com/Solutions/Danone/2438/chart_old.aspx' didn't load. Error: 'timeout'","request":{"headers":{"Accept-Encoding":"gzip,deflate","Connection":"Keep-Alive","Content-Length":"76","Content-Type":"application/json; charset=utf-8","Host":"localhost:23273","User-Agent":"Apache-HttpClient/4.5.2 (Java/1.8.0_45)"},"httpVersion":"1.1","method":"POST","post":"{\"url\":\"http://q4eurotestir.q4web.com/Solutions/Danone/2438/chart_old.aspx\"}","url":"/url","urlParsed":{"anchor":"","query":"","file":"url","directory":"/","path":"/url","relative":"/url","port":"","host":"","password":"","user":"","userInfo":"","authority":"","protocol":"","source":"/url","queryKey":{},"chunks":["url"]},"urlOriginal":"/session/b6fc61c0-25f8-11e7-b79c-c9f6ca8387d7/url"}}
Build info: version: '3.3.1', revision: '5234b325d5', time: '2017-03-10 09:10:29 +0000'
System info: host: 'PhilipS-MacBookPro.local', ip: 'fe80:0:0:0:62f8:1dff:feb8:e47c%en0', os.name: 'Mac OS X', os.arch: 'x86_64', os.version: '10.11.5', java.version: '1.8.0_45'
Driver info: driver.version: unknown
]]>
    </error>
  </testcase> <!-- checkQ4WidNewAppearance -->
  <testcase name="checkQ4WidNewAppearance" time="25.222" classname="specs.euroApi.ImageComparison.CheckWidgetAppearance"/>
  <testcase name="checkQ4WidNewAppearance" time="27.367" classname="specs.euroApi.ImageComparison.CheckWidgetAppearance"/>
  <testcase name="checkQ4WidNewAppearance" time="24.424" classname="specs.euroApi.ImageComparison.CheckWidgetAppearance"/>
  <testcase name="checkQ4WidNewAppearance" time="26.601" classname="specs.euroApi.ImageComparison.CheckWidgetAppearance"/>
  <testcase name="checkQ4WidNewAppearance" time="26.610" classname="specs.euroApi.ImageComparison.CheckWidgetAppearance"/>
  <testcase name="checkQ4WidNewAppearance" time="27.691" classname="specs.euroApi.ImageComparison.CheckWidgetAppearance"/>
  <testcase name="checkQ4WidNewAppearance" time="26.396" classname="specs.euroApi.ImageComparison.CheckWidgetAppearance"/>
  <testcase name="checkQ4WidNewAppearance" time="24.665" classname="specs.euroApi.ImageComparison.CheckWidgetAppearance"/>
  <testcase name="checkQ4WidNewAppearance" time="23.542" classname="specs.euroApi.ImageComparison.CheckWidgetAppearance"/>
  <testcase name="checkQ4WidNewAppearance" time="31.441" classname="specs.euroApi.ImageComparison.CheckWidgetAppearance"/>
  <testcase name="checkQ4WidNewAppearance" time="24.683" classname="specs.euroApi.ImageComparison.CheckWidgetAppearance"/>
  <testcase name="checkQ4WidNewAppearance" time="23.956" classname="specs.euroApi.ImageComparison.CheckWidgetAppearance"/>
  <testcase name="checkQ4WidNewAppearance" time="28.545" classname="specs.euroApi.ImageComparison.CheckWidgetAppearance"/>
  <testcase name="checkQ4WidNewAppearance" time="26.967" classname="specs.euroApi.ImageComparison.CheckWidgetAppearance"/>
  <testcase name="checkQ4WidNewAppearance" time="27.149" classname="specs.euroApi.ImageComparison.CheckWidgetAppearance"/>
  <testcase name="checkQ4WidNewAppearance" time="30.125" classname="specs.euroApi.ImageComparison.CheckWidgetAppearance"/>
  <testcase name="checkQ4WidNewAppearance" time="27.093" classname="specs.euroApi.ImageComparison.CheckWidgetAppearance"/>
  <testcase name="checkQ4WidNewAppearance" time="24.081" classname="specs.euroApi.ImageComparison.CheckWidgetAppearance"/>
  <testcase name="checkQ4WidNewAppearance" time="26.370" classname="specs.euroApi.ImageComparison.CheckWidgetAppearance"/>
  <testcase name="checkQ4WidNewAppearance" time="26.398" classname="specs.euroApi.ImageComparison.CheckWidgetAppearance"/>
  <testcase name="checkQ4WidNewAppearance" time="32.357" classname="specs.euroApi.ImageComparison.CheckWidgetAppearance"/>
  <testcase name="checkQ4WidNewAppearance" time="24.968" classname="specs.euroApi.ImageComparison.CheckWidgetAppearance"/>
  <testcase name="checkQ4WidNewAppearance" time="28.137" classname="specs.euroApi.ImageComparison.CheckWidgetAppearance"/>
  <testcase name="checkQ4WidNewAppearance" time="27.686" classname="specs.euroApi.ImageComparison.CheckWidgetAppearance"/>
  <testcase name="checkQ4WidNewAppearance" time="24.989" classname="specs.euroApi.ImageComparison.CheckWidgetAppearance"/>
  <testcase name="checkQ4WidNewAppearance" time="26.581" classname="specs.euroApi.ImageComparison.CheckWidgetAppearance"/>
  <testcase name="checkQ4WidNewAppearance" time="26.238" classname="specs.euroApi.ImageComparison.CheckWidgetAppearance"/>
  <testcase name="checkQ4WidNewAppearance" time="23.932" classname="specs.euroApi.ImageComparison.CheckWidgetAppearance"/>
  <testcase name="checkQ4WidNewAppearance" time="25.533" classname="specs.euroApi.ImageComparison.CheckWidgetAppearance"/>
  <testcase name="checkQ4WidNewAppearance" time="23.615" classname="specs.euroApi.ImageComparison.CheckWidgetAppearance"/>
  <testcase name="checkQ4WidNewAppearance" time="26.120" classname="specs.euroApi.ImageComparison.CheckWidgetAppearance"/>
  <testcase name="checkQ4WidNewAppearance" time="27.245" classname="specs.euroApi.ImageComparison.CheckWidgetAppearance"/>
  <testcase name="checkQ4WidNewAppearance" time="24.247" classname="specs.euroApi.ImageComparison.CheckWidgetAppearance"/>
  <testcase name="checkQ4WidNewAppearance" time="29.265" classname="specs.euroApi.ImageComparison.CheckWidgetAppearance"/>
  <testcase name="checkQ4WidNewAppearance" time="24.380" classname="specs.euroApi.ImageComparison.CheckWidgetAppearance"/>
  <testcase name="checkQ4WidNewAppearance" time="26.370" classname="specs.euroApi.ImageComparison.CheckWidgetAppearance"/>
  <testcase name="checkQ4WidNewAppearance" time="24.796" classname="specs.euroApi.ImageComparison.CheckWidgetAppearance"/>
  <testcase name="checkQ4WidNewAppearance" time="26.742" classname="specs.euroApi.ImageComparison.CheckWidgetAppearance"/>
  <testcase name="checkQ4WidNewAppearance" time="23.628" classname="specs.euroApi.ImageComparison.CheckWidgetAppearance"/>
  <testcase name="checkQ4WidNewAppearance" time="28.080" classname="specs.euroApi.ImageComparison.CheckWidgetAppearance"/>
  <testcase name="checkQ4WidNewAppearance" time="24.673" classname="specs.euroApi.ImageComparison.CheckWidgetAppearance"/>
  <testcase name="checkQ4WidNewAppearance" time="23.939" classname="specs.euroApi.ImageComparison.CheckWidgetAppearance"/>
  <testcase name="checkQ4WidNewAppearance" time="25.702" classname="specs.euroApi.ImageComparison.CheckWidgetAppearance"/>
  <testcase name="checkQ4WidNewAppearance" time="26.544" classname="specs.euroApi.ImageComparison.CheckWidgetAppearance"/>
  <testcase name="checkQ4WidNewAppearance" time="33.736" classname="specs.euroApi.ImageComparison.CheckWidgetAppearance"/>
  <testcase name="checkQ4WidNewAppearance" time="25.249" classname="specs.euroApi.ImageComparison.CheckWidgetAppearance"/>
  <testcase name="checkQ4WidNewAppearance" time="23.989" classname="specs.euroApi.ImageComparison.CheckWidgetAppearance"/>
  <testcase name="checkQ4WidNewAppearance" time="32.800" classname="specs.euroApi.ImageComparison.CheckWidgetAppearance"/>
  <testcase name="checkQ4WidNewAppearance" time="37.111" classname="specs.euroApi.ImageComparison.CheckWidgetAppearance"/>
  <testcase name="checkQ4WidNewAppearance" time="27.511" classname="specs.euroApi.ImageComparison.CheckWidgetAppearance"/>
  <testcase name="checkQ4WidNewAppearance" time="25.911" classname="specs.euroApi.ImageComparison.CheckWidgetAppearance"/>
  <testcase name="checkQ4WidNewAppearance" time="41.062" classname="specs.euroApi.ImageComparison.CheckWidgetAppearance"/>
  <testcase name="checkQ4WidNewAppearance" time="26.932" classname="specs.euroApi.ImageComparison.CheckWidgetAppearance"/>
  <testcase name="checkQ4WidNewAppearance" time="37.685" classname="specs.euroApi.ImageComparison.CheckWidgetAppearance"/>
  <testcase name="checkQ4WidNewAppearance" time="25.174" classname="specs.euroApi.ImageComparison.CheckWidgetAppearance"/>
  <testcase name="checkQ4WidNewAppearance" time="24.899" classname="specs.euroApi.ImageComparison.CheckWidgetAppearance"/>
  <testcase name="checkQ4WidNewAppearance" time="28.537" classname="specs.euroApi.ImageComparison.CheckWidgetAppearance"/>
  <testcase name="checkQ4WidNewAppearance" time="22.914" classname="specs.euroApi.ImageComparison.CheckWidgetAppearance"/>
  <testcase name="checkQ4WidNewAppearance" time="40.628" classname="specs.euroApi.ImageComparison.CheckWidgetAppearance"/>
  <testcase name="checkQ4WidNewAppearance" time="24.414" classname="specs.euroApi.ImageComparison.CheckWidgetAppearance"/>
  <testcase name="checkQ4WidNewAppearance" time="28.582" classname="specs.euroApi.ImageComparison.CheckWidgetAppearance"/>
  <testcase name="checkQ4WidNewAppearance" time="25.385" classname="specs.euroApi.ImageComparison.CheckWidgetAppearance"/>
  <testcase name="checkQ4WidNewAppearance" time="43.802" classname="specs.euroApi.ImageComparison.CheckWidgetAppearance"/>
  <testcase name="checkQ4WidNewAppearance" time="26.347" classname="specs.euroApi.ImageComparison.CheckWidgetAppearance"/>
  <testcase name="checkQ4WidNewAppearance" time="27.727" classname="specs.euroApi.ImageComparison.CheckWidgetAppearance"/>
  <testcase name="checkQ4WidNewAppearance" time="24.180" classname="specs.euroApi.ImageComparison.CheckWidgetAppearance"/>
  <testcase name="checkQ4WidNewAppearance" time="27.940" classname="specs.euroApi.ImageComparison.CheckWidgetAppearance"/>
  <testcase name="checkQ4WidNewAppearance" time="25.565" classname="specs.euroApi.ImageComparison.CheckWidgetAppearance"/>
  <testcase name="checkQ4WidNewAppearance" time="24.352" classname="specs.euroApi.ImageComparison.CheckWidgetAppearance"/>
  <testcase name="checkQ4WidNewAppearance" time="23.491" classname="specs.euroApi.ImageComparison.CheckWidgetAppearance"/>
  <testcase name="checkQ4WidNewAppearance" time="25.219" classname="specs.euroApi.ImageComparison.CheckWidgetAppearance"/>
  <testcase name="checkQ4WidNewAppearance" time="32.771" classname="specs.euroApi.ImageComparison.CheckWidgetAppearance"/>
  <testcase name="checkQ4WidNewAppearance" time="30.656" classname="specs.euroApi.ImageComparison.CheckWidgetAppearance"/>
  <testcase name="checkQ4WidNewAppearance" time="24.876" classname="specs.euroApi.ImageComparison.CheckWidgetAppearance"/>
  <testcase name="checkQ4WidNewAppearance" time="25.840" classname="specs.euroApi.ImageComparison.CheckWidgetAppearance"/>
  <testcase name="checkQ4WidNewAppearance" time="24.237" classname="specs.euroApi.ImageComparison.CheckWidgetAppearance"/>
  <testcase name="checkQ4WidNewAppearance" time="24.238" classname="specs.euroApi.ImageComparison.CheckWidgetAppearance"/>
  <testcase name="checkQ4WidNewAppearance" time="37.335" classname="specs.euroApi.ImageComparison.CheckWidgetAppearance"/>
  <testcase name="checkQ4WidNewAppearance" time="25.257" classname="specs.euroApi.ImageComparison.CheckWidgetAppearance"/>
  <testcase name="checkQ4WidNewAppearance" time="24.366" classname="specs.euroApi.ImageComparison.CheckWidgetAppearance"/>
  <testcase name="checkQ4WidNewAppearance" time="25.263" classname="specs.euroApi.ImageComparison.CheckWidgetAppearance"/>
  <testcase name="checkQ4WidNewAppearance" time="24.447" classname="specs.euroApi.ImageComparison.CheckWidgetAppearance"/>
  <testcase name="checkQ4WidNewAppearance" time="28.526" classname="specs.euroApi.ImageComparison.CheckWidgetAppearance"/>
  <testcase name="checkQ4WidNewAppearance" time="26.742" classname="specs.euroApi.ImageComparison.CheckWidgetAppearance"/>
  <testcase name="checkQ4WidNewAppearance" time="25.513" classname="specs.euroApi.ImageComparison.CheckWidgetAppearance"/>
  <testcase name="checkQ4WidNewAppearance" time="24.304" classname="specs.euroApi.ImageComparison.CheckWidgetAppearance"/>
  <testcase name="checkQ4WidNewAppearance" time="24.636" classname="specs.euroApi.ImageComparison.CheckWidgetAppearance"/>
  <testcase name="checkQ4WidNewAppearance" time="26.096" classname="specs.euroApi.ImageComparison.CheckWidgetAppearance"/>
  <testcase name="checkQ4WidNewAppearance" time="24.894" classname="specs.euroApi.ImageComparison.CheckWidgetAppearance"/>
  <testcase name="checkQ4WidNewAppearance" time="30.953" classname="specs.euroApi.ImageComparison.CheckWidgetAppearance"/>
  <testcase name="checkQ4WidNewAppearance" time="35.165" classname="specs.euroApi.ImageComparison.CheckWidgetAppearance"/>
  <testcase name="checkQ4WidNewAppearance" time="31.293" classname="specs.euroApi.ImageComparison.CheckWidgetAppearance"/>
  <testcase name="checkQ4WidNewAppearance" time="24.396" classname="specs.euroApi.ImageComparison.CheckWidgetAppearance"/>
  <testcase name="checkQ4WidNewAppearance" time="23.726" classname="specs.euroApi.ImageComparison.CheckWidgetAppearance"/>
  <testcase name="checkQ4WidNewAppearance" time="25.623" classname="specs.euroApi.ImageComparison.CheckWidgetAppearance"/>
  <testcase name="checkQ4WidNewAppearance" time="25.474" classname="specs.euroApi.ImageComparison.CheckWidgetAppearance"/>
  <testcase name="checkQ4WidNewAppearance" time="26.488" classname="specs.euroApi.ImageComparison.CheckWidgetAppearance"/>
  <testcase name="checkQ4WidNewAppearance" time="27.868" classname="specs.euroApi.ImageComparison.CheckWidgetAppearance"/>
  <testcase name="checkQ4WidNewAppearance" time="29.738" classname="specs.euroApi.ImageComparison.CheckWidgetAppearance"/>
  <testcase name="checkQ4WidNewAppearance" time="41.738" classname="specs.euroApi.ImageComparison.CheckWidgetAppearance"/>
  <testcase name="checkQ4WidNewAppearance" time="24.790" classname="specs.euroApi.ImageComparison.CheckWidgetAppearance"/>
  <testcase name="checkQ4WidNewAppearance" time="26.167" classname="specs.euroApi.ImageComparison.CheckWidgetAppearance"/>
  <testcase name="checkQ4WidNewAppearance" time="25.080" classname="specs.euroApi.ImageComparison.CheckWidgetAppearance"/>
  <testcase name="checkQ4WidNewAppearance" time="44.663" classname="specs.euroApi.ImageComparison.CheckWidgetAppearance"/>
  <testcase name="checkQ4WidNewAppearance" time="77.375" classname="specs.euroApi.ImageComparison.CheckWidgetAppearance"/>
  <testcase name="checkQ4WidNewAppearance" time="26.797" classname="specs.euroApi.ImageComparison.CheckWidgetAppearance"/>
  <testcase name="checkQ4WidNewAppearance" time="25.708" classname="specs.euroApi.ImageComparison.CheckWidgetAppearance"/>
  <testcase name="checkQ4WidNewAppearance" time="40.112" classname="specs.euroApi.ImageComparison.CheckWidgetAppearance"/>
  <testcase name="checkQ4WidNewAppearance" time="26.889" classname="specs.euroApi.ImageComparison.CheckWidgetAppearance"/>
  <testcase name="checkQ4WidNewAppearance" time="26.123" classname="specs.euroApi.ImageComparison.CheckWidgetAppearance"/>
  <testcase name="checkQ4WidNewAppearance" time="24.756" classname="specs.euroApi.ImageComparison.CheckWidgetAppearance"/>
  <testcase name="checkQ4WidNewAppearance" time="39.427" classname="specs.euroApi.ImageComparison.CheckWidgetAppearance"/>
  <testcase name="checkQ4WidNewAppearance" time="26.621" classname="specs.euroApi.ImageComparison.CheckWidgetAppearance"/>
  <testcase name="checkQ4WidNewAppearance" time="28.949" classname="specs.euroApi.ImageComparison.CheckWidgetAppearance"/>
  <testcase name="checkQ4WidNewAppearance" time="26.244" classname="specs.euroApi.ImageComparison.CheckWidgetAppearance"/>
  <testcase name="checkQ4WidNewAppearance" time="24.407" classname="specs.euroApi.ImageComparison.CheckWidgetAppearance"/>
  <testcase name="checkQ4WidNewAppearance" time="26.147" classname="specs.euroApi.ImageComparison.CheckWidgetAppearance"/>
  <testcase name="checkQ4WidNewAppearance" time="25.110" classname="specs.euroApi.ImageComparison.CheckWidgetAppearance"/>
  <testcase name="checkQ4WidNewAppearance" time="26.488" classname="specs.euroApi.ImageComparison.CheckWidgetAppearance"/>
  <testcase name="checkQ4WidNewAppearance" time="25.701" classname="specs.euroApi.ImageComparison.CheckWidgetAppearance"/>
  <testcase name="checkQ4WidNewAppearance" time="24.208" classname="specs.euroApi.ImageComparison.CheckWidgetAppearance"/>
  <testcase name="checkQ4WidNewAppearance" time="38.013" classname="specs.euroApi.ImageComparison.CheckWidgetAppearance"/>
  <testcase name="checkQ4WidNewAppearance" time="52.442" classname="specs.euroApi.ImageComparison.CheckWidgetAppearance"/>
  <testcase name="checkQ4WidNewAppearance" time="29.212" classname="specs.euroApi.ImageComparison.CheckWidgetAppearance"/>
  <testcase name="checkQ4WidNewAppearance" time="24.999" classname="specs.euroApi.ImageComparison.CheckWidgetAppearance"/>
  <testcase name="checkQ4WidNewAppearance" time="25.739" classname="specs.euroApi.ImageComparison.CheckWidgetAppearance"/>
  <testcase name="checkQ4WidNewAppearance" time="25.878" classname="specs.euroApi.ImageComparison.CheckWidgetAppearance"/>
  <testcase name="checkQ4WidNewAppearance" time="25.877" classname="specs.euroApi.ImageComparison.CheckWidgetAppearance"/>
  <testcase name="checkQ4WidNewAppearance" time="87.174" classname="specs.euroApi.ImageComparison.CheckWidgetAppearance"/>
  <testcase name="checkQ4WidNewAppearance" time="28.950" classname="specs.euroApi.ImageComparison.CheckWidgetAppearance"/>
  <testcase name="checkQ4WidNewAppearance" time="24.796" classname="specs.euroApi.ImageComparison.CheckWidgetAppearance"/>
  <testcase name="checkQ4WidNewAppearance" time="25.639" classname="specs.euroApi.ImageComparison.CheckWidgetAppearance"/>
  <testcase name="checkQ4WidNewAppearance" time="25.603" classname="specs.euroApi.ImageComparison.CheckWidgetAppearance"/>
  <testcase name="checkQ4WidNewAppearance" time="24.841" classname="specs.euroApi.ImageComparison.CheckWidgetAppearance"/>
  <testcase name="checkQ4WidNewAppearance" time="25.404" classname="specs.euroApi.ImageComparison.CheckWidgetAppearance"/>
  <testcase name="checkQ4WidNewAppearance" time="31.420" classname="specs.euroApi.ImageComparison.CheckWidgetAppearance"/>
  <testcase name="checkQ4WidNewAppearance" time="29.296" classname="specs.euroApi.ImageComparison.CheckWidgetAppearance"/>
  <testcase name="checkQ4WidNewAppearance" time="38.481" classname="specs.euroApi.ImageComparison.CheckWidgetAppearance"/>
  <testcase name="checkQ4WidNewAppearance" time="28.908" classname="specs.euroApi.ImageComparison.CheckWidgetAppearance"/>
  <testcase name="checkQ4WidNewAppearance" time="24.522" classname="specs.euroApi.ImageComparison.CheckWidgetAppearance"/>
  <testcase name="checkQ4WidNewAppearance" time="25.536" classname="specs.euroApi.ImageComparison.CheckWidgetAppearance"/>
  <testcase name="checkQ4WidNewAppearance" time="25.424" classname="specs.euroApi.ImageComparison.CheckWidgetAppearance"/>
  <testcase name="checkQ4WidNewAppearance" time="24.408" classname="specs.euroApi.ImageComparison.CheckWidgetAppearance"/>
  <testcase name="checkQ4WidNewAppearance" time="24.421" classname="specs.euroApi.ImageComparison.CheckWidgetAppearance"/>
  <testcase name="checkQ4WidNewAppearance" time="24.207" classname="specs.euroApi.ImageComparison.CheckWidgetAppearance"/>
  <testcase name="checkQ4WidNewAppearance" time="23.988" classname="specs.euroApi.ImageComparison.CheckWidgetAppearance"/>
  <testcase name="checkQ4WidNewAppearance" time="26.340" classname="specs.euroApi.ImageComparison.CheckWidgetAppearance"/>
  <testcase name="checkQ4WidNewAppearance" time="26.022" classname="specs.euroApi.ImageComparison.CheckWidgetAppearance"/>
  <testcase name="checkQ4WidNewAppearance" time="41.871" classname="specs.euroApi.ImageComparison.CheckWidgetAppearance"/>
  <testcase name="checkQ4WidNewAppearance" time="24.323" classname="specs.euroApi.ImageComparison.CheckWidgetAppearance"/>
  <testcase name="checkQ4WidNewAppearance" time="26.337" classname="specs.euroApi.ImageComparison.CheckWidgetAppearance"/>
  <testcase name="checkQ4WidNewAppearance" time="58.996" classname="specs.euroApi.ImageComparison.CheckWidgetAppearance"/>
  <testcase name="checkQ4WidNewAppearance" time="39.411" classname="specs.euroApi.ImageComparison.CheckWidgetAppearance"/>
  <testcase name="checkQ4WidNewAppearance" time="24.195" classname="specs.euroApi.ImageComparison.CheckWidgetAppearance"/>
  <testcase name="checkQ4WidNewAppearance" time="25.625" classname="specs.euroApi.ImageComparison.CheckWidgetAppearance"/>
  <testcase name="checkQ4WidNewAppearance" time="24.134" classname="specs.euroApi.ImageComparison.CheckWidgetAppearance"/>
  <testcase name="checkQ4WidNewAppearance" time="26.059" classname="specs.euroApi.ImageComparison.CheckWidgetAppearance"/>
  <testcase name="checkQ4WidNewAppearance" time="24.933" classname="specs.euroApi.ImageComparison.CheckWidgetAppearance"/>
  <testcase name="checkQ4WidNewAppearance" time="27.817" classname="specs.euroApi.ImageComparison.CheckWidgetAppearance"/>
  <testcase name="checkQ4WidNewAppearance" time="27.230" classname="specs.euroApi.ImageComparison.CheckWidgetAppearance"/>
  <testcase name="checkQ4WidNewAppearance" time="26.634" classname="specs.euroApi.ImageComparison.CheckWidgetAppearance"/>
  <testcase name="checkQ4WidNewAppearance" time="25.470" classname="specs.euroApi.ImageComparison.CheckWidgetAppearance"/>
  <testcase name="checkQ4WidNewAppearance" time="24.492" classname="specs.euroApi.ImageComparison.CheckWidgetAppearance"/>
  <testcase name="checkQ4WidNewAppearance" time="37.773" classname="specs.euroApi.ImageComparison.CheckWidgetAppearance"/>
  <testcase name="checkQ4WidNewAppearance" time="25.132" classname="specs.euroApi.ImageComparison.CheckWidgetAppearance"/>
  <testcase name="checkQ4WidNewAppearance" time="24.251" classname="specs.euroApi.ImageComparison.CheckWidgetAppearance"/>
  <testcase name="checkQ4WidNewAppearance" time="39.519" classname="specs.euroApi.ImageComparison.CheckWidgetAppearance"/>
  <testcase name="checkQ4WidNewAppearance" time="38.112" classname="specs.euroApi.ImageComparison.CheckWidgetAppearance"/>
  <testcase name="checkQ4WidNewAppearance" time="23.266" classname="specs.euroApi.ImageComparison.CheckWidgetAppearance"/>
  <testcase name="checkQ4WidNewAppearance" time="69.361" classname="specs.euroApi.ImageComparison.CheckWidgetAppearance"/>
  <testcase name="checkQ4WidNewAppearance" time="27.373" classname="specs.euroApi.ImageComparison.CheckWidgetAppearance"/>
  <testcase name="checkQ4WidNewAppearance" time="24.964" classname="specs.euroApi.ImageComparison.CheckWidgetAppearance"/>
  <testcase name="checkQ4WidNewAppearance" time="24.931" classname="specs.euroApi.ImageComparison.CheckWidgetAppearance"/>
  <testcase name="checkQ4WidNewAppearance" time="26.051" classname="specs.euroApi.ImageComparison.CheckWidgetAppearance"/>
  <testcase name="checkQ4WidNewAppearance" time="25.006" classname="specs.euroApi.ImageComparison.CheckWidgetAppearance"/>
  <testcase name="checkQ4WidNewAppearance" time="26.257" classname="specs.euroApi.ImageComparison.CheckWidgetAppearance"/>
  <testcase name="checkQ4WidNewAppearance" time="23.848" classname="specs.euroApi.ImageComparison.CheckWidgetAppearance"/>
  <testcase name="checkQ4WidNewAppearance" time="23.472" classname="specs.euroApi.ImageComparison.CheckWidgetAppearance"/>
  <testcase name="checkQ4WidNewAppearance" time="24.719" classname="specs.euroApi.ImageComparison.CheckWidgetAppearance"/>
  <testcase name="checkQ4WidNewAppearance" time="24.377" classname="specs.euroApi.ImageComparison.CheckWidgetAppearance"/>
  <testcase name="checkQ4WidNewAppearance" time="25.011" classname="specs.euroApi.ImageComparison.CheckWidgetAppearance"/>
  <testcase name="checkQ4WidNewAppearance" time="25.120" classname="specs.euroApi.ImageComparison.CheckWidgetAppearance"/>
  <testcase name="checkQ4WidNewAppearance" time="24.256" classname="specs.euroApi.ImageComparison.CheckWidgetAppearance"/>
  <testcase name="checkQ4WidNewAppearance" time="23.868" classname="specs.euroApi.ImageComparison.CheckWidgetAppearance"/>
  <testcase name="checkQ4WidNewAppearance" time="25.492" classname="specs.euroApi.ImageComparison.CheckWidgetAppearance"/>
  <testcase name="checkQ4WidNewAppearance" time="28.290" classname="specs.euroApi.ImageComparison.CheckWidgetAppearance"/>
  <testcase name="checkQ4WidNewAppearance" time="28.460" classname="specs.euroApi.ImageComparison.CheckWidgetAppearance"/>
  <testcase name="checkQ4WidNewAppearance" time="45.975" classname="specs.euroApi.ImageComparison.CheckWidgetAppearance"/>
  <testcase name="checkQ4WidNewAppearance" time="26.963" classname="specs.euroApi.ImageComparison.CheckWidgetAppearance"/>
  <testcase name="checkQ4WidNewAppearance" time="24.374" classname="specs.euroApi.ImageComparison.CheckWidgetAppearance"/>
  <testcase name="checkQ4WidNewAppearance" time="24.201" classname="specs.euroApi.ImageComparison.CheckWidgetAppearance"/>
  <testcase name="checkQ4WidNewAppearance" time="24.544" classname="specs.euroApi.ImageComparison.CheckWidgetAppearance"/>
  <testcase name="checkQ4WidNewAppearance" time="30.224" classname="specs.euroApi.ImageComparison.CheckWidgetAppearance"/>
  <testcase name="checkQ4WidNewAppearance" time="25.711" classname="specs.euroApi.ImageComparison.CheckWidgetAppearance"/>
  <testcase name="checkQ4WidNewAppearance" time="25.294" classname="specs.euroApi.ImageComparison.CheckWidgetAppearance"/>
  <testcase name="checkQ4WidNewAppearance" time="25.910" classname="specs.euroApi.ImageComparison.CheckWidgetAppearance"/>
  <testcase name="checkQ4WidNewAppearance" time="24.717" classname="specs.euroApi.ImageComparison.CheckWidgetAppearance"/>
  <testcase name="checkQ4WidNewAppearance" time="26.796" classname="specs.euroApi.ImageComparison.CheckWidgetAppearance"/>
  <testcase name="checkQ4WidNewAppearance" time="26.292" classname="specs.euroApi.ImageComparison.CheckWidgetAppearance"/>
  <testcase name="checkQ4WidNewAppearance" time="24.381" classname="specs.euroApi.ImageComparison.CheckWidgetAppearance"/>
  <testcase name="checkQ4WidNewAppearance" time="24.667" classname="specs.euroApi.ImageComparison.CheckWidgetAppearance"/>
  <testcase name="checkQ4WidNewAppearance" time="23.306" classname="specs.euroApi.ImageComparison.CheckWidgetAppearance"/>
  <testcase name="checkQ4WidNewAppearance" time="24.929" classname="specs.euroApi.ImageComparison.CheckWidgetAppearance"/>
  <testcase name="checkQ4WidNewAppearance" time="24.356" classname="specs.euroApi.ImageComparison.CheckWidgetAppearance"/>
  <testcase name="checkQ4WidNewAppearance" time="33.826" classname="specs.euroApi.ImageComparison.CheckWidgetAppearance"/>
  <testcase name="checkQ4WidNewAppearance" time="53.477" classname="specs.euroApi.ImageComparison.CheckWidgetAppearance"/>
  <testcase name="checkQ4WidNewAppearance" time="28.387" classname="specs.euroApi.ImageComparison.CheckWidgetAppearance"/>
  <testcase name="checkQ4WidNewAppearance" time="38.193" classname="specs.euroApi.ImageComparison.CheckWidgetAppearance"/>
  <testcase name="checkQ4WidNewAppearance" time="23.463" classname="specs.euroApi.ImageComparison.CheckWidgetAppearance"/>
  <testcase name="checkQ4WidNewAppearance" time="26.314" classname="specs.euroApi.ImageComparison.CheckWidgetAppearance"/>
  <testcase name="checkQ4WidNewAppearance" time="25.377" classname="specs.euroApi.ImageComparison.CheckWidgetAppearance"/>
  <testcase name="checkQ4WidNewAppearance" time="23.185" classname="specs.euroApi.ImageComparison.CheckWidgetAppearance"/>
  <testcase name="checkQ4WidNewAppearance" time="23.551" classname="specs.euroApi.ImageComparison.CheckWidgetAppearance"/>
  <testcase name="checkQ4WidNewAppearance" time="23.688" classname="specs.euroApi.ImageComparison.CheckWidgetAppearance"/>
  <testcase name="checkQ4WidNewAppearance" time="26.699" classname="specs.euroApi.ImageComparison.CheckWidgetAppearance"/>
  <testcase name="checkQ4WidNewAppearance" time="32.474" classname="specs.euroApi.ImageComparison.CheckWidgetAppearance"/>
  <testcase name="checkQ4WidNewAppearance" time="25.739" classname="specs.euroApi.ImageComparison.CheckWidgetAppearance"/>
  <testcase name="checkQ4WidNewAppearance" time="27.059" classname="specs.euroApi.ImageComparison.CheckWidgetAppearance"/>
  <testcase name="checkQ4WidNewAppearance" time="25.113" classname="specs.euroApi.ImageComparison.CheckWidgetAppearance"/>
  <testcase name="checkQ4WidNewAppearance" time="24.878" classname="specs.euroApi.ImageComparison.CheckWidgetAppearance"/>
  <testcase name="checkQ4WidNewAppearance" time="25.005" classname="specs.euroApi.ImageComparison.CheckWidgetAppearance"/>
  <testcase name="checkQ4WidNewAppearance" time="24.754" classname="specs.euroApi.ImageComparison.CheckWidgetAppearance"/>
  <testcase name="checkQ4WidNewAppearance" time="26.800" classname="specs.euroApi.ImageComparison.CheckWidgetAppearance"/>
  <testcase name="checkQ4WidNewAppearance" time="34.797" classname="specs.euroApi.ImageComparison.CheckWidgetAppearance"/>
  <testcase name="checkQ4WidNewAppearance" time="25.419" classname="specs.euroApi.ImageComparison.CheckWidgetAppearance"/>
  <testcase name="checkQ4WidNewAppearance" time="28.529" classname="specs.euroApi.ImageComparison.CheckWidgetAppearance"/>
  <testcase name="checkQ4WidNewAppearance" time="25.262" classname="specs.euroApi.ImageComparison.CheckWidgetAppearance"/>
  <testcase name="checkQ4WidNewAppearance" time="25.811" classname="specs.euroApi.ImageComparison.CheckWidgetAppearance"/>
  <testcase name="checkQ4WidNewAppearance" time="23.521" classname="specs.euroApi.ImageComparison.CheckWidgetAppearance"/>
  <testcase name="checkQ4WidNewAppearance" time="24.444" classname="specs.euroApi.ImageComparison.CheckWidgetAppearance"/>
  <testcase name="checkQ4WidNewAppearance" time="24.203" classname="specs.euroApi.ImageComparison.CheckWidgetAppearance"/>
  <testcase name="checkQ4WidNewAppearance" time="25.079" classname="specs.euroApi.ImageComparison.CheckWidgetAppearance"/>
  <testcase name="checkQ4WidNewAppearance" time="26.910" classname="specs.euroApi.ImageComparison.CheckWidgetAppearance"/>
  <testcase name="checkQ4WidNewAppearance" time="26.277" classname="specs.euroApi.ImageComparison.CheckWidgetAppearance"/>
  <testcase name="checkQ4WidNewAppearance" time="23.593" classname="specs.euroApi.ImageComparison.CheckWidgetAppearance"/>
  <testcase name="checkQ4WidNewAppearance" time="22.963" classname="specs.euroApi.ImageComparison.CheckWidgetAppearance"/>
  <testcase name="checkQ4WidNewAppearance" time="27.542" classname="specs.euroApi.ImageComparison.CheckWidgetAppearance"/>
  <testcase name="checkQ4WidNewAppearance" time="29.248" classname="specs.euroApi.ImageComparison.CheckWidgetAppearance"/>
  <testcase name="checkQ4WidNewAppearance" time="26.672" classname="specs.euroApi.ImageComparison.CheckWidgetAppearance"/>
  <testcase name="checkQ4WidNewAppearance" time="25.549" classname="specs.euroApi.ImageComparison.CheckWidgetAppearance"/>
[...]
  <testcase name="checkQ4WidNewAppearance" time="24.345" classname="specs.euroApi.ImageComparison.CheckWidgetAppearance"/>
  <testcase name="checkQ4WidNewAppearance" time="23.844" classname="specs.euroApi.ImageComparison.CheckWidgetAppearance"/>
  <testcase name="checkQ4WidNewAppearance" time="49.178" classname="specs.euroApi.ImageComparison.CheckWidgetAppearance"/>
  <testcase name="checkQ4WidNewAppearance" time="24.430" classname="specs.euroApi.ImageComparison.CheckWidgetAppearance"/>
  <testcase name="checkQ4WidNewAppearance" time="43.241" classname="specs.euroApi.ImageComparison.CheckWidgetAppearance"/>
  <testcase name="checkQ4WidNewAppearance" time="24.768" classname="specs.euroApi.ImageComparison.CheckWidgetAppearance"/>
  <testcase name="checkQ4WidNewAppearance" time="23.972" classname="specs.euroApi.ImageComparison.CheckWidgetAppearance"/>
  <testcase name="checkQ4WidNewAppearance" time="26.743" classname="specs.euroApi.ImageComparison.CheckWidgetAppearance"/>
  <testcase name="checkQ4WidNewAppearance" time="36.449" classname="specs.euroApi.ImageComparison.CheckWidgetAppearance"/>
  <testcase name="checkQ4WidNewAppearance" time="23.584" classname="specs.euroApi.ImageComparison.CheckWidgetAppearance"/>
  <testcase name="checkQ4WidNewAppearance" time="24.237" classname="specs.euroApi.ImageComparison.CheckWidgetAppearance"/>
  <testcase name="checkQ4WidNewAppearance" time="25.614" classname="specs.euroApi.ImageComparison.CheckWidgetAppearance"/>
  <testcase name="checkQ4WidNewAppearance" time="56.259" classname="specs.euroApi.ImageComparison.CheckWidgetAppearance"/>
  <testcase name="checkQ4WidNewAppearance" time="29.237" classname="specs.euroApi.ImageComparison.CheckWidgetAppearance"/>
  <testcase name="checkQ4WidNewAppearance" time="25.066" classname="specs.euroApi.ImageComparison.CheckWidgetAppearance"/>
  <testcase name="checkQ4WidNewAppearance" time="25.540" classname="specs.euroApi.ImageComparison.CheckWidgetAppearance"/>
  <testcase name="checkQ4WidNewAppearance" time="24.074" classname="specs.euroApi.ImageComparison.CheckWidgetAppearance"/>
  <testcase name="checkQ4WidNewAppearance" time="23.165" classname="specs.euroApi.ImageComparison.CheckWidgetAppearance"/>
  <testcase name="checkQ4WidNewAppearance" time="23.666" classname="specs.euroApi.ImageComparison.CheckWidgetAppearance"/>
  <testcase name="checkQ4WidNewAppearance" time="28.866" classname="specs.euroApi.ImageComparison.CheckWidgetAppearance"/>
  <testcase name="checkQ4WidNewAppearance" time="31.152" classname="specs.euroApi.ImageComparison.CheckWidgetAppearance"/>
  <testcase name="checkQ4WidNewAppearance" time="26.947" classname="specs.euroApi.ImageComparison.CheckWidgetAppearance"/>
  <testcase name="checkQ4WidNewAppearance" time="25.281" classname="specs.euroApi.ImageComparison.CheckWidgetAppearance"/>
  <testcase name="checkQ4WidNewAppearance" time="24.947" classname="specs.euroApi.ImageComparison.CheckWidgetAppearance"/>
  <testcase name="checkQ4WidNewAppearance" time="25.790" classname="specs.euroApi.ImageComparison.CheckWidgetAppearance"/>
  <testcase name="checkQ4WidNewAppearance" time="27.150" classname="specs.euroApi.ImageComparison.CheckWidgetAppearance"/>
  <testcase name="checkQ4WidNewAppearance" time="24.204" classname="specs.euroApi.ImageComparison.CheckWidgetAppearance"/>
  <testcase name="checkQ4WidNewAppearance" time="24.168" classname="specs.euroApi.ImageComparison.CheckWidgetAppearance"/>
  <testcase name="checkQ4WidNewAppearance" time="24.231" classname="specs.euroApi.ImageComparison.CheckWidgetAppearance"/>
  <testcase name="checkQ4WidNewAppearance" time="25.575" classname="specs.euroApi.ImageComparison.CheckWidgetAppearance"/>
  <testcase name="checkQ4WidNewAppearance" time="25.561" classname="specs.euroApi.ImageComparison.CheckWidgetAppearance"/>
  <testcase name="checkQ4WidNewAppearance" time="23.221" classname="specs.euroApi.ImageComparison.CheckWidgetAppearance"/>
  <testcase name="checkQ4WidNewAppearance" time="27.132" classname="specs.euroApi.ImageComparison.CheckWidgetAppearance"/>
  <testcase name="checkQ4WidNewAppearance" time="28.412" classname="specs.euroApi.ImageComparison.CheckWidgetAppearance"/>
  <testcase name="checkQ4WidNewAppearance" time="24.624" classname="specs.euroApi.ImageComparison.CheckWidgetAppearance"/>
  <testcase name="checkQ4WidNewAppearance" time="27.169" classname="specs.euroApi.ImageComparison.CheckWidgetAppearance"/>
  <testcase name="checkQ4WidNewAppearance" time="27.862" classname="specs.euroApi.ImageComparison.CheckWidgetAppearance"/>
  <testcase name="checkQ4WidNewAppearance" time="24.481" classname="specs.euroApi.ImageComparison.CheckWidgetAppearance"/>
  <testcase name="checkQ4WidNewAppearance" time="27.648" classname="specs.euroApi.ImageComparison.CheckWidgetAppearance"/>
  <testcase name="checkQ4WidNewAppearance" time="25.943" classname="specs.euroApi.ImageComparison.CheckWidgetAppearance"/>
  <testcase name="checkQ4WidNewAppearance" time="24.937" classname="specs.euroApi.ImageComparison.CheckWidgetAppearance"/>
  <testcase name="checkQ4WidNewAppearance" time="23.413" classname="specs.euroApi.ImageComparison.CheckWidgetAppearance"/>
  <testcase name="checkQ4WidNewAppearance" time="23.701" classname="specs.euroApi.ImageComparison.CheckWidgetAppearance"/>
  <testcase name="checkQ4WidNewAppearance" time="27.305" classname="specs.euroApi.ImageComparison.CheckWidgetAppearance"/>
  <testcase name="checkQ4WidNewAppearance" time="25.897" classname="specs.euroApi.ImageComparison.CheckWidgetAppearance"/>
  <testcase name="checkQ4WidNewAppearance" time="39.456" classname="specs.euroApi.ImageComparison.CheckWidgetAppearance"/>
  <testcase name="checkQ4WidNewAppearance" time="25.910" classname="specs.euroApi.ImageComparison.CheckWidgetAppearance"/>
  <testcase name="checkQ4WidNewAppearance" time="25.510" classname="specs.euroApi.ImageComparison.CheckWidgetAppearance"/>
  <testcase name="checkQ4WidNewAppearance" time="26.145" classname="specs.euroApi.ImageComparison.CheckWidgetAppearance"/>
  <testcase name="checkQ4WidNewAppearance" time="25.681" classname="specs.euroApi.ImageComparison.CheckWidgetAppearance"/>
  <testcase name="checkQ4WidNewAppearance" time="25.987" classname="specs.euroApi.ImageComparison.CheckWidgetAppearance"/>
  <testcase name="checkQ4WidNewAppearance" time="90.002" classname="specs.euroApi.ImageComparison.CheckWidgetAppearance"/>
  <testcase name="checkQ4WidNewAppearance" time="31.129" classname="specs.euroApi.ImageComparison.CheckWidgetAppearance"/>
  <testcase name="checkQ4WidNewAppearance" time="25.182" classname="specs.euroApi.ImageComparison.CheckWidgetAppearance"/>
  <testcase name="checkQ4WidNewAppearance" time="24.399" classname="specs.euroApi.ImageComparison.CheckWidgetAppearance"/>
  <testcase name="checkQ4WidNewAppearance" time="25.126" classname="specs.euroApi.ImageComparison.CheckWidgetAppearance"/>
  <testcase name="checkQ4WidNewAppearance" time="26.822" classname="specs.euroApi.ImageComparison.CheckWidgetAppearance"/>
  <testcase name="checkQ4WidNewAppearance" time="25.381" classname="specs.euroApi.ImageComparison.CheckWidgetAppearance"/>
  <testcase name="checkQ4WidNewAppearance" time="25.946" classname="specs.euroApi.ImageComparison.CheckWidgetAppearance"/>
  <testcase name="checkQ4WidNewAppearance" time="38.878" classname="specs.euroApi.ImageComparison.CheckWidgetAppearance"/>
  <testcase name="checkQ4WidNewAppearance" time="26.686" classname="specs.euroApi.ImageComparison.CheckWidgetAppearance"/>
  <testcase name="checkQ4WidNewAppearance" time="29.101" classname="specs.euroApi.ImageComparison.CheckWidgetAppearance"/>
  <testcase name="checkQ4WidNewAppearance" time="28.734" classname="specs.euroApi.ImageComparison.CheckWidgetAppearance"/>
  <testcase name="checkQ4WidNewAppearance" time="25.656" classname="specs.euroApi.ImageComparison.CheckWidgetAppearance"/>
  <testcase name="checkQ4WidNewAppearance" time="26.520" classname="specs.euroApi.ImageComparison.CheckWidgetAppearance"/>
  <testcase name="checkQ4WidNewAppearance" time="39.750" classname="specs.euroApi.ImageComparison.CheckWidgetAppearance"/>
  <testcase name="checkQ4WidNewAppearance" time="27.339" classname="specs.euroApi.ImageComparison.CheckWidgetAppearance"/>
  <testcase name="checkQ4WidNewAppearance" time="24.259" classname="specs.euroApi.ImageComparison.CheckWidgetAppearance"/>
  <testcase name="checkQ4WidNewAppearance" time="23.342" classname="specs.euroApi.ImageComparison.CheckWidgetAppearance"/>
  <testcase name="checkQ4WidNewAppearance" time="24.812" classname="specs.euroApi.ImageComparison.CheckWidgetAppearance"/>
  <testcase name="checkQ4WidNewAppearance" time="35.824" classname="specs.euroApi.ImageComparison.CheckWidgetAppearance"/>
  <testcase name="checkQ4WidNewAppearance" time="23.695" classname="specs.euroApi.ImageComparison.CheckWidgetAppearance"/>
  <testcase name="checkQ4WidNewAppearance" time="26.640" classname="specs.euroApi.ImageComparison.CheckWidgetAppearance"/>
  <testcase name="checkQ4WidNewAppearance" time="27.714" classname="specs.euroApi.ImageComparison.CheckWidgetAppearance"/>
  <testcase name="checkQ4WidNewAppearance" time="24.947" classname="specs.euroApi.ImageComparison.CheckWidgetAppearance"/>
  <testcase name="checkQ4WidNewAppearance" time="26.416" classname="specs.euroApi.ImageComparison.CheckWidgetAppearance"/>
  <testcase name="checkQ4WidNewAppearance" time="26.093" classname="specs.euroApi.ImageComparison.CheckWidgetAppearance"/>
  <testcase name="checkQ4WidNewAppearance" time="24.060" classname="specs.euroApi.ImageComparison.CheckWidgetAppearance"/>
  <testcase name="checkQ4WidNewAppearance" time="25.809" classname="specs.euroApi.ImageComparison.CheckWidgetAppearance"/>
  <testcase name="checkQ4WidNewAppearance" time="27.462" classname="specs.euroApi.ImageComparison.CheckWidgetAppearance"/>
  <testcase name="checkQ4WidNewAppearance" time="53.439" classname="specs.euroApi.ImageComparison.CheckWidgetAppearance"/>
  <testcase name="checkQ4WidNewAppearance" time="33.781" classname="specs.euroApi.ImageComparison.CheckWidgetAppearance"/>
  <testcase name="checkQ4WidNewAppearance" time="24.271" classname="specs.euroApi.ImageComparison.CheckWidgetAppearance"/>
  <testcase name="checkQ4WidNewAppearance" time="83.543" classname="specs.euroApi.ImageComparison.CheckWidgetAppearance"/>
  <testcase name="checkQ4WidNewAppearance" time="24.941" classname="specs.euroApi.ImageComparison.CheckWidgetAppearance"/>
  <testcase name="checkQ4WidNewAppearance" time="28.543" classname="specs.euroApi.ImageComparison.CheckWidgetAppearance"/>
  <testcase name="checkQ4WidNewAppearance" time="24.010" classname="specs.euroApi.ImageComparison.CheckWidgetAppearance"/>
  <testcase name="checkQ4WidNewAppearance" time="13.594" classname="specs.euroApi.ImageComparison.CheckWidgetAppearance"/>
  <testcase name="checkQ4WidNewAppearance" time="32.881" classname="specs.euroApi.ImageComparison.CheckWidgetAppearance"/>
  <testcase name="checkQ4WidNewAppearance" time="25.304" classname="specs.euroApi.ImageComparison.CheckWidgetAppearance"/>
  <testcase name="checkQ4WidNewAppearance" time="24.762" classname="specs.euroApi.ImageComparison.CheckWidgetAppearance"/>
  <testcase name="checkQ4WidNewAppearance" time="26.209" classname="specs.euroApi.ImageComparison.CheckWidgetAppearance"/>
  <testcase name="checkQ4WidNewAppearance" time="29.473" classname="specs.euroApi.ImageComparison.CheckWidgetAppearance"/>
  <testcase name="checkQ4WidNewAppearance" time="26.450" classname="specs.euroApi.ImageComparison.CheckWidgetAppearance"/>
  <testcase name="checkQ4WidNewAppearance" time="24.795" classname="specs.euroApi.ImageComparison.CheckWidgetAppearance"/>
  <testcase name="checkQ4WidNewAppearance" time="25.989" classname="specs.euroApi.ImageComparison.CheckWidgetAppearance"/>
  <testcase name="checkQ4WidNewAppearance" time="28.222" classname="specs.euroApi.ImageComparison.CheckWidgetAppearance"/>
  <testcase name="checkQ4WidNewAppearance" time="23.199" classname="specs.euroApi.ImageComparison.CheckWidgetAppearance"/>
  <testcase name="checkQ4WidNewAppearance" time="26.031" classname="specs.euroApi.ImageComparison.CheckWidgetAppearance"/>
  <testcase name="checkQ4WidNewAppearance" time="27.572" classname="specs.euroApi.ImageComparison.CheckWidgetAppearance"/>
  <testcase name="checkQ4WidNewAppearance" time="27.845" classname="specs.euroApi.ImageComparison.CheckWidgetAppearance"/>
  <testcase name="checkQ4WidNewAppearance" time="29.915" classname="specs.euroApi.ImageComparison.CheckWidgetAppearance"/>
  <testcase name="checkQ4WidNewAppearance" time="25.598" classname="specs.euroApi.ImageComparison.CheckWidgetAppearance"/>
  <testcase name="checkQ4WidNewAppearance" time="24.416" classname="specs.euroApi.ImageComparison.CheckWidgetAppearance"/>
  <testcase name="checkQ4WidNewAppearance" time="25.349" classname="specs.euroApi.ImageComparison.CheckWidgetAppearance"/>
  <testcase name="checkQ4WidNewAppearance" time="25.570" classname="specs.euroApi.ImageComparison.CheckWidgetAppearance"/>
  <testcase name="checkQ4WidNewAppearance" time="58.820" classname="specs.euroApi.ImageComparison.CheckWidgetAppearance"/>
  <testcase name="checkQ4WidNewAppearance" time="25.863" classname="specs.euroApi.ImageComparison.CheckWidgetAppearance"/>
  <testcase name="checkQ4WidNewAppearance" time="24.217" classname="specs.euroApi.ImageComparison.CheckWidgetAppearance"/>
  <testcase name="checkQ4WidNewAppearance" time="24.092" classname="specs.euroApi.ImageComparison.CheckWidgetAppearance"/>
  <testcase name="checkQ4WidNewAppearance" time="23.145" classname="specs.euroApi.ImageComparison.CheckWidgetAppearance"/>
  <testcase name="checkQ4WidNewAppearance" time="32.493" classname="specs.euroApi.ImageComparison.CheckWidgetAppearance"/>
  <testcase name="checkQ4WidNewAppearance" time="27.107" classname="specs.euroApi.ImageComparison.CheckWidgetAppearance"/>
  <testcase name="checkQ4WidNewAppearance" time="31.400" classname="specs.euroApi.ImageComparison.CheckWidgetAppearance"/>
  <testcase name="checkQ4WidNewAppearance" time="37.391" classname="specs.euroApi.ImageComparison.CheckWidgetAppearance"/>
  <testcase name="checkQ4WidNewAppearance" time="26.987" classname="specs.euroApi.ImageComparison.CheckWidgetAppearance"/>
  <testcase name="checkQ4WidNewAppearance" time="25.408" classname="specs.euroApi.ImageComparison.CheckWidgetAppearance"/>
  <testcase name="checkQ4WidNewAppearance" time="26.059" classname="specs.euroApi.ImageComparison.CheckWidgetAppearance"/>
  <testcase name="checkQ4WidNewAppearance" time="25.339" classname="specs.euroApi.ImageComparison.CheckWidgetAppearance"/>
  <testcase name="checkQ4WidNewAppearance" time="27.986" classname="specs.euroApi.ImageComparison.CheckWidgetAppearance"/>
  <testcase name="checkQ4WidNewAppearance" time="32.678" classname="specs.euroApi.ImageComparison.CheckWidgetAppearance"/>
  <testcase name="checkQ4WidNewAppearance" time="23.906" classname="specs.euroApi.ImageComparison.CheckWidgetAppearance"/>
  <testcase name="checkQ4WidNewAppearance" time="24.098" classname="specs.euroApi.ImageComparison.CheckWidgetAppearance"/>
  <testcase name="checkQ4WidNewAppearance" time="25.216" classname="specs.euroApi.ImageComparison.CheckWidgetAppearance"/>
  <testcase name="checkQ4WidNewAppearance" time="29.958" classname="specs.euroApi.ImageComparison.CheckWidgetAppearance"/>
  <testcase name="checkQ4WidNewAppearance" time="27.431" classname="specs.euroApi.ImageComparison.CheckWidgetAppearance"/>
  <testcase name="checkQ4WidNewAppearance" time="27.036" classname="specs.euroApi.ImageComparison.CheckWidgetAppearance"/>
  <testcase name="checkQ4WidNewAppearance" time="24.691" classname="specs.euroApi.ImageComparison.CheckWidgetAppearance"/>
  <testcase name="checkQ4WidNewAppearance" time="26.477" classname="specs.euroApi.ImageComparison.CheckWidgetAppearance"/>
  <testcase name="checkQ4WidNewAppearance" time="23.866" classname="specs.euroApi.ImageComparison.CheckWidgetAppearance"/>
  <testcase name="checkQ4WidNewAppearance" time="23.390" classname="specs.euroApi.ImageComparison.CheckWidgetAppearance"/>
  <testcase name="checkQ4WidNewAppearance" time="23.809" classname="specs.euroApi.ImageComparison.CheckWidgetAppearance"/>
  <testcase name="checkQ4WidNewAppearance" time="25.097" classname="specs.euroApi.ImageComparison.CheckWidgetAppearance"/>
  <testcase name="checkQ4WidNewAppearance" time="25.977" classname="specs.euroApi.ImageComparison.CheckWidgetAppearance"/>
  <testcase name="checkQ4WidNewAppearance" time="25.836" classname="specs.euroApi.ImageComparison.CheckWidgetAppearance"/>
  <testcase name="checkQ4WidNewAppearance" time="23.255" classname="specs.euroApi.ImageComparison.CheckWidgetAppearance"/>
  <testcase name="checkQ4WidNewAppearance" time="24.995" classname="specs.euroApi.ImageComparison.CheckWidgetAppearance"/>
  <testcase name="checkQ4WidNewAppearance" time="26.519" classname="specs.euroApi.ImageComparison.CheckWidgetAppearance"/>
  <testcase name="checkQ4WidNewAppearance" time="24.332" classname="specs.euroApi.ImageComparison.CheckWidgetAppearance"/>
  <testcase name="checkQ4WidNewAppearance" time="23.592" classname="specs.euroApi.ImageComparison.CheckWidgetAppearance"/>
  <testcase name="checkQ4WidNewAppearance" time="24.623" classname="specs.euroApi.ImageComparison.CheckWidgetAppearance"/>
  <testcase name="checkQ4WidNewAppearance" time="24.114" classname="specs.euroApi.ImageComparison.CheckWidgetAppearance"/>
  <testcase name="checkQ4WidNewAppearance" time="26.137" classname="specs.euroApi.ImageComparison.CheckWidgetAppearance"/>
  <testcase name="checkQ4WidNewAppearance" time="27.380" classname="specs.euroApi.ImageComparison.CheckWidgetAppearance"/>
  <testcase name="checkQ4WidNewAppearance" time="26.270" classname="specs.euroApi.ImageComparison.CheckWidgetAppearance"/>
  <testcase name="checkQ4WidNewAppearance" time="26.383" classname="specs.euroApi.ImageComparison.CheckWidgetAppearance"/>
  <testcase name="checkQ4WidNewAppearance" time="24.717" classname="specs.euroApi.ImageComparison.CheckWidgetAppearance"/>
  <testcase name="checkQ4WidNewAppearance" time="24.171" classname="specs.euroApi.ImageComparison.CheckWidgetAppearance"/>
  <testcase name="checkQ4WidNewAppearance" time="24.673" classname="specs.euroApi.ImageComparison.CheckWidgetAppearance"/>
  <testcase name="checkQ4WidNewAppearance" time="28.984" classname="specs.euroApi.ImageComparison.CheckWidgetAppearance"/>
  <testcase name="checkQ4WidNewAppearance" time="25.344" classname="specs.euroApi.ImageComparison.CheckWidgetAppearance"/>
  <testcase name="checkQ4WidNewAppearance" time="26.886" classname="specs.euroApi.ImageComparison.CheckWidgetAppearance"/>
  <testcase name="checkQ4WidNewAppearance" time="25.259" classname="specs.euroApi.ImageComparison.CheckWidgetAppearance"/>
  <testcase name="checkQ4WidNewAppearance" time="24.398" classname="specs.euroApi.ImageComparison.CheckWidgetAppearance"/>
  <testcase name="checkQ4WidNewAppearance" time="31.299" classname="specs.euroApi.ImageComparison.CheckWidgetAppearance"/>
  <testcase name="checkQ4WidNewAppearance" time="25.308" classname="specs.euroApi.ImageComparison.CheckWidgetAppearance"/>
  <testcase name="checkQ4WidNewAppearance" time="25.894" classname="specs.euroApi.ImageComparison.CheckWidgetAppearance"/>
  <testcase name="checkQ4WidNewAppearance" time="42.986" classname="specs.euroApi.ImageComparison.CheckWidgetAppearance"/>
  <testcase name="checkQ4WidNewAppearance" time="23.830" classname="specs.euroApi.ImageComparison.CheckWidgetAppearance"/>
  <testcase name="checkQ4WidNewAppearance" time="38.099" classname="specs.euroApi.ImageComparison.CheckWidgetAppearance"/>
  <testcase name="checkQ4WidNewAppearance" time="24.890" classname="specs.euroApi.ImageComparison.CheckWidgetAppearance"/>
</testsuite> <!-- specs.euroApi.ImageComparison.CheckWidgetAppearance -->
